#
# There is insufficient memory for the Java Runtime Environment to continue.
# Native memory allocation (malloc) failed to allocate 142606336 bytes for committing reserved memory.
# Possible reasons:
#   The system is out of physical RAM or swap space
#   In 32 bit mode, the process size limit was hit
# Possible solutions:
#   Reduce memory load on the system
#   Increase physical memory or swap space
#   Check if swap backing store is full
#   Use 64 bit Java on a 64 bit OS
#   Decrease Java heap size (-Xmx/-Xms)
#   Decrease number of Java threads
#   Decrease Java thread stack sizes (-Xss)
#   Set larger code cache with -XX:ReservedCodeCacheSize=
# This output file may be truncated or incomplete.
#
#  Out of Memory Error (os_linux.cpp:2756), pid=6042, tid=1813728064
#
# JRE version: Java(TM) SE Runtime Environment (7.0_80-b15) (build 1.7.0_80-b15)
# Java VM: Java HotSpot(TM) Server VM (24.80-b11 mixed mode linux-x86 )
# Failed to write core dump. Core dumps have been disabled. To enable core dumping, try "ulimit -c unlimited" before starting Java again
#

---------------  T H R E A D  ---------------

Current thread (0x6c080800):  VMThread [stack: 0x6c134000,0x6c1b5000] [id=6067]

Stack: [0x6c134000,0x6c1b5000],  sp=0x6c1b37b0,  free space=509k
Native frames: (J=compiled Java code, j=interpreted, Vv=VM code, C=native code)
V  [libjvm.so+0x7ea656]  VMError::report_and_die()+0x1a6
V  [libjvm.so+0x33eb82]  report_vm_out_of_memory(char const*, int, unsigned int, char const*)+0x72
V  [libjvm.so+0x687fb1]  os::Linux::commit_memory_impl(char*, unsigned int, bool)+0xe1
V  [libjvm.so+0x688478]  os::pd_commit_memory(char*, unsigned int, unsigned int, bool)+0x28
V  [libjvm.so+0x681b2c]  os::commit_memory(char*, unsigned int, unsigned int, bool)+0x2c
V  [libjvm.so+0x6ea8d8]  PSVirtualSpace::expand_by(unsigned int)+0x48
V  [libjvm.so+0x6eb9da]  PSYoungGen::resize_generation(unsigned int, unsigned int)+0xda
V  [libjvm.so+0x6ead19]  PSYoungGen::resize(unsigned int, unsigned int)+0x19
V  [libjvm.so+0x6e8649]  PSScavenge::invoke_no_policy()+0xcf9
V  [libjvm.so+0x6e8ea8]  PSScavenge::invoke()+0x28
V  [libjvm.so+0x6a851a]  ParallelScavengeHeap::failed_mem_allocate(unsigned int)+0x5a
V  [libjvm.so+0x7ebeea]  VM_ParallelGCFailedAllocation::doit()+0x7a
V  [libjvm.so+0x7f4d07]  VM_Operation::evaluate()+0x47
V  [libjvm.so+0x7f2da3]  VMThread::evaluate_operation(VM_Operation*)+0xb3
V  [libjvm.so+0x7f3140]  VMThread::loop()+0x1b0
V  [libjvm.so+0x7f35a5]  VMThread::run()+0x85
V  [libjvm.so+0x68a249]  java_start(Thread*)+0x119
C  [libpthread.so.0+0x6d4c]  start_thread+0xcc

VM_Operation (0xb67fa7d4): ParallelGCFailedAllocation, mode: safepoint, requested by thread 0xb6607800


---------------  P R O C E S S  ---------------

Java Threads: ( => current thread )
  0x6b84a800 JavaThread "pool-1-thread-4" [_thread_blocked, id=6110, stack(0x6b70d000,0x6b75e000)]
  0x6b849000 JavaThread "pool-1-thread-3" [_thread_blocked, id=6108, stack(0x6b75e000,0x6b7af000)]
  0x6b848000 JavaThread "pool-1-thread-2" [_thread_blocked, id=6105, stack(0x6b7af000,0x6b800000)]
  0x6b83cc00 JavaThread "pool-2-thread-1" [_thread_blocked, id=6104, stack(0x6b939000,0x6b98a000)]
  0x6b83b800 JavaThread "pool-1-thread-1" [_thread_blocked, id=6102, stack(0x6b98a000,0x6b9db000)]
  0x6c0a2c00 JavaThread "Service Thread" daemon [_thread_blocked, id=6094, stack(0x6ba5c000,0x6baad000)]
  0x6c0a1000 JavaThread "C2 CompilerThread1" daemon [_thread_blocked, id=6092, stack(0x6baad000,0x6bb2e000)]
  0x6c09ec00 JavaThread "C2 CompilerThread0" daemon [_thread_blocked, id=6090, stack(0x6bb2e000,0x6bbaf000)]
  0x6c09d400 JavaThread "Signal Dispatcher" daemon [_thread_blocked, id=6088, stack(0x6bbaf000,0x6bc00000)]
  0x6c084800 JavaThread "Finalizer" daemon [_thread_blocked, id=6074, stack(0x6eb2e000,0x6eb7f000)]
  0x6c083000 JavaThread "Reference Handler" daemon [_thread_blocked, id=6072, stack(0x6ed2e000,0x6ed7f000)]
  0xb6607800 JavaThread "main" [_thread_blocked, id=6047, stack(0xb67ab000,0xb67fc000)]

Other Threads:
=>0x6c080800 VMThread [stack: 0x6c134000,0x6c1b5000] [id=6067]
  0x6c0a4800 WatcherThread [stack: 0x6b9db000,0x6ba5c000] [id=6097]

VM state:at safepoint (normal execution)

VM Mutex/Monitor currently owned by a thread:  ([mutex/lock_event])
[0xb6605090] Threads_lock - owner thread: 0x6c080800
[0xb66054a0] Heap_lock - owner thread: 0xb6607800

Heap
 PSYoungGen      total 135680K, used 15100K [0x9dfc0000, 0xa7540000, 0xb3540000)
  eden space 120576K, 0% used [0x9dfc0000,0x9dfc0000,0xa5580000)
  from space 15104K, 99% used [0xa5580000,0xa643f288,0xa6440000)
  to   space 12800K, 0% used [0xa6440000,0xa6440000,0xa70c0000)
 ParOldGen       total 40704K, used 39013K [0x73540000, 0x75d00000, 0x9dfc0000)
  object space 40704K, 95% used [0x73540000,0x75b59468,0x75d00000)
 PSPermGen       total 16384K, used 3946K [0x6f540000, 0x70540000, 0x73540000)
  object space 16384K, 24% used [0x6f540000,0x6f91ab98,0x70540000)

Card table byte_map: [0x6f31f000,0x6f540000] byte_map_base: 0x6efa4600

Polling page: 0xb7725000

Code Cache  [0xb3600000, 0xb3840000, 0xb6600000)
 total_blobs=507 nmethods=385 adapters=76 free_code_cache=47666Kb largest_free_block=48698432

Compilation events (10 events):
Event: 23.363 Thread 0x6c0a1000 nmethod 400 0xb36ade88 code [0xb36adfc0, 0xb36ae250]
Event: 23.363 Thread 0x6c0a1000  401             com.android.dx.rop.type.StdTypeList::get (9 bytes)
Event: 23.364 Thread 0x6c0a1000 nmethod 401 0xb36adbc8 code [0xb36adcc0, 0xb36add70]
Event: 23.364 Thread 0x6c0a1000  402             com.android.dx.ssa.SsaBasicBlock::getPrimarySuccessorIndex (5 bytes)
Event: 23.365 Thread 0x6c0a1000 nmethod 402 0xb3665f48 code [0xb3666020, 0xb3666070]
Event: 23.365 Thread 0x6c0a1000  403             com.android.dx.ssa.SsaMethod::makeExitBlock (134 bytes)
Event: 23.439 Thread 0x6c0a1000 nmethod 403 0xb3761208 code [0xb3761420, 0xb37625c4]
Event: 23.439 Thread 0x6c0a1000  404             com.android.dx.ssa.back.SsaToRop::convertBasicBlocks (151 bytes)
Event: 23.557 Thread 0x6c09ec00 nmethod 396 0xb3680e88 code [0xb3680fe0, 0xb3681650]
Event: 23.559 Thread 0x6c09ec00  405             com.android.dx.ssa.SsaMethod::getCountReachableBlocks (44 bytes)

GC Heap History (10 events):
Event: 4.142 GC heap after
Heap after GC invocations=2 (full 0):
 PSYoungGen      total 33280K, used 2549K [0x9dfc0000, 0xa02c0000, 0xb3540000)
  eden space 30720K, 0% used [0x9dfc0000,0x9dfc0000,0x9fdc0000)
  from space 2560K, 99% used [0xa0040000,0xa02bd5a8,0xa02c0000)
  to   space 2560K, 0% used [0x9fdc0000,0x9fdc0000,0xa0040000)
 ParOldGen       total 40704K, used 3460K [0x73540000, 0x75d00000, 0x9dfc0000)
  object space 40704K, 8% used [0x73540000,0x738a11b8,0x75d00000)
 PSPermGen       total 16384K, used 3786K [0x6f540000, 0x70540000, 0x73540000)
  object space 16384K, 23% used [0x6f540000,0x6f8f2850,0x70540000)
}
Event: 6.972 GC heap before
{Heap before GC invocations=3 (full 0):
 PSYoungGen      total 33280K, used 33269K [0x9dfc0000, 0xa02c0000, 0xb3540000)
  eden space 30720K, 100% used [0x9dfc0000,0x9fdc0000,0x9fdc0000)
  from space 2560K, 99% used [0xa0040000,0xa02bd5a8,0xa02c0000)
  to   space 2560K, 0% used [0x9fdc0000,0x9fdc0000,0xa0040000)
 ParOldGen       total 40704K, used 3460K [0x73540000, 0x75d00000, 0x9dfc0000)
  object space 40704K, 8% used [0x73540000,0x738a11b8,0x75d00000)
 PSPermGen       total 16384K, used 3837K [0x6f540000, 0x70540000, 0x73540000)
  object space 16384K, 23% used [0x6f540000,0x6f8ff668,0x70540000)
Event: 7.022 GC heap after
Heap after GC invocations=3 (full 0):
 PSYoungGen      total 33280K, used 2558K [0x9dfc0000, 0xa20c0000, 0xb3540000)
  eden space 30720K, 0% used [0x9dfc0000,0x9dfc0000,0x9fdc0000)
  from space 2560K, 99% used [0x9fdc0000,0xa003fba8,0xa0040000)
  to   space 2560K, 0% used [0xa1e40000,0xa1e40000,0xa20c0000)
 ParOldGen       total 40704K, used 8100K [0x73540000, 0x75d00000, 0x9dfc0000)
  object space 40704K, 19% used [0x73540000,0x73d29320,0x75d00000)
 PSPermGen       total 16384K, used 3837K [0x6f540000, 0x70540000, 0x73540000)
  object space 16384K, 23% used [0x6f540000,0x6f8ff668,0x70540000)
}
Event: 9.124 GC heap before
{Heap before GC invocations=4 (full 0):
 PSYoungGen      total 33280K, used 33278K [0x9dfc0000, 0xa20c0000, 0xb3540000)
  eden space 30720K, 100% used [0x9dfc0000,0x9fdc0000,0x9fdc0000)
  from space 2560K, 99% used [0x9fdc0000,0xa003fba8,0xa0040000)
  to   space 2560K, 0% used [0xa1e40000,0xa1e40000,0xa20c0000)
 ParOldGen       total 40704K, used 8100K [0x73540000, 0x75d00000, 0x9dfc0000)
  object space 40704K, 19% used [0x73540000,0x73d29320,0x75d00000)
 PSPermGen       total 16384K, used 3857K [0x6f540000, 0x70540000, 0x73540000)
  object space 16384K, 23% used [0x6f540000,0x6f9046d8,0x70540000)
Event: 9.182 GC heap after
Heap after GC invocations=4 (full 0):
 PSYoungGen      total 64000K, used 2557K [0x9dfc0000, 0xa20c0000, 0xb3540000)
  eden space 61440K, 0% used [0x9dfc0000,0x9dfc0000,0xa1bc0000)
  from space 2560K, 99% used [0xa1e40000,0xa20bf770,0xa20c0000)
  to   space 2560K, 0% used [0xa1bc0000,0xa1bc0000,0xa1e40000)
 ParOldGen       total 40704K, used 13404K [0x73540000, 0x75d00000, 0x9dfc0000)
  object space 40704K, 32% used [0x73540000,0x74257240,0x75d00000)
 PSPermGen       total 16384K, used 3857K [0x6f540000, 0x70540000, 0x73540000)
  object space 16384K, 23% used [0x6f540000,0x6f9046d8,0x70540000)
}
Event: 12.926 GC heap before
{Heap before GC invocations=5 (full 0):
 PSYoungGen      total 64000K, used 63997K [0x9dfc0000, 0xa20c0000, 0xb3540000)
  eden space 61440K, 100% used [0x9dfc0000,0xa1bc0000,0xa1bc0000)
  from space 2560K, 99% used [0xa1e40000,0xa20bf770,0xa20c0000)
  to   space 2560K, 0% used [0xa1bc0000,0xa1bc0000,0xa1e40000)
 ParOldGen       total 40704K, used 13404K [0x73540000, 0x75d00000, 0x9dfc0000)
  object space 40704K, 32% used [0x73540000,0x74257240,0x75d00000)
 PSPermGen       total 16384K, used 3888K [0x6f540000, 0x70540000, 0x73540000)
  object space 16384K, 23% used [0x6f540000,0x6f90c1e8,0x70540000)
Event: 13.042 GC heap after
Heap after GC invocations=5 (full 0):
 PSYoungGen      total 64000K, used 2545K [0x9dfc0000, 0xa70c0000, 0xb3540000)
  eden space 61440K, 0% used [0x9dfc0000,0x9dfc0000,0xa1bc0000)
  from space 2560K, 99% used [0xa1bc0000,0xa1e3c6d8,0xa1e40000)
  to   space 12800K, 0% used [0xa6440000,0xa6440000,0xa70c0000)
 ParOldGen       total 40704K, used 23057K [0x73540000, 0x75d00000, 0x9dfc0000)
  object space 40704K, 56% used [0x73540000,0x74bc45c0,0x75d00000)
 PSPermGen       total 16384K, used 3888K [0x6f540000, 0x70540000, 0x73540000)
  object space 16384K, 23% used [0x6f540000,0x6f90c1e8,0x70540000)
}
Event: 20.618 GC heap before
{Heap before GC invocations=6 (full 0):
 PSYoungGen      total 64000K, used 63985K [0x9dfc0000, 0xa70c0000, 0xb3540000)
  eden space 61440K, 100% used [0x9dfc0000,0xa1bc0000,0xa1bc0000)
  from space 2560K, 99% used [0xa1bc0000,0xa1e3c6d8,0xa1e40000)
  to   space 12800K, 0% used [0xa6440000,0xa6440000,0xa70c0000)
 ParOldGen       total 40704K, used 23057K [0x73540000, 0x75d00000, 0x9dfc0000)
  object space 40704K, 56% used [0x73540000,0x74bc45c0,0x75d00000)
 PSPermGen       total 16384K, used 3906K [0x6f540000, 0x70540000, 0x73540000)
  object space 16384K, 23% used [0x6f540000,0x6f910a00,0x70540000)
Event: 20.698 GC heap after
Heap after GC invocations=6 (full 0):
 PSYoungGen      total 133376K, used 12537K [0x9dfc0000, 0xa7540000, 0xb3540000)
  eden space 120576K, 0% used [0x9dfc0000,0x9dfc0000,0xa5580000)
  from space 12800K, 97% used [0xa6440000,0xa707e4e8,0xa70c0000)
  to   space 15104K, 0% used [0xa5580000,0xa5580000,0xa6440000)
 ParOldGen       total 40704K, used 23057K [0x73540000, 0x75d00000, 0x9dfc0000)
  object space 40704K, 56% used [0x73540000,0x74bc45c0,0x75d00000)
 PSPermGen       total 16384K, used 3906K [0x6f540000, 0x70540000, 0x73540000)
  object space 16384K, 23% used [0x6f540000,0x6f910a00,0x70540000)
}
Event: 23.573 GC heap before
{Heap before GC invocations=7 (full 0):
 PSYoungGen      total 133376K, used 133113K [0x9dfc0000, 0xa7540000, 0xb3540000)
  eden space 120576K, 100% used [0x9dfc0000,0xa5580000,0xa5580000)
  from space 12800K, 97% used [0xa6440000,0xa707e4e8,0xa70c0000)
  to   space 15104K, 0% used [0xa5580000,0xa5580000,0xa6440000)
 ParOldGen       total 40704K, used 23057K [0x73540000, 0x75d00000, 0x9dfc0000)
  object space 40704K, 56% used [0x73540000,0x74bc45c0,0x75d00000)
 PSPermGen       total 16384K, used 3946K [0x6f540000, 0x70540000, 0x73540000)
  object space 16384K, 24% used [0x6f540000,0x6f91ab98,0x70540000)

Deoptimization events (10 events):
Event: 16.357 Thread 0x6b848000 Uncommon trap: reason=null_check action=make_not_entrant pc=0xb370bc34 method=com.android.dx.cf.code.Ropper$CatchInfo.getSetup(Lcom/android/dx/rop/type/Type;)Lcom/android/dx/cf/code/Ropper$ExceptionHandlerSetup; @ 10
Event: 16.358 Thread 0xb6607800 Uncommon trap: reason=null_check action=make_not_entrant pc=0xb370bc34 method=com.android.dx.cf.code.Ropper$CatchInfo.getSetup(Lcom/android/dx/rop/type/Type;)Lcom/android/dx/cf/code/Ropper$ExceptionHandlerSetup; @ 10
Event: 16.358 Thread 0x6b84a800 Uncommon trap: reason=null_check action=make_not_entrant pc=0xb370bc34 method=com.android.dx.cf.code.Ropper$CatchInfo.getSetup(Lcom/android/dx/rop/type/Type;)Lcom/android/dx/cf/code/Ropper$ExceptionHandlerSetup; @ 10
Event: 16.358 Thread 0x6b849000 Uncommon trap: reason=null_check action=make_not_entrant pc=0xb370bc34 method=com.android.dx.cf.code.Ropper$CatchInfo.getSetup(Lcom/android/dx/rop/type/Type;)Lcom/android/dx/cf/code/Ropper$ExceptionHandlerSetup; @ 10
Event: 16.358 Thread 0x6b83b800 Uncommon trap: reason=null_check action=make_not_entrant pc=0xb370bc34 method=com.android.dx.cf.code.Ropper$CatchInfo.getSetup(Lcom/android/dx/rop/type/Type;)Lcom/android/dx/cf/code/Ropper$ExceptionHandlerSetup; @ 10
Event: 16.444 Thread 0x6b849000 Uncommon trap: reason=unstable_if action=reinterpret pc=0xb36aa5fc method=com.android.dx.util.IntList.binarysearch(I)I @ 105
Event: 16.447 Thread 0x6b849000 Uncommon trap: reason=unstable_if action=reinterpret pc=0xb36e0e7c method=com.android.dx.ssa.SsaBasicBlock.newFromRop(Lcom/android/dx/rop/code/RopMethod;ILcom/android/dx/ssa/SsaMethod;)Lcom/android/dx/ssa/SsaBasicBlock; @ 164
Event: 16.515 Thread 0x6b848000 Uncommon trap: reason=unstable_if action=reinterpret pc=0xb367b66c method=com.android.dx.util.IntList.binarysearch(I)I @ 105
Event: 17.268 Thread 0x6b83b800 Uncommon trap: reason=unstable_if action=reinterpret pc=0xb372ad48 method=java.util.BitSet.ensureCapacity(I)V @ 6
Event: 23.291 Thread 0x6b848000 Uncommon trap: reason=unstable_if action=reinterpret pc=0xb36b2830 method=com.android.dx.ssa.PhiTypeResolver.resolveResultType(Lcom/android/dx/ssa/PhiInsn;)Z @ 47

Internal exceptions (10 events):
Event: 9.957 Thread 0xb6607800 Implicit null exception at 0xb36811c7 to 0xb3681add
Event: 10.287 Thread 0xb6607800 Implicit null exception at 0xb368b440 to 0xb368bcdd
Event: 10.464 Thread 0x6b83b800 Implicit null exception at 0xb366606b to 0xb3666142
Event: 11.656 Thread 0xb6607800 Threw 0xa0711f90 at /HUDSON/workspace/7u-2-build-linux-i586/jdk7u80/2329/hotspot/src/share/vm/prims/jvm.cpp:1319
Event: 12.509 Thread 0xb6607800 Threw 0xa1380860 at /HUDSON/workspace/7u-2-build-linux-i586/jdk7u80/2329/hotspot/src/share/vm/prims/jvm.cpp:1319
Event: 15.277 Thread 0x6b848000 Implicit null exception at 0xb3708b6c to 0xb370bc09
Event: 15.778 Thread 0xb6607800 Implicit null exception at 0xb3708b6c to 0xb370bc09
Event: 15.596 Thread 0x6b83b800 Implicit null exception at 0xb3708b6c to 0xb370bc09
Event: 15.264 Thread 0x6b84a800 Implicit null exception at 0xb3708b6c to 0xb370bc09
Event: 15.263 Thread 0x6b849000 Implicit null exception at 0xb3708b6c to 0xb370bc09

Events (10 events):
Event: 21.866 Thread 0x6c0a1000 flushing nmethod 0xb36adbc8
Event: 21.872 Thread 0x6c0a1000 flushing nmethod 0xb36c7fc8
Event: 23.168 Thread 0x6c09ec00 flushing nmethod 0xb3665f48
Event: 23.291 Thread 0x6b848000 Uncommon trap: trap_request=0xffffff75 fr.pc=0xb36b2830
Event: 23.291 Thread 0x6b848000 DEOPT PACKING pc=0xb36b2830 sp=0x6b7fea00
Event: 23.291 Thread 0x6b848000 DEOPT UNPACKING pc=0xb362cbc8 sp=0x6b7fe9ac mode 2
Event: 23.358 Thread 0x6c0a1000 flushing nmethod 0xb368af88
Event: 23.359 Thread 0x6c0a1000 flushing nmethod 0xb369d408
Event: 23.439 Thread 0x6c0a1000 flushing nmethod 0xb36f3908
Event: 23.564 Executing VM operation: ParallelGCFailedAllocation


Dynamic libraries:
08048000-08049000 r-xp 00000000 08:01 17053460   /usr/lib/jvm/java-7-oracle/bin/java
08049000-0804a000 rw-p 00000000 08:01 17053460   /usr/lib/jvm/java-7-oracle/bin/java
09bd1000-09c5d000 rw-p 00000000 00:00 0          [heap]
69f00000-69f60000 rw-p 00000000 00:00 0 
69f60000-6a000000 ---p 00000000 00:00 0 
6a100000-6a194000 rw-p 00000000 00:00 0 
6a194000-6a200000 ---p 00000000 00:00 0 
6a200000-6a2ef000 rw-p 00000000 00:00 0 
6a2ef000-6a300000 ---p 00000000 00:00 0 
6a300000-6a3e8000 rw-p 00000000 00:00 0 
6a3e8000-6a400000 ---p 00000000 00:00 0 
6a400000-6a4fe000 rw-p 00000000 00:00 0 
6a4fe000-6a500000 ---p 00000000 00:00 0 
6a500000-6a5f9000 rw-p 00000000 00:00 0 
6a5f9000-6a600000 ---p 00000000 00:00 0 
6a600000-6a6fc000 rw-p 00000000 00:00 0 
6a6fc000-6a700000 ---p 00000000 00:00 0 
6a700000-6a7fd000 rw-p 00000000 00:00 0 
6a7fd000-6a800000 ---p 00000000 00:00 0 
6a800000-6a8f9000 rw-p 00000000 00:00 0 
6a8f9000-6a900000 ---p 00000000 00:00 0 
6aa00000-6aafa000 rw-p 00000000 00:00 0 
6aafa000-6ab00000 ---p 00000000 00:00 0 
6ab00000-6abfa000 rw-p 00000000 00:00 0 
6abfa000-6ac00000 ---p 00000000 00:00 0 
6ac00000-6acf5000 rw-p 00000000 00:00 0 
6acf5000-6ad00000 ---p 00000000 00:00 0 
6ae00000-6aeeb000 rw-p 00000000 00:00 0 
6aeeb000-6af00000 ---p 00000000 00:00 0 
6b000000-6b0fb000 rw-p 00000000 00:00 0 
6b0fb000-6b100000 ---p 00000000 00:00 0 
6b100000-6b1ca000 rw-p 00000000 00:00 0 
6b1ca000-6b200000 ---p 00000000 00:00 0 
6b200000-6b2ff000 rw-p 00000000 00:00 0 
6b2ff000-6b300000 ---p 00000000 00:00 0 
6b400000-6b4fc000 rw-p 00000000 00:00 0 
6b4fc000-6b500000 ---p 00000000 00:00 0 
6b500000-6b5f9000 rw-p 00000000 00:00 0 
6b5f9000-6b600000 ---p 00000000 00:00 0 
6b600000-6b6e8000 rw-p 00000000 00:00 0 
6b6e8000-6b700000 ---p 00000000 00:00 0 
6b70d000-6b710000 ---p 00000000 00:00 0 
6b710000-6b75e000 rw-p 00000000 00:00 0 
6b75e000-6b761000 ---p 00000000 00:00 0 
6b761000-6b7af000 rw-p 00000000 00:00 0 
6b7af000-6b7b2000 ---p 00000000 00:00 0 
6b7b2000-6b800000 rw-p 00000000 00:00 0 
6b800000-6b870000 rw-p 00000000 00:00 0 
6b870000-6b900000 ---p 00000000 00:00 0 
6b939000-6b93c000 ---p 00000000 00:00 0 
6b93c000-6b98a000 rw-p 00000000 00:00 0 
6b98a000-6b98d000 ---p 00000000 00:00 0 
6b98d000-6b9db000 rw-p 00000000 00:00 0 
6b9db000-6b9dc000 ---p 00000000 00:00 0 
6b9dc000-6ba5c000 rw-p 00000000 00:00 0 
6ba5c000-6ba5f000 ---p 00000000 00:00 0 
6ba5f000-6baad000 rw-p 00000000 00:00 0 
6baad000-6bab0000 ---p 00000000 00:00 0 
6bab0000-6bb2e000 rw-p 00000000 00:00 0 
6bb2e000-6bb31000 ---p 00000000 00:00 0 
6bb31000-6bbaf000 rw-p 00000000 00:00 0 
6bbaf000-6bbb2000 ---p 00000000 00:00 0 
6bbb2000-6bc00000 rw-p 00000000 00:00 0 
6bc00000-6be00000 r--p 00000000 08:01 16778780   /usr/lib/locale/locale-archive
6be00000-6bef9000 rw-p 00000000 00:00 0 
6bef9000-6bf00000 ---p 00000000 00:00 0 
6bf00000-6bf21000 rw-p 00000000 00:00 0 
6bf21000-6c000000 ---p 00000000 00:00 0 
6c000000-6c0fd000 rw-p 00000000 00:00 0 
6c0fd000-6c100000 ---p 00000000 00:00 0 
6c134000-6c135000 ---p 00000000 00:00 0 
6c135000-6c200000 rw-p 00000000 00:00 0 
6c200000-6c3c0000 r--s 039fb000 08:01 16924997   /usr/lib/jvm/java-7-oracle/jre/lib/rt.jar
6c3c0000-6ea00000 rw-p 00000000 00:00 0 
6ea00000-6eaf3000 rw-p 00000000 00:00 0 
6eaf3000-6eb00000 ---p 00000000 00:00 0 
6eb2e000-6eb31000 ---p 00000000 00:00 0 
6eb31000-6eb7f000 rw-p 00000000 00:00 0 
6eb7f000-6eb80000 ---p 00000000 00:00 0 
6eb80000-6ec00000 rw-p 00000000 00:00 0 
6ec00000-6ec21000 rw-p 00000000 00:00 0 
6ec21000-6ed00000 ---p 00000000 00:00 0 
6ed18000-6ed2d000 r-xp 00000000 08:01 17040274   /usr/lib/jvm/java-7-oracle/jre/lib/i386/libnet.so
6ed2d000-6ed2e000 rw-p 00015000 08:01 17040274   /usr/lib/jvm/java-7-oracle/jre/lib/i386/libnet.so
6ed2e000-6ed31000 ---p 00000000 00:00 0 
6ed31000-6ed7f000 rw-p 00000000 00:00 0 
6ed7f000-6ed80000 ---p 00000000 00:00 0 
6ed80000-6ee00000 rw-p 00000000 00:00 0 
6ee00000-6ee21000 rw-p 00000000 00:00 0 
6ee21000-6ef00000 ---p 00000000 00:00 0 
6ef15000-6ef23000 r-xp 00000000 08:01 17040275   /usr/lib/jvm/java-7-oracle/jre/lib/i386/libnio.so
6ef23000-6ef24000 rw-p 0000e000 08:01 17040275   /usr/lib/jvm/java-7-oracle/jre/lib/i386/libnio.so
6ef24000-6ef7f000 rw-p 00000000 00:00 0 
6ef7f000-6ef80000 ---p 00000000 00:00 0 
6ef80000-6f000000 rw-p 00000000 00:00 0 
6f000000-6f025000 rw-p 00000000 00:00 0 
6f025000-6f100000 ---p 00000000 00:00 0 
6f10e000-6f128000 rw-p 00000000 00:00 0 
6f128000-6f129000 ---p 00000000 00:00 0 
6f129000-6f1b1000 rw-p 00000000 00:00 0 
6f1b1000-6f1c9000 rw-p 00000000 00:00 0 
6f1c9000-6f1dd000 rw-p 00000000 00:00 0 
6f1dd000-6f31f000 rw-p 00000000 00:00 0 
6f31f000-6f327000 rw-p 00000000 00:00 0 
6f327000-6f33f000 rw-p 00000000 00:00 0 
6f33f000-6f353000 rw-p 00000000 00:00 0 
6f353000-6f494000 rw-p 00000000 00:00 0 
6f494000-6f4df000 rw-p 00000000 00:00 0 
6f4df000-6f53f000 rw-p 00000000 00:00 0 
6f53f000-70540000 rw-p 00000000 00:00 0 
70540000-73540000 rw-p 00000000 00:00 0 
73540000-75d00000 rw-p 00000000 00:00 0 
75d00000-9dfc0000 rw-p 00000000 00:00 0 
9dfc0000-a7540000 rw-p 00000000 00:00 0 
af8c6000-af8c7000 rw-p 00000000 00:00 0 
afd40000-b3540000 rw-p 00000000 00:00 0 
b3540000-b3549000 rw-p 00000000 00:00 0 
b3549000-b3600000 rw-p 00000000 00:00 0 
b3600000-b3840000 rwxp 00000000 00:00 0 
b3840000-b66f6000 rw-p 00000000 00:00 0 
b66f6000-b6700000 ---p 00000000 00:00 0 
b6705000-b6717000 r--s 000c6000 08:01 27012130   /home/aniruddha/Android/studio/workspaces/2015/June/InterActivityCom/app/build/intermediates/exploded-aar/com.android.support/support-v4/22.2.0/jars/classes.jar
b6717000-b672e000 r-xp 00000000 08:01 17040235   /usr/lib/jvm/java-7-oracle/jre/lib/i386/libzip.so
b672e000-b672f000 rw-p 00016000 08:01 17040235   /usr/lib/jvm/java-7-oracle/jre/lib/i386/libzip.so
b672f000-b673a000 r-xp 00000000 08:01 16398736   /lib/i386-linux-gnu/libnss_files-2.15.so
b673a000-b673b000 r--p 0000a000 08:01 16398736   /lib/i386-linux-gnu/libnss_files-2.15.so
b673b000-b673c000 rw-p 0000b000 08:01 16398736   /lib/i386-linux-gnu/libnss_files-2.15.so
b673c000-b6746000 r-xp 00000000 08:01 16398723   /lib/i386-linux-gnu/libnss_nis-2.15.so
b6746000-b6747000 r--p 00009000 08:01 16398723   /lib/i386-linux-gnu/libnss_nis-2.15.so
b6747000-b6748000 rw-p 0000a000 08:01 16398723   /lib/i386-linux-gnu/libnss_nis-2.15.so
b6748000-b675e000 r-xp 00000000 08:01 16398746   /lib/i386-linux-gnu/libnsl-2.15.so
b675e000-b675f000 r--p 00015000 08:01 16398746   /lib/i386-linux-gnu/libnsl-2.15.so
b675f000-b6760000 rw-p 00016000 08:01 16398746   /lib/i386-linux-gnu/libnsl-2.15.so
b6760000-b6762000 rw-p 00000000 00:00 0 
b6767000-b6776000 r--s 000df000 08:01 28574710   /home/aniruddha/Android/EclipseAndSDK/android-all-linux/android-sdk-linux_x86/build-tools/23.0.0_rc2/lib/dx.jar
b6776000-b677e000 rw-s 00000000 08:01 28575827   /tmp/hsperfdata_root/6042
b677e000-b67a1000 r-xp 00000000 08:01 17040135   /usr/lib/jvm/java-7-oracle/jre/lib/i386/libjava.so
b67a1000-b67a2000 rw-p 00023000 08:01 17040135   /usr/lib/jvm/java-7-oracle/jre/lib/i386/libjava.so
b67a2000-b67a9000 r-xp 00000000 08:01 16398738   /lib/i386-linux-gnu/librt-2.15.so
b67a9000-b67aa000 r--p 00006000 08:01 16398738   /lib/i386-linux-gnu/librt-2.15.so
b67aa000-b67ab000 rw-p 00007000 08:01 16398738   /lib/i386-linux-gnu/librt-2.15.so
b67ab000-b67ae000 ---p 00000000 00:00 0 
b67ae000-b67fc000 rw-p 00000000 00:00 0 
b67fc000-b6826000 r-xp 00000000 08:01 16398747   /lib/i386-linux-gnu/libm-2.15.so
b6826000-b6827000 r--p 00029000 08:01 16398747   /lib/i386-linux-gnu/libm-2.15.so
b6827000-b6828000 rw-p 0002a000 08:01 16398747   /lib/i386-linux-gnu/libm-2.15.so
b6828000-b70af000 r-xp 00000000 08:01 17040223   /usr/lib/jvm/java-7-oracle/jre/lib/i386/server/libjvm.so
b70af000-b7113000 rw-p 00886000 08:01 17040223   /usr/lib/jvm/java-7-oracle/jre/lib/i386/server/libjvm.so
b7113000-b7537000 rw-p 00000000 00:00 0 
b7537000-b76da000 r-xp 00000000 08:01 16398751   /lib/i386-linux-gnu/libc-2.15.so
b76da000-b76dc000 r--p 001a3000 08:01 16398751   /lib/i386-linux-gnu/libc-2.15.so
b76dc000-b76dd000 rw-p 001a5000 08:01 16398751   /lib/i386-linux-gnu/libc-2.15.so
b76dd000-b76e0000 rw-p 00000000 00:00 0 
b76e0000-b76e3000 r-xp 00000000 08:01 16398749   /lib/i386-linux-gnu/libdl-2.15.so
b76e3000-b76e4000 r--p 00002000 08:01 16398749   /lib/i386-linux-gnu/libdl-2.15.so
b76e4000-b76e5000 rw-p 00003000 08:01 16398749   /lib/i386-linux-gnu/libdl-2.15.so
b76e5000-b76e6000 rw-p 00000000 00:00 0 
b76e6000-b76fa000 r-xp 00000000 08:01 17059199   /usr/lib/jvm/java-7-oracle/lib/i386/jli/libjli.so
b76fa000-b76fb000 rw-p 00013000 08:01 17059199   /usr/lib/jvm/java-7-oracle/lib/i386/jli/libjli.so
b76fb000-b7712000 r-xp 00000000 08:01 16398734   /lib/i386-linux-gnu/libpthread-2.15.so
b7712000-b7713000 r--p 00016000 08:01 16398734   /lib/i386-linux-gnu/libpthread-2.15.so
b7713000-b7714000 rw-p 00017000 08:01 16398734   /lib/i386-linux-gnu/libpthread-2.15.so
b7714000-b7716000 rw-p 00000000 00:00 0 
b771a000-b771b000 r--p 002c5000 08:01 16778780   /usr/lib/locale/locale-archive
b771b000-b7722000 r-xp 00000000 08:01 16398750   /lib/i386-linux-gnu/libnss_compat-2.15.so
b7722000-b7723000 r--p 00006000 08:01 16398750   /lib/i386-linux-gnu/libnss_compat-2.15.so
b7723000-b7724000 rw-p 00007000 08:01 16398750   /lib/i386-linux-gnu/libnss_compat-2.15.so
b7724000-b7725000 rw-p 00000000 00:00 0 
b7725000-b7726000 ---p 00000000 00:00 0 
b7726000-b7731000 r-xp 00000000 08:01 17040207   /usr/lib/jvm/java-7-oracle/jre/lib/i386/libverify.so
b7731000-b7732000 rw-p 0000b000 08:01 17040207   /usr/lib/jvm/java-7-oracle/jre/lib/i386/libverify.so
b7732000-b7734000 rw-p 00000000 00:00 0 
b7734000-b7735000 r-xp 00000000 00:00 0          [vdso]
b7735000-b7755000 r-xp 00000000 08:01 16398739   /lib/i386-linux-gnu/ld-2.15.so
b7755000-b7756000 r--p 0001f000 08:01 16398739   /lib/i386-linux-gnu/ld-2.15.so
b7756000-b7757000 rw-p 00020000 08:01 16398739   /lib/i386-linux-gnu/ld-2.15.so
bfa4b000-bfa4c000 rwxp 00000000 00:00 0 
bfa7e000-bfa9f000 rw-p 00000000 00:00 0          [stack]

VM Arguments:
jvm_args: -Xmx1024M -Dfile.encoding=UTF-8 -Duser.country=US -Duser.language=en -Duser.variant 
java_command: com.android.dx.command.Main --dex --num-threads=4 --output /home/aniruddha/Android/studio/workspaces/2015/June/InterActivityCom/app/build/intermediates/pre-dexed/debug/classes-b6f90610a06123233242dc76d63408d86d98bf3a.jar /home/aniruddha/Android/studio/workspaces/2015/June/InterActivityCom/app/build/intermediates/exploded-aar/com.android.support/support-v4/22.2.0/jars/classes.jar
Launcher Type: SUN_STANDARD

Environment Variables:
JAVA_HOME=/usr/lib/jvm/java-8-oracle
CLASSPATH=./../lib/bootstrap.jar:./../lib/extensions.jar:./../lib/util.jar:./../lib/jdom.jar:./../lib/log4j.jar:./../lib/trove4j.jar:./../lib/jna.jar:/usr/lib/jvm/java-8-oracle/lib/tools.jar
PATH=/usr/local/sbin:/usr/local/bin:/usr/sbin:/usr/bin:/sbin:/bin:/usr/games:/usr/local/apache-maven/apache-maven-3.1.1/bin
USERNAME=root
LD_LIBRARY_PATH=.:
SHELL=/bin/bash
DISPLAY=:0.0

Signal Handlers:
SIGSEGV: [libjvm.so+0x7eb160], sa_mask[0]=0x7ffbfeff, sa_flags=0x10000004
SIGBUS: [libjvm.so+0x7eb160], sa_mask[0]=0x7ffbfeff, sa_flags=0x10000004
SIGFPE: [libjvm.so+0x684ac0], sa_mask[0]=0x7ffbfeff, sa_flags=0x10000004
SIGPIPE: [libjvm.so+0x684ac0], sa_mask[0]=0x7ffbfeff, sa_flags=0x10000004
SIGXFSZ: [libjvm.so+0x684ac0], sa_mask[0]=0x7ffbfeff, sa_flags=0x10000004
SIGILL: [libjvm.so+0x684ac0], sa_mask[0]=0x7ffbfeff, sa_flags=0x10000004
SIGUSR1: SIG_DFL, sa_mask[0]=0x00000000, sa_flags=0x00000000
SIGUSR2: [libjvm.so+0x686330], sa_mask[0]=0x00000004, sa_flags=0x10000004
SIGHUP: [libjvm.so+0x687660], sa_mask[0]=0x7ffbfeff, sa_flags=0x10000004
SIGINT: [libjvm.so+0x687660], sa_mask[0]=0x7ffbfeff, sa_flags=0x10000004
SIGTERM: [libjvm.so+0x687660], sa_mask[0]=0x7ffbfeff, sa_flags=0x10000004
SIGQUIT: [libjvm.so+0x687660], sa_mask[0]=0x7ffbfeff, sa_flags=0x10000004


---------------  S Y S T E M  ---------------

OS:wheezy/sid

uname:Linux 3.2.0-86-generic-pae #123-Ubuntu SMP Sun Jun 14 18:30:54 UTC 2015 i686
libc:glibc 2.15 NPTL 2.15 
rlimit: STACK 8192k, CORE 0k, NPROC 30490, NOFILE 4096, AS infinity
load average:10.54 3.51 2.36

/proc/meminfo:
MemTotal:        3917404 kB
MemFree:          287960 kB
Buffers:            1776 kB
Cached:           338740 kB
SwapCached:            0 kB
Active:          3214472 kB
Inactive:         319912 kB
Active(anon):    3202096 kB
Inactive(anon):   303964 kB
Active(file):      12376 kB
Inactive(file):    15948 kB
Unevictable:           0 kB
Mlocked:               0 kB
HighTotal:       3075160 kB
HighFree:          84352 kB
LowTotal:         842244 kB
LowFree:          203608 kB
SwapTotal:             0 kB
SwapFree:              0 kB
Dirty:                76 kB
Writeback:           592 kB
AnonPages:       3194136 kB
Mapped:            43152 kB
Shmem:            311948 kB
Slab:              45184 kB
SReclaimable:      21368 kB
SUnreclaim:        23816 kB
KernelStack:        5656 kB
PageTables:        16632 kB
NFS_Unstable:          0 kB
Bounce:                0 kB
WritebackTmp:          0 kB
CommitLimit:     1958700 kB
Committed_AS:    8616180 kB
VmallocTotal:     122880 kB
VmallocUsed:       23400 kB
VmallocChunk:      98204 kB
HardwareCorrupted:     0 kB
AnonHugePages:         0 kB
HugePages_Total:       0
HugePages_Free:        0
HugePages_Rsvd:        0
HugePages_Surp:        0
Hugepagesize:       2048 kB
DirectMap4k:       10232 kB
DirectMap2M:      903168 kB


CPU:total 4 (2 cores per cpu, 2 threads per core) family 6 model 37 stepping 5, cmov, cx8, fxsr, mmx, sse, sse2, sse3, ssse3, sse4.1, sse4.2, popcnt, ht, tsc, tscinvbit

/proc/cpuinfo:
processor	: 0
vendor_id	: GenuineIntel
cpu family	: 6
model		: 37
model name	: Intel(R) Core(TM) i3 CPU       M 370  @ 2.40GHz
stepping	: 5
microcode	: 0x2
cpu MHz		: 1596.000
cache size	: 3072 KB
physical id	: 0
siblings	: 4
core id		: 0
cpu cores	: 2
apicid		: 0
initial apicid	: 0
fdiv_bug	: no
hlt_bug		: no
f00f_bug	: no
coma_bug	: no
fpu		: yes
fpu_exception	: yes
cpuid level	: 11
wp		: yes
flags		: fpu vme de pse tsc msr pae mce cx8 apic sep mtrr pge mca cmov pat pse36 clflush dts acpi mmx fxsr sse sse2 ss ht tm pbe nx rdtscp lm constant_tsc arch_perfmon pebs bts xtopology nonstop_tsc aperfmperf pni dtes64 monitor ds_cpl vmx est tm2 ssse3 cx16 xtpr pdcm pcid sse4_1 sse4_2 popcnt lahf_lm arat dtherm tpr_shadow vnmi flexpriority ept vpid
bogomips	: 4787.62
clflush size	: 64
cache_alignment	: 64
address sizes	: 36 bits physical, 48 bits virtual
power management:

processor	: 1
vendor_id	: GenuineIntel
cpu family	: 6
model		: 37
model name	: Intel(R) Core(TM) i3 CPU       M 370  @ 2.40GHz
stepping	: 5
microcode	: 0x2
cpu MHz		: 1330.000
cache size	: 3072 KB
physical id	: 0
siblings	: 4
core id		: 2
cpu cores	: 2
apicid		: 4
initial apicid	: 4
fdiv_bug	: no
hlt_bug		: no
f00f_bug	: no
coma_bug	: no
fpu		: yes
fpu_exception	: yes
cpuid level	: 11
wp		: yes
flags		: fpu vme de pse tsc msr pae mce cx8 apic sep mtrr pge mca cmov pat pse36 clflush dts acpi mmx fxsr sse sse2 ss ht tm pbe nx rdtscp lm constant_tsc arch_perfmon pebs bts xtopology nonstop_tsc aperfmperf pni dtes64 monitor ds_cpl vmx est tm2 ssse3 cx16 xtpr pdcm pcid sse4_1 sse4_2 popcnt lahf_lm arat dtherm tpr_shadow vnmi flexpriority ept vpid
bogomips	: 4787.74
clflush size	: 64
cache_alignment	: 64
address sizes	: 36 bits physical, 48 bits virtual
power management:

processor	: 2
vendor_id	: GenuineIntel
cpu family	: 6
model		: 37
model name	: Intel(R) Core(TM) i3 CPU       M 370  @ 2.40GHz
stepping	: 5
microcode	: 0x2
cpu MHz		: 1330.000
cache size	: 3072 KB
physical id	: 0
siblings	: 4
core id		: 0
cpu cores	: 2
apicid		: 1
initial apicid	: 1
fdiv_bug	: no
hlt_bug		: no
f00f_bug	: no
coma_bug	: no
fpu		: yes
fpu_exception	: yes
cpuid level	: 11
wp		: yes
flags		: fpu vme de pse tsc msr pae mce cx8 apic sep mtrr pge mca cmov pat pse36 clflush dts acpi mmx fxsr sse sse2 ss ht tm pbe nx rdtscp lm constant_tsc arch_perfmon pebs bts xtopology nonstop_tsc aperfmperf pni dtes64 monitor ds_cpl vmx est tm2 ssse3 cx16 xtpr pdcm pcid sse4_1 sse4_2 popcnt lahf_lm arat dtherm tpr_shadow vnmi flexpriority ept vpid
bogomips	: 4787.74
clflush size	: 64
cache_alignment	: 64
address sizes	: 36 bits physical, 48 bits virtual
power management:

processor	: 3
vendor_id	: GenuineIntel
cpu family	: 6
model		: 37
model name	: Intel(R) Core(TM) i3 CPU       M 370  @ 2.40GHz
stepping	: 5
microcode	: 0x2
cpu MHz		: 2128.000
cache size	: 3072 KB
physical id	: 0
siblings	: 4
core id		: 2
cpu cores	: 2
apicid		: 5
initial apicid	: 5
fdiv_bug	: no
hlt_bug		: no
f00f_bug	: no
coma_bug	: no
fpu		: yes
fpu_exception	: yes
cpuid level	: 11
wp		: yes
flags		: fpu vme de pse tsc msr pae mce cx8 apic sep mtrr pge mca cmov pat pse36 clflush dts acpi mmx fxsr sse sse2 ss ht tm pbe nx rdtscp lm constant_tsc arch_perfmon pebs bts xtopology nonstop_tsc aperfmperf pni dtes64 monitor ds_cpl vmx est tm2 ssse3 cx16 xtpr pdcm pcid sse4_1 sse4_2 popcnt lahf_lm arat dtherm tpr_shadow vnmi flexpriority ept vpid
bogomips	: 4787.74
clflush size	: 64
cache_alignment	: 64
address sizes	: 36 bits physical, 48 bits virtual
power management:



Memory: 4k page, physical 3917404k(287960k free), swap 0k(0k free)

vm_info: Java HotSpot(TM) Server VM (24.80-b11) for linux-x86 JRE (1.7.0_80-b15), built on Apr 10 2015 12:29:10 by "java_re" with gcc 4.3.0 20080428 (Red Hat 4.3.0-8)

time: Thu Jun 18 09:21:19 2015
elapsed time: 28 seconds

