#
# There is insufficient memory for the Java Runtime Environment to continue.
# Native memory allocation (malloc) failed to allocate 70778880 bytes for committing reserved memory.
# Possible reasons:
#   The system is out of physical RAM or swap space
#   In 32 bit mode, the process size limit was hit
# Possible solutions:
#   Reduce memory load on the system
#   Increase physical memory or swap space
#   Check if swap backing store is full
#   Use 64 bit Java on a 64 bit OS
#   Decrease Java heap size (-Xmx/-Xms)
#   Decrease number of Java threads
#   Decrease Java thread stack sizes (-Xss)
#   Set larger code cache with -XX:ReservedCodeCacheSize=
# This output file may be truncated or incomplete.
#
#  Out of Memory Error (os_linux.cpp:2756), pid=6227, tid=1813728064
#
# JRE version: Java(TM) SE Runtime Environment (7.0_80-b15) (build 1.7.0_80-b15)
# Java VM: Java HotSpot(TM) Server VM (24.80-b11 mixed mode linux-x86 )
# Failed to write core dump. Core dumps have been disabled. To enable core dumping, try "ulimit -c unlimited" before starting Java again
#

---------------  T H R E A D  ---------------

Current thread (0x6c080800):  VMThread [stack: 0x6c134000,0x6c1b5000] [id=6256]

Stack: [0x6c134000,0x6c1b5000],  sp=0x6c1b3730,  free space=509k
Native frames: (J=compiled Java code, j=interpreted, Vv=VM code, C=native code)
V  [libjvm.so+0x7ea656]  VMError::report_and_die()+0x1a6
V  [libjvm.so+0x33eb82]  report_vm_out_of_memory(char const*, int, unsigned int, char const*)+0x72
V  [libjvm.so+0x687fb1]  os::Linux::commit_memory_impl(char*, unsigned int, bool)+0xe1
V  [libjvm.so+0x688478]  os::pd_commit_memory(char*, unsigned int, unsigned int, bool)+0x28
V  [libjvm.so+0x681b2c]  os::commit_memory(char*, unsigned int, unsigned int, bool)+0x2c
V  [libjvm.so+0x6ea8d8]  PSVirtualSpace::expand_by(unsigned int)+0x48
V  [libjvm.so+0x6eb9da]  PSYoungGen::resize_generation(unsigned int, unsigned int)+0xda
V  [libjvm.so+0x6ead19]  PSYoungGen::resize(unsigned int, unsigned int)+0x19
V  [libjvm.so+0x6e8649]  PSScavenge::invoke_no_policy()+0xcf9
V  [libjvm.so+0x6e8ea8]  PSScavenge::invoke()+0x28
V  [libjvm.so+0x6a851a]  ParallelScavengeHeap::failed_mem_allocate(unsigned int)+0x5a
V  [libjvm.so+0x7ebeea]  VM_ParallelGCFailedAllocation::doit()+0x7a
V  [libjvm.so+0x7f4d07]  VM_Operation::evaluate()+0x47
V  [libjvm.so+0x7f2da3]  VMThread::evaluate_operation(VM_Operation*)+0xb3
V  [libjvm.so+0x7f3140]  VMThread::loop()+0x1b0
V  [libjvm.so+0x7f35a5]  VMThread::run()+0x85
V  [libjvm.so+0x68a249]  java_start(Thread*)+0x119
C  [libpthread.so.0+0x6d4c]  start_thread+0xcc

VM_Operation (0x6b7ad92c): ParallelGCFailedAllocation, mode: safepoint, requested by thread 0x6b838800


---------------  P R O C E S S  ---------------

Java Threads: ( => current thread )
  0x6b839400 JavaThread "pool-1-thread-4" [_thread_blocked, id=6299, stack(0x6b70d000,0x6b75e000)]
  0x6b838800 JavaThread "pool-1-thread-3" [_thread_blocked, id=6296, stack(0x6b75e000,0x6b7af000)]
  0x6b82b800 JavaThread "pool-1-thread-2" [_thread_blocked, id=6288, stack(0x6b7af000,0x6b800000)]
  0x6b82a400 JavaThread "pool-2-thread-1" [_thread_blocked, id=6286, stack(0x6b939000,0x6b98a000)]
  0x6b826400 JavaThread "pool-1-thread-1" [_thread_blocked, id=6285, stack(0x6b98a000,0x6b9db000)]
  0x6c09ac00 JavaThread "Service Thread" daemon [_thread_blocked, id=6278, stack(0x6ba5c000,0x6baad000)]
  0x6c098c00 JavaThread "C2 CompilerThread1" daemon [_thread_in_native, id=6270, stack(0x6baad000,0x6bb2e000)]
  0x6c096c00 JavaThread "C2 CompilerThread0" daemon [_thread_blocked, id=6269, stack(0x6bb2e000,0x6bbaf000)]
  0x6c095400 JavaThread "Signal Dispatcher" daemon [_thread_blocked, id=6268, stack(0x6bbaf000,0x6bc00000)]
  0x6c084800 JavaThread "Finalizer" daemon [_thread_blocked, id=6262, stack(0x6eb2e000,0x6eb7f000)]
  0x6c083000 JavaThread "Reference Handler" daemon [_thread_blocked, id=6257, stack(0x6ed2e000,0x6ed7f000)]
  0xb6607800 JavaThread "main" [_thread_blocked, id=6233, stack(0xb67aa000,0xb67fb000)]

Other Threads:
=>0x6c080800 VMThread [stack: 0x6c134000,0x6c1b5000] [id=6256]
  0x6c09c800 WatcherThread [stack: 0x6b9db000,0x6ba5c000] [id=6281]

VM state:at safepoint (normal execution)

VM Mutex/Monitor currently owned by a thread:  ([mutex/lock_event])
[0xb6605090] Threads_lock - owner thread: 0x6c080800
[0xb66054a0] Heap_lock - owner thread: 0x6b838800

Heap
 PSYoungGen      total 69120K, used 8689K [0x9dfc0000, 0xa2cc0000, 0xb3540000)
  eden space 60416K, 0% used [0x9dfc0000,0x9dfc0000,0xa1ac0000)
  from space 8704K, 99% used [0xa1ac0000,0xa233c4d0,0xa2340000)
  to   space 7680K, 0% used [0xa2340000,0xa2340000,0xa2ac0000)
 ParOldGen       total 40704K, used 21639K [0x73540000, 0x75d00000, 0x9dfc0000)
  object space 40704K, 53% used [0x73540000,0x74a61fa0,0x75d00000)
 PSPermGen       total 16384K, used 3892K [0x6f540000, 0x70540000, 0x73540000)
  object space 16384K, 23% used [0x6f540000,0x6f90d150,0x70540000)

Card table byte_map: [0x6f31f000,0x6f540000] byte_map_base: 0x6efa4600

Polling page: 0xb7724000

Code Cache  [0xb3600000, 0xb3840000, 0xb6600000)
 total_blobs=363 nmethods=241 adapters=76 free_code_cache=48211Kb largest_free_block=49321728

Compilation events (10 events):
Event: 17.351 Thread 0x6c096c00 nmethod 239 0xb36c1408 code [0xb36c1560, 0xb36c1ab0]
Event: 17.351 Thread 0x6c096c00  240             com.android.dx.ssa.SsaBasicBlock::newFromRop (183 bytes)
Event: 18.113 Thread 0x6c096c00 nmethod 240 0xb36e4388 code [0xb36e4680, 0xb36e6224]
Event: 18.114 Thread 0x6c096c00  241             com.android.dx.ssa.SCCP::simulateBlock (54 bytes)
Event: 20.361 Thread 0x6c096c00 nmethod 241 0xb36e87c8 code [0xb36e8d20, 0xb36eb9c0]
Event: 20.365 Thread 0x6c096c00  242             java.util.HashMap::transfer (115 bytes)
Event: 20.390 Thread 0x6c096c00 nmethod 242 0xb36c3988 code [0xb36c3a80, 0xb36c3bf0]
Event: 20.390 Thread 0x6c096c00  243             java.util.ArrayList::ensureCapacity (28 bytes)
Event: 20.408 Thread 0x6c096c00 nmethod 243 0xb36c1108 code [0xb36c1200, 0xb36c12e4]
Event: 20.408 Thread 0x6c096c00  244             com.android.dx.ssa.back.IdenticalBlockCombiner::process (323 bytes)

GC Heap History (10 events):
Event: 5.050 GC heap after
Heap after GC invocations=2 (full 0):
 PSYoungGen      total 17920K, used 2556K [0x9dfc0000, 0xa02c0000, 0xb3540000)
  eden space 15360K, 0% used [0x9dfc0000,0x9dfc0000,0x9eec0000)
  from space 2560K, 99% used [0x9f140000,0x9f3bf290,0x9f3c0000)
  to   space 2560K, 0% used [0x9eec0000,0x9eec0000,0x9f140000)
 ParOldGen       total 40704K, used 3765K [0x73540000, 0x75d00000, 0x9dfc0000)
  object space 40704K, 9% used [0x73540000,0x738ed550,0x75d00000)
 PSPermGen       total 16384K, used 3785K [0x6f540000, 0x70540000, 0x73540000)
  object space 16384K, 23% used [0x6f540000,0x6f8f2638,0x70540000)
}
Event: 6.973 GC heap before
{Heap before GC invocations=3 (full 0):
 PSYoungGen      total 17920K, used 17916K [0x9dfc0000, 0xa02c0000, 0xb3540000)
  eden space 15360K, 100% used [0x9dfc0000,0x9eec0000,0x9eec0000)
  from space 2560K, 99% used [0x9f140000,0x9f3bf290,0x9f3c0000)
  to   space 2560K, 0% used [0x9eec0000,0x9eec0000,0x9f140000)
 ParOldGen       total 40704K, used 3765K [0x73540000, 0x75d00000, 0x9dfc0000)
  object space 40704K, 9% used [0x73540000,0x738ed550,0x75d00000)
 PSPermGen       total 16384K, used 3810K [0x6f540000, 0x70540000, 0x73540000)
  object space 16384K, 23% used [0x6f540000,0x6f8f8b58,0x70540000)
Event: 7.017 GC heap after
Heap after GC invocations=3 (full 0):
 PSYoungGen      total 17920K, used 2546K [0x9dfc0000, 0xa02c0000, 0xb3540000)
  eden space 15360K, 0% used [0x9dfc0000,0x9dfc0000,0x9eec0000)
  from space 2560K, 99% used [0x9eec0000,0x9f13c8e8,0x9f140000)
  to   space 2560K, 0% used [0xa0040000,0xa0040000,0xa02c0000)
 ParOldGen       total 40704K, used 6232K [0x73540000, 0x75d00000, 0x9dfc0000)
  object space 40704K, 15% used [0x73540000,0x73b56338,0x75d00000)
 PSPermGen       total 16384K, used 3810K [0x6f540000, 0x70540000, 0x73540000)
  object space 16384K, 23% used [0x6f540000,0x6f8f8b58,0x70540000)
}
Event: 9.314 GC heap before
{Heap before GC invocations=4 (full 0):
 PSYoungGen      total 17920K, used 17906K [0x9dfc0000, 0xa02c0000, 0xb3540000)
  eden space 15360K, 100% used [0x9dfc0000,0x9eec0000,0x9eec0000)
  from space 2560K, 99% used [0x9eec0000,0x9f13c8e8,0x9f140000)
  to   space 2560K, 0% used [0xa0040000,0xa0040000,0xa02c0000)
 ParOldGen       total 40704K, used 6232K [0x73540000, 0x75d00000, 0x9dfc0000)
  object space 40704K, 15% used [0x73540000,0x73b56338,0x75d00000)
 PSPermGen       total 16384K, used 3839K [0x6f540000, 0x70540000, 0x73540000)
  object space 16384K, 23% used [0x6f540000,0x6f8fffa0,0x70540000)
Event: 9.351 GC heap after
Heap after GC invocations=4 (full 0):
 PSYoungGen      total 33280K, used 2547K [0x9dfc0000, 0xa02c0000, 0xb3540000)
  eden space 30720K, 0% used [0x9dfc0000,0x9dfc0000,0x9fdc0000)
  from space 2560K, 99% used [0xa0040000,0xa02bce10,0xa02c0000)
  to   space 2560K, 0% used [0x9fdc0000,0x9fdc0000,0xa0040000)
 ParOldGen       total 40704K, used 8496K [0x73540000, 0x75d00000, 0x9dfc0000)
  object space 40704K, 20% used [0x73540000,0x73d8c070,0x75d00000)
 PSPermGen       total 16384K, used 3839K [0x6f540000, 0x70540000, 0x73540000)
  object space 16384K, 23% used [0x6f540000,0x6f8fffa0,0x70540000)
}
Event: 12.821 GC heap before
{Heap before GC invocations=5 (full 0):
 PSYoungGen      total 33280K, used 33267K [0x9dfc0000, 0xa02c0000, 0xb3540000)
  eden space 30720K, 100% used [0x9dfc0000,0x9fdc0000,0x9fdc0000)
  from space 2560K, 99% used [0xa0040000,0xa02bce10,0xa02c0000)
  to   space 2560K, 0% used [0x9fdc0000,0x9fdc0000,0xa0040000)
 ParOldGen       total 40704K, used 8496K [0x73540000, 0x75d00000, 0x9dfc0000)
  object space 40704K, 20% used [0x73540000,0x73d8c070,0x75d00000)
 PSPermGen       total 16384K, used 3856K [0x6f540000, 0x70540000, 0x73540000)
  object space 16384K, 23% used [0x6f540000,0x6f904340,0x70540000)
Event: 13.584 GC heap after
Heap after GC invocations=5 (full 0):
 PSYoungGen      total 33280K, used 2557K [0x9dfc0000, 0xa2ac0000, 0xb3540000)
  eden space 30720K, 0% used [0x9dfc0000,0x9dfc0000,0x9fdc0000)
  from space 2560K, 99% used [0x9fdc0000,0xa003f720,0xa0040000)
  to   space 7680K, 0% used [0xa2340000,0xa2340000,0xa2ac0000)
 ParOldGen       total 40704K, used 13961K [0x73540000, 0x75d00000, 0x9dfc0000)
  object space 40704K, 34% used [0x73540000,0x742e2628,0x75d00000)
 PSPermGen       total 16384K, used 3856K [0x6f540000, 0x70540000, 0x73540000)
  object space 16384K, 23% used [0x6f540000,0x6f904340,0x70540000)
}
Event: 15.974 GC heap before
{Heap before GC invocations=6 (full 0):
 PSYoungGen      total 33280K, used 33277K [0x9dfc0000, 0xa2ac0000, 0xb3540000)
  eden space 30720K, 100% used [0x9dfc0000,0x9fdc0000,0x9fdc0000)
  from space 2560K, 99% used [0x9fdc0000,0xa003f720,0xa0040000)
  to   space 7680K, 0% used [0xa2340000,0xa2340000,0xa2ac0000)
 ParOldGen       total 40704K, used 13961K [0x73540000, 0x75d00000, 0x9dfc0000)
  object space 40704K, 34% used [0x73540000,0x742e2628,0x75d00000)
 PSPermGen       total 16384K, used 3867K [0x6f540000, 0x70540000, 0x73540000)
  object space 16384K, 23% used [0x6f540000,0x6f906d00,0x70540000)
Event: 16.105 GC heap after
Heap after GC invocations=6 (full 0):
 PSYoungGen      total 68096K, used 7679K [0x9dfc0000, 0xa2cc0000, 0xb3540000)
  eden space 60416K, 0% used [0x9dfc0000,0x9dfc0000,0xa1ac0000)
  from space 7680K, 99% used [0xa2340000,0xa2abfe00,0xa2ac0000)
  to   space 8704K, 0% used [0xa1ac0000,0xa1ac0000,0xa2340000)
 ParOldGen       total 40704K, used 13969K [0x73540000, 0x75d00000, 0x9dfc0000)
  object space 40704K, 34% used [0x73540000,0x742e4798,0x75d00000)
 PSPermGen       total 16384K, used 3867K [0x6f540000, 0x70540000, 0x73540000)
  object space 16384K, 23% used [0x6f540000,0x6f906d00,0x70540000)
}
Event: 20.745 GC heap before
{Heap before GC invocations=7 (full 0):
 PSYoungGen      total 68096K, used 68095K [0x9dfc0000, 0xa2cc0000, 0xb3540000)
  eden space 60416K, 100% used [0x9dfc0000,0xa1ac0000,0xa1ac0000)
  from space 7680K, 99% used [0xa2340000,0xa2abfe00,0xa2ac0000)
  to   space 8704K, 0% used [0xa1ac0000,0xa1ac0000,0xa2340000)
 ParOldGen       total 40704K, used 13969K [0x73540000, 0x75d00000, 0x9dfc0000)
  object space 40704K, 34% used [0x73540000,0x742e4798,0x75d00000)
 PSPermGen       total 16384K, used 3892K [0x6f540000, 0x70540000, 0x73540000)
  object space 16384K, 23% used [0x6f540000,0x6f90d150,0x70540000)

Deoptimization events (10 events):
Event: 3.759 Thread 0x6b82b800 Uncommon trap: reason=unstable_if action=reinterpret pc=0xb3657a90 method=com.android.dx.cf.code.Ropper.labelToResultIndex(I)I @ 34
Event: 4.684 Thread 0x6b838800 Uncommon trap: reason=unstable_if action=reinterpret pc=0xb36704c8 method=com.android.dx.rop.code.RegisterSpec.equals(ILcom/android/dx/rop/type/TypeBearer;Lcom/android/dx/rop/code/LocalItem;)Z @ 42
Event: 5.399 Thread 0xb6607800 Uncommon trap: reason=null_check action=make_not_entrant pc=0xb36627a4 method=com.android.dx.ssa.SsaRenamer.getLocalForNewReg(I)Lcom/android/dx/rop/code/LocalItem; @ 19
Event: 5.399 Thread 0xb6607800 Uncommon trap: reason=null_check action=make_not_entrant pc=0xb367422c method=com.android.dx.ssa.SsaRenamer.getLocalForNewReg(I)Lcom/android/dx/rop/code/LocalItem; @ 19
Event: 6.450 Thread 0xb6607800 Uncommon trap: reason=unstable_if action=reinterpret pc=0xb3660b54 method=com.android.dx.rop.cst.Constant.compareTo(Lcom/android/dx/rop/cst/Constant;)I @ 12
Event: 8.088 Thread 0x6b82b800 Uncommon trap: reason=unstable_if action=reinterpret pc=0xb364a930 method=java.lang.String.replace(CC)Ljava/lang/String; @ 26
Event: 11.534 Thread 0xb6607800 Uncommon trap: reason=null_check action=make_not_entrant pc=0xb36b12d8 method=com.android.dx.rop.type.Type.putIntern(Lcom/android/dx/rop/type/Type;)Lcom/android/dx/rop/type/Type; @ 18
Event: 12.625 Thread 0x6b826400 Uncommon trap: reason=unstable_if action=reinterpret pc=0xb369b088 method=com.android.dx.ssa.LocalVariableExtractor.processBlock(I)V @ 251
Event: 12.667 Thread 0x6b838800 Uncommon trap: reason=unstable_if action=reinterpret pc=0xb36afe3c method=com.android.dx.util.IntList.binarysearch(I)I @ 105
Event: 12.696 Thread 0x6b838800 Uncommon trap: reason=unstable_if action=reinterpret pc=0xb366afac method=com.android.dx.util.IntList.binarysearch(I)I @ 105

Internal exceptions (10 events):
Event: 5.399 Thread 0xb6607800 Implicit null exception at 0xb3672bee to 0xb3674211
Event: 6.618 Thread 0xb6607800 Threw 0x9ec12c68 at /HUDSON/workspace/7u-2-build-linux-i586/jdk7u80/2329/hotspot/src/share/vm/prims/jvm.cpp:1319
Event: 6.621 Thread 0xb6607800 Threw 0x9ec154d8 at /HUDSON/workspace/7u-2-build-linux-i586/jdk7u80/2329/hotspot/src/share/vm/prims/jvm.cpp:1319
Event: 8.085 Thread 0x6b82b800 Threw 0x9e80a680 at /HUDSON/workspace/7u-2-build-linux-i586/jdk7u80/2329/hotspot/src/share/vm/prims/jvm.cpp:1319
Event: 8.086 Thread 0x6b82b800 Threw 0x9e860fe8 at /HUDSON/workspace/7u-2-build-linux-i586/jdk7u80/2329/hotspot/src/share/vm/prims/jvm.cpp:1319
Event: 8.087 Thread 0x6b82b800 Threw 0x9e866750 at /HUDSON/workspace/7u-2-build-linux-i586/jdk7u80/2329/hotspot/src/share/vm/prims/jvm.cpp:1319
Event: 11.533 Thread 0xb6607800 Implicit null exception at 0xb36b0d72 to 0xb36b12cd
Event: 15.112 Thread 0x6b838800 Threw 0x9f3fb620 at /HUDSON/workspace/7u-2-build-linux-i586/jdk7u80/2329/hotspot/src/share/vm/prims/jvm.cpp:1319
Event: 18.247 Thread 0xb6607800 Threw 0x9f927cb8 at /HUDSON/workspace/7u-2-build-linux-i586/jdk7u80/2329/hotspot/src/share/vm/prims/jvm.cpp:1319
Event: 18.670 Thread 0xb6607800 Threw 0x9fec32c8 at /HUDSON/workspace/7u-2-build-linux-i586/jdk7u80/2329/hotspot/src/share/vm/prims/jvm.cpp:1319

Events (10 events):
Event: 16.113 Executing VM operation: RevokeBias
Event: 16.113 Executing VM operation: RevokeBias done
Event: 16.114 Executing VM operation: BulkRevokeBias
Event: 16.114 Executing VM operation: BulkRevokeBias done
Event: 17.162 Thread 0x6c096c00 flushing nmethod 0xb3670088
Event: 18.247 loading class 0x6c0c27a8
Event: 18.247 loading class 0x6c0c27a8 done
Event: 18.667 loading class 0x6c0bc228
Event: 18.667 loading class 0x6c0bc228 done
Event: 20.727 Executing VM operation: ParallelGCFailedAllocation


Dynamic libraries:
08048000-08049000 r-xp 00000000 08:01 17053460   /usr/lib/jvm/java-7-oracle/bin/java
08049000-0804a000 rw-p 00000000 08:01 17053460   /usr/lib/jvm/java-7-oracle/bin/java
0914c000-091fc000 rw-p 00000000 00:00 0          [heap]
69900000-699e8000 rw-p 00000000 00:00 0 
699e8000-69a00000 ---p 00000000 00:00 0 
69b00000-69bf9000 rw-p 00000000 00:00 0 
69bf9000-69c00000 ---p 00000000 00:00 0 
69c00000-69cfc000 rw-p 00000000 00:00 0 
69cfc000-69d00000 ---p 00000000 00:00 0 
69d00000-69df1000 rw-p 00000000 00:00 0 
69df1000-69e00000 ---p 00000000 00:00 0 
69e00000-69eef000 rw-p 00000000 00:00 0 
69eef000-69f00000 ---p 00000000 00:00 0 
69f00000-69ff9000 rw-p 00000000 00:00 0 
69ff9000-6a000000 ---p 00000000 00:00 0 
6a000000-6a0e1000 rw-p 00000000 00:00 0 
6a0e1000-6a100000 ---p 00000000 00:00 0 
6a100000-6a1f1000 rw-p 00000000 00:00 0 
6a1f1000-6a200000 ---p 00000000 00:00 0 
6a200000-6a2e6000 rw-p 00000000 00:00 0 
6a2e6000-6a300000 ---p 00000000 00:00 0 
6a300000-6a400000 rw-p 00000000 00:00 0 
6a400000-6a500000 rw-p 00000000 00:00 0 
6a500000-6a5fc000 rw-p 00000000 00:00 0 
6a5fc000-6a600000 ---p 00000000 00:00 0 
6a600000-6a6f5000 rw-p 00000000 00:00 0 
6a6f5000-6a700000 ---p 00000000 00:00 0 
6a700000-6a7f9000 rw-p 00000000 00:00 0 
6a7f9000-6a800000 ---p 00000000 00:00 0 
6a800000-6a8f8000 rw-p 00000000 00:00 0 
6a8f8000-6a900000 ---p 00000000 00:00 0 
6aa00000-6aaf9000 rw-p 00000000 00:00 0 
6aaf9000-6ab00000 ---p 00000000 00:00 0 
6ab00000-6abf9000 rw-p 00000000 00:00 0 
6abf9000-6ac00000 ---p 00000000 00:00 0 
6ac00000-6acff000 rw-p 00000000 00:00 0 
6acff000-6ad00000 ---p 00000000 00:00 0 
6ae00000-6aef6000 rw-p 00000000 00:00 0 
6aef6000-6af00000 ---p 00000000 00:00 0 
6af00000-6affa000 rw-p 00000000 00:00 0 
6affa000-6b000000 ---p 00000000 00:00 0 
6b000000-6b0e7000 rw-p 00000000 00:00 0 
6b0e7000-6b100000 ---p 00000000 00:00 0 
6b100000-6b1f5000 rw-p 00000000 00:00 0 
6b1f5000-6b200000 ---p 00000000 00:00 0 
6b200000-6b2dd000 rw-p 00000000 00:00 0 
6b2dd000-6b300000 ---p 00000000 00:00 0 
6b300000-6b400000 rw-p 00000000 00:00 0 
6b400000-6b4fb000 rw-p 00000000 00:00 0 
6b4fb000-6b500000 ---p 00000000 00:00 0 
6b500000-6b5fa000 rw-p 00000000 00:00 0 
6b5fa000-6b600000 ---p 00000000 00:00 0 
6b600000-6b6fc000 rw-p 00000000 00:00 0 
6b6fc000-6b700000 ---p 00000000 00:00 0 
6b70d000-6b710000 ---p 00000000 00:00 0 
6b710000-6b75e000 rw-p 00000000 00:00 0 
6b75e000-6b761000 ---p 00000000 00:00 0 
6b761000-6b7af000 rw-p 00000000 00:00 0 
6b7af000-6b7b2000 ---p 00000000 00:00 0 
6b7b2000-6b800000 rw-p 00000000 00:00 0 
6b800000-6b871000 rw-p 00000000 00:00 0 
6b871000-6b900000 ---p 00000000 00:00 0 
6b939000-6b93c000 ---p 00000000 00:00 0 
6b93c000-6b98a000 rw-p 00000000 00:00 0 
6b98a000-6b98d000 ---p 00000000 00:00 0 
6b98d000-6b9db000 rw-p 00000000 00:00 0 
6b9db000-6b9dc000 ---p 00000000 00:00 0 
6b9dc000-6ba5c000 rw-p 00000000 00:00 0 
6ba5c000-6ba5f000 ---p 00000000 00:00 0 
6ba5f000-6baad000 rw-p 00000000 00:00 0 
6baad000-6bab0000 ---p 00000000 00:00 0 
6bab0000-6bb2e000 rw-p 00000000 00:00 0 
6bb2e000-6bb31000 ---p 00000000 00:00 0 
6bb31000-6bbaf000 rw-p 00000000 00:00 0 
6bbaf000-6bbb2000 ---p 00000000 00:00 0 
6bbb2000-6bc00000 rw-p 00000000 00:00 0 
6bc00000-6be00000 r--p 00000000 08:01 16778780   /usr/lib/locale/locale-archive
6be00000-6befc000 rw-p 00000000 00:00 0 
6befc000-6bf00000 ---p 00000000 00:00 0 
6bf00000-6bf21000 rw-p 00000000 00:00 0 
6bf21000-6c000000 ---p 00000000 00:00 0 
6c000000-6c0fc000 rw-p 00000000 00:00 0 
6c0fc000-6c100000 ---p 00000000 00:00 0 
6c134000-6c135000 ---p 00000000 00:00 0 
6c135000-6c200000 rw-p 00000000 00:00 0 
6c200000-6c3c0000 r--s 039fb000 08:01 16924997   /usr/lib/jvm/java-7-oracle/jre/lib/rt.jar
6c3c0000-6ea00000 rw-p 00000000 00:00 0 
6ea00000-6eafc000 rw-p 00000000 00:00 0 
6eafc000-6eb00000 ---p 00000000 00:00 0 
6eb2e000-6eb31000 ---p 00000000 00:00 0 
6eb31000-6eb7f000 rw-p 00000000 00:00 0 
6eb7f000-6eb80000 ---p 00000000 00:00 0 
6eb80000-6ec00000 rw-p 00000000 00:00 0 
6ec00000-6ec21000 rw-p 00000000 00:00 0 
6ec21000-6ed00000 ---p 00000000 00:00 0 
6ed18000-6ed2d000 r-xp 00000000 08:01 17040274   /usr/lib/jvm/java-7-oracle/jre/lib/i386/libnet.so
6ed2d000-6ed2e000 rw-p 00015000 08:01 17040274   /usr/lib/jvm/java-7-oracle/jre/lib/i386/libnet.so
6ed2e000-6ed31000 ---p 00000000 00:00 0 
6ed31000-6ed7f000 rw-p 00000000 00:00 0 
6ed7f000-6ed80000 ---p 00000000 00:00 0 
6ed80000-6ee00000 rw-p 00000000 00:00 0 
6ee00000-6ee21000 rw-p 00000000 00:00 0 
6ee21000-6ef00000 ---p 00000000 00:00 0 
6ef15000-6ef23000 r-xp 00000000 08:01 17040275   /usr/lib/jvm/java-7-oracle/jre/lib/i386/libnio.so
6ef23000-6ef24000 rw-p 0000e000 08:01 17040275   /usr/lib/jvm/java-7-oracle/jre/lib/i386/libnio.so
6ef24000-6ef7f000 rw-p 00000000 00:00 0 
6ef7f000-6ef80000 ---p 00000000 00:00 0 
6ef80000-6f000000 rw-p 00000000 00:00 0 
6f000000-6f033000 rw-p 00000000 00:00 0 
6f033000-6f100000 ---p 00000000 00:00 0 
6f10e000-6f128000 rw-p 00000000 00:00 0 
6f128000-6f129000 ---p 00000000 00:00 0 
6f129000-6f1b1000 rw-p 00000000 00:00 0 
6f1b1000-6f1c9000 rw-p 00000000 00:00 0 
6f1c9000-6f1dd000 rw-p 00000000 00:00 0 
6f1dd000-6f31f000 rw-p 00000000 00:00 0 
6f31f000-6f327000 rw-p 00000000 00:00 0 
6f327000-6f33f000 rw-p 00000000 00:00 0 
6f33f000-6f353000 rw-p 00000000 00:00 0 
6f353000-6f494000 rw-p 00000000 00:00 0 
6f494000-6f4bb000 rw-p 00000000 00:00 0 
6f4bb000-6f53f000 rw-p 00000000 00:00 0 
6f53f000-70540000 rw-p 00000000 00:00 0 
70540000-73540000 rw-p 00000000 00:00 0 
73540000-75d00000 rw-p 00000000 00:00 0 
75d00000-9dfc0000 rw-p 00000000 00:00 0 
9dfc0000-a2cc0000 rw-p 00000000 00:00 0 
a6e23000-a7040000 rw-p 00000000 00:00 0 
a7040000-b3540000 rw-p 00000000 00:00 0 
b3540000-b3549000 rw-p 00000000 00:00 0 
b3549000-b3600000 rw-p 00000000 00:00 0 
b3600000-b3840000 rwxp 00000000 00:00 0 
b3840000-b66f6000 rw-p 00000000 00:00 0 
b66f6000-b6700000 ---p 00000000 00:00 0 
b670c000-b6716000 r--s 00085000 08:01 19148584   /home/aniruddha/Android/studio/workspaces/2015/June/InterActivityCom/app/build/intermediates/exploded-aar/com.android.support/appcompat-v7/22.2.0/jars/classes.jar
b6716000-b672d000 r-xp 00000000 08:01 17040235   /usr/lib/jvm/java-7-oracle/jre/lib/i386/libzip.so
b672d000-b672e000 rw-p 00016000 08:01 17040235   /usr/lib/jvm/java-7-oracle/jre/lib/i386/libzip.so
b672e000-b6739000 r-xp 00000000 08:01 16398736   /lib/i386-linux-gnu/libnss_files-2.15.so
b6739000-b673a000 r--p 0000a000 08:01 16398736   /lib/i386-linux-gnu/libnss_files-2.15.so
b673a000-b673b000 rw-p 0000b000 08:01 16398736   /lib/i386-linux-gnu/libnss_files-2.15.so
b673b000-b6745000 r-xp 00000000 08:01 16398723   /lib/i386-linux-gnu/libnss_nis-2.15.so
b6745000-b6746000 r--p 00009000 08:01 16398723   /lib/i386-linux-gnu/libnss_nis-2.15.so
b6746000-b6747000 rw-p 0000a000 08:01 16398723   /lib/i386-linux-gnu/libnss_nis-2.15.so
b6747000-b675d000 r-xp 00000000 08:01 16398746   /lib/i386-linux-gnu/libnsl-2.15.so
b675d000-b675e000 r--p 00015000 08:01 16398746   /lib/i386-linux-gnu/libnsl-2.15.so
b675e000-b675f000 rw-p 00016000 08:01 16398746   /lib/i386-linux-gnu/libnsl-2.15.so
b675f000-b6761000 rw-p 00000000 00:00 0 
b6766000-b6775000 r--s 000df000 08:01 28574710   /home/aniruddha/Android/EclipseAndSDK/android-all-linux/android-sdk-linux_x86/build-tools/23.0.0_rc2/lib/dx.jar
b6775000-b677d000 rw-s 00000000 08:01 28575827   /tmp/hsperfdata_root/6227
b677d000-b67a0000 r-xp 00000000 08:01 17040135   /usr/lib/jvm/java-7-oracle/jre/lib/i386/libjava.so
b67a0000-b67a1000 rw-p 00023000 08:01 17040135   /usr/lib/jvm/java-7-oracle/jre/lib/i386/libjava.so
b67a1000-b67a8000 r-xp 00000000 08:01 16398738   /lib/i386-linux-gnu/librt-2.15.so
b67a8000-b67a9000 r--p 00006000 08:01 16398738   /lib/i386-linux-gnu/librt-2.15.so
b67a9000-b67aa000 rw-p 00007000 08:01 16398738   /lib/i386-linux-gnu/librt-2.15.so
b67aa000-b67ad000 ---p 00000000 00:00 0 
b67ad000-b67fb000 rw-p 00000000 00:00 0 
b67fb000-b6825000 r-xp 00000000 08:01 16398747   /lib/i386-linux-gnu/libm-2.15.so
b6825000-b6826000 r--p 00029000 08:01 16398747   /lib/i386-linux-gnu/libm-2.15.so
b6826000-b6827000 rw-p 0002a000 08:01 16398747   /lib/i386-linux-gnu/libm-2.15.so
b6827000-b70ae000 r-xp 00000000 08:01 17040223   /usr/lib/jvm/java-7-oracle/jre/lib/i386/server/libjvm.so
b70ae000-b7112000 rw-p 00886000 08:01 17040223   /usr/lib/jvm/java-7-oracle/jre/lib/i386/server/libjvm.so
b7112000-b7536000 rw-p 00000000 00:00 0 
b7536000-b76d9000 r-xp 00000000 08:01 16398751   /lib/i386-linux-gnu/libc-2.15.so
b76d9000-b76db000 r--p 001a3000 08:01 16398751   /lib/i386-linux-gnu/libc-2.15.so
b76db000-b76dc000 rw-p 001a5000 08:01 16398751   /lib/i386-linux-gnu/libc-2.15.so
b76dc000-b76df000 rw-p 00000000 00:00 0 
b76df000-b76e2000 r-xp 00000000 08:01 16398749   /lib/i386-linux-gnu/libdl-2.15.so
b76e2000-b76e3000 r--p 00002000 08:01 16398749   /lib/i386-linux-gnu/libdl-2.15.so
b76e3000-b76e4000 rw-p 00003000 08:01 16398749   /lib/i386-linux-gnu/libdl-2.15.so
b76e4000-b76e5000 rw-p 00000000 00:00 0 
b76e5000-b76f9000 r-xp 00000000 08:01 17059199   /usr/lib/jvm/java-7-oracle/lib/i386/jli/libjli.so
b76f9000-b76fa000 rw-p 00013000 08:01 17059199   /usr/lib/jvm/java-7-oracle/lib/i386/jli/libjli.so
b76fa000-b7711000 r-xp 00000000 08:01 16398734   /lib/i386-linux-gnu/libpthread-2.15.so
b7711000-b7712000 r--p 00016000 08:01 16398734   /lib/i386-linux-gnu/libpthread-2.15.so
b7712000-b7713000 rw-p 00017000 08:01 16398734   /lib/i386-linux-gnu/libpthread-2.15.so
b7713000-b7715000 rw-p 00000000 00:00 0 
b7718000-b7719000 rw-p 00000000 00:00 0 
b7719000-b771a000 r--p 002c5000 08:01 16778780   /usr/lib/locale/locale-archive
b771a000-b7721000 r-xp 00000000 08:01 16398750   /lib/i386-linux-gnu/libnss_compat-2.15.so
b7721000-b7722000 r--p 00006000 08:01 16398750   /lib/i386-linux-gnu/libnss_compat-2.15.so
b7722000-b7723000 rw-p 00007000 08:01 16398750   /lib/i386-linux-gnu/libnss_compat-2.15.so
b7723000-b7724000 rw-p 00000000 00:00 0 
b7724000-b7725000 ---p 00000000 00:00 0 
b7725000-b7730000 r-xp 00000000 08:01 17040207   /usr/lib/jvm/java-7-oracle/jre/lib/i386/libverify.so
b7730000-b7731000 rw-p 0000b000 08:01 17040207   /usr/lib/jvm/java-7-oracle/jre/lib/i386/libverify.so
b7731000-b7733000 rw-p 00000000 00:00 0 
b7733000-b7734000 r-xp 00000000 00:00 0          [vdso]
b7734000-b7754000 r-xp 00000000 08:01 16398739   /lib/i386-linux-gnu/ld-2.15.so
b7754000-b7755000 r--p 0001f000 08:01 16398739   /lib/i386-linux-gnu/ld-2.15.so
b7755000-b7756000 rw-p 00020000 08:01 16398739   /lib/i386-linux-gnu/ld-2.15.so
bfddd000-bfdde000 rwxp 00000000 00:00 0 
bfe10000-bfe31000 rw-p 00000000 00:00 0          [stack]

VM Arguments:
jvm_args: -Xmx1024M -Dfile.encoding=UTF-8 -Duser.country=US -Duser.language=en -Duser.variant 
java_command: com.android.dx.command.Main --dex --num-threads=4 --output /home/aniruddha/Android/studio/workspaces/2015/June/InterActivityCom/app/build/intermediates/pre-dexed/debug/classes-3190a2b07078fa06cf1a456886238b28d9baa913.jar /home/aniruddha/Android/studio/workspaces/2015/June/InterActivityCom/app/build/intermediates/exploded-aar/com.android.support/appcompat-v7/22.2.0/jars/classes.jar
Launcher Type: SUN_STANDARD

Environment Variables:
JAVA_HOME=/usr/lib/jvm/java-8-oracle
CLASSPATH=./../lib/bootstrap.jar:./../lib/extensions.jar:./../lib/util.jar:./../lib/jdom.jar:./../lib/log4j.jar:./../lib/trove4j.jar:./../lib/jna.jar:/usr/lib/jvm/java-8-oracle/lib/tools.jar
PATH=/usr/local/sbin:/usr/local/bin:/usr/sbin:/usr/bin:/sbin:/bin:/usr/games:/usr/local/apache-maven/apache-maven-3.1.1/bin
USERNAME=root
LD_LIBRARY_PATH=.:
SHELL=/bin/bash
DISPLAY=:0.0

Signal Handlers:
SIGSEGV: [libjvm.so+0x7eb160], sa_mask[0]=0x7ffbfeff, sa_flags=0x10000004
SIGBUS: [libjvm.so+0x7eb160], sa_mask[0]=0x7ffbfeff, sa_flags=0x10000004
SIGFPE: [libjvm.so+0x684ac0], sa_mask[0]=0x7ffbfeff, sa_flags=0x10000004
SIGPIPE: [libjvm.so+0x684ac0], sa_mask[0]=0x7ffbfeff, sa_flags=0x10000004
SIGXFSZ: [libjvm.so+0x684ac0], sa_mask[0]=0x7ffbfeff, sa_flags=0x10000004
SIGILL: [libjvm.so+0x684ac0], sa_mask[0]=0x7ffbfeff, sa_flags=0x10000004
SIGUSR1: SIG_DFL, sa_mask[0]=0x00000000, sa_flags=0x00000000
SIGUSR2: [libjvm.so+0x686330], sa_mask[0]=0x00000004, sa_flags=0x10000004
SIGHUP: [libjvm.so+0x687660], sa_mask[0]=0x7ffbfeff, sa_flags=0x10000004
SIGINT: [libjvm.so+0x687660], sa_mask[0]=0x7ffbfeff, sa_flags=0x10000004
SIGTERM: [libjvm.so+0x687660], sa_mask[0]=0x7ffbfeff, sa_flags=0x10000004
SIGQUIT: [libjvm.so+0x687660], sa_mask[0]=0x7ffbfeff, sa_flags=0x10000004


---------------  S Y S T E M  ---------------

OS:wheezy/sid

uname:Linux 3.2.0-86-generic-pae #123-Ubuntu SMP Sun Jun 14 18:30:54 UTC 2015 i686
libc:glibc 2.15 NPTL 2.15 
rlimit: STACK 8192k, CORE 0k, NPROC 30490, NOFILE 4096, AS infinity
load average:8.00 3.98 2.70

/proc/meminfo:
MemTotal:        3917404 kB
MemFree:          156264 kB
Buffers:           10420 kB
Cached:           393564 kB
SwapCached:            0 kB
Active:          3318684 kB
Inactive:         349344 kB
Active(anon):    3271768 kB
Inactive(anon):   304044 kB
Active(file):      46916 kB
Inactive(file):    45300 kB
Unevictable:           0 kB
Mlocked:               0 kB
HighTotal:       3075160 kB
HighFree:            592 kB
LowTotal:         842244 kB
LowFree:          155672 kB
SwapTotal:             0 kB
SwapFree:              0 kB
Dirty:                20 kB
Writeback:           220 kB
AnonPages:       3264088 kB
Mapped:            79756 kB
Shmem:            312028 kB
Slab:              45632 kB
SReclaimable:      21752 kB
SUnreclaim:        23880 kB
KernelStack:        5832 kB
PageTables:        16812 kB
NFS_Unstable:          0 kB
Bounce:                0 kB
WritebackTmp:          0 kB
CommitLimit:     1958700 kB
Committed_AS:    8772620 kB
VmallocTotal:     122880 kB
VmallocUsed:       23400 kB
VmallocChunk:      98204 kB
HardwareCorrupted:     0 kB
AnonHugePages:         0 kB
HugePages_Total:       0
HugePages_Free:        0
HugePages_Rsvd:        0
HugePages_Surp:        0
Hugepagesize:       2048 kB
DirectMap4k:       10232 kB
DirectMap2M:      903168 kB


CPU:total 4 (2 cores per cpu, 2 threads per core) family 6 model 37 stepping 5, cmov, cx8, fxsr, mmx, sse, sse2, sse3, ssse3, sse4.1, sse4.2, popcnt, ht, tsc, tscinvbit

/proc/cpuinfo:
processor	: 0
vendor_id	: GenuineIntel
cpu family	: 6
model		: 37
model name	: Intel(R) Core(TM) i3 CPU       M 370  @ 2.40GHz
stepping	: 5
microcode	: 0x2
cpu MHz		: 2394.000
cache size	: 3072 KB
physical id	: 0
siblings	: 4
core id		: 0
cpu cores	: 2
apicid		: 0
initial apicid	: 0
fdiv_bug	: no
hlt_bug		: no
f00f_bug	: no
coma_bug	: no
fpu		: yes
fpu_exception	: yes
cpuid level	: 11
wp		: yes
flags		: fpu vme de pse tsc msr pae mce cx8 apic sep mtrr pge mca cmov pat pse36 clflush dts acpi mmx fxsr sse sse2 ss ht tm pbe nx rdtscp lm constant_tsc arch_perfmon pebs bts xtopology nonstop_tsc aperfmperf pni dtes64 monitor ds_cpl vmx est tm2 ssse3 cx16 xtpr pdcm pcid sse4_1 sse4_2 popcnt lahf_lm arat dtherm tpr_shadow vnmi flexpriority ept vpid
bogomips	: 4787.62
clflush size	: 64
cache_alignment	: 64
address sizes	: 36 bits physical, 48 bits virtual
power management:

processor	: 1
vendor_id	: GenuineIntel
cpu family	: 6
model		: 37
model name	: Intel(R) Core(TM) i3 CPU       M 370  @ 2.40GHz
stepping	: 5
microcode	: 0x2
cpu MHz		: 2394.000
cache size	: 3072 KB
physical id	: 0
siblings	: 4
core id		: 2
cpu cores	: 2
apicid		: 4
initial apicid	: 4
fdiv_bug	: no
hlt_bug		: no
f00f_bug	: no
coma_bug	: no
fpu		: yes
fpu_exception	: yes
cpuid level	: 11
wp		: yes
flags		: fpu vme de pse tsc msr pae mce cx8 apic sep mtrr pge mca cmov pat pse36 clflush dts acpi mmx fxsr sse sse2 ss ht tm pbe nx rdtscp lm constant_tsc arch_perfmon pebs bts xtopology nonstop_tsc aperfmperf pni dtes64 monitor ds_cpl vmx est tm2 ssse3 cx16 xtpr pdcm pcid sse4_1 sse4_2 popcnt lahf_lm arat dtherm tpr_shadow vnmi flexpriority ept vpid
bogomips	: 4787.74
clflush size	: 64
cache_alignment	: 64
address sizes	: 36 bits physical, 48 bits virtual
power management:

processor	: 2
vendor_id	: GenuineIntel
cpu family	: 6
model		: 37
model name	: Intel(R) Core(TM) i3 CPU       M 370  @ 2.40GHz
stepping	: 5
microcode	: 0x2
cpu MHz		: 2394.000
cache size	: 3072 KB
physical id	: 0
siblings	: 4
core id		: 0
cpu cores	: 2
apicid		: 1
initial apicid	: 1
fdiv_bug	: no
hlt_bug		: no
f00f_bug	: no
coma_bug	: no
fpu		: yes
fpu_exception	: yes
cpuid level	: 11
wp		: yes
flags		: fpu vme de pse tsc msr pae mce cx8 apic sep mtrr pge mca cmov pat pse36 clflush dts acpi mmx fxsr sse sse2 ss ht tm pbe nx rdtscp lm constant_tsc arch_perfmon pebs bts xtopology nonstop_tsc aperfmperf pni dtes64 monitor ds_cpl vmx est tm2 ssse3 cx16 xtpr pdcm pcid sse4_1 sse4_2 popcnt lahf_lm arat dtherm tpr_shadow vnmi flexpriority ept vpid
bogomips	: 4787.74
clflush size	: 64
cache_alignment	: 64
address sizes	: 36 bits physical, 48 bits virtual
power management:

processor	: 3
vendor_id	: GenuineIntel
cpu family	: 6
model		: 37
model name	: Intel(R) Core(TM) i3 CPU       M 370  @ 2.40GHz
stepping	: 5
microcode	: 0x2
cpu MHz		: 2394.000
cache size	: 3072 KB
physical id	: 0
siblings	: 4
core id		: 2
cpu cores	: 2
apicid		: 5
initial apicid	: 5
fdiv_bug	: no
hlt_bug		: no
f00f_bug	: no
coma_bug	: no
fpu		: yes
fpu_exception	: yes
cpuid level	: 11
wp		: yes
flags		: fpu vme de pse tsc msr pae mce cx8 apic sep mtrr pge mca cmov pat pse36 clflush dts acpi mmx fxsr sse sse2 ss ht tm pbe nx rdtscp lm constant_tsc arch_perfmon pebs bts xtopology nonstop_tsc aperfmperf pni dtes64 monitor ds_cpl vmx est tm2 ssse3 cx16 xtpr pdcm pcid sse4_1 sse4_2 popcnt lahf_lm arat dtherm tpr_shadow vnmi flexpriority ept vpid
bogomips	: 4787.74
clflush size	: 64
cache_alignment	: 64
address sizes	: 36 bits physical, 48 bits virtual
power management:



Memory: 4k page, physical 3917404k(155540k free), swap 0k(0k free)

vm_info: Java HotSpot(TM) Server VM (24.80-b11) for linux-x86 JRE (1.7.0_80-b15), built on Apr 10 2015 12:29:10 by "java_re" with gcc 4.3.0 20080428 (Red Hat 4.3.0-8)

time: Thu Jun 18 09:24:59 2015
elapsed time: 21 seconds

