#
# There is insufficient memory for the Java Runtime Environment to continue.
# Native memory allocation (malloc) failed to allocate 70778880 bytes for committing reserved memory.
# Possible reasons:
#   The system is out of physical RAM or swap space
#   In 32 bit mode, the process size limit was hit
# Possible solutions:
#   Reduce memory load on the system
#   Increase physical memory or swap space
#   Check if swap backing store is full
#   Use 64 bit Java on a 64 bit OS
#   Decrease Java heap size (-Xmx/-Xms)
#   Decrease number of Java threads
#   Decrease Java thread stack sizes (-Xss)
#   Set larger code cache with -XX:ReservedCodeCacheSize=
# This output file may be truncated or incomplete.
#
#  Out of Memory Error (os_linux.cpp:2756), pid=6214, tid=1813728064
#
# JRE version: Java(TM) SE Runtime Environment (7.0_80-b15) (build 1.7.0_80-b15)
# Java VM: Java HotSpot(TM) Server VM (24.80-b11 mixed mode linux-x86 )
# Failed to write core dump. Core dumps have been disabled. To enable core dumping, try "ulimit -c unlimited" before starting Java again
#

---------------  T H R E A D  ---------------

Current thread (0x6c080800):  VMThread [stack: 0x6c134000,0x6c1b5000] [id=6254]

Stack: [0x6c134000,0x6c1b5000],  sp=0x6c1b39b0,  free space=510k
Native frames: (J=compiled Java code, j=interpreted, Vv=VM code, C=native code)
V  [libjvm.so+0x7ea656]  VMError::report_and_die()+0x1a6
V  [libjvm.so+0x33eb82]  report_vm_out_of_memory(char const*, int, unsigned int, char const*)+0x72
V  [libjvm.so+0x687fb1]  os::Linux::commit_memory_impl(char*, unsigned int, bool)+0xe1
V  [libjvm.so+0x688478]  os::pd_commit_memory(char*, unsigned int, unsigned int, bool)+0x28
V  [libjvm.so+0x681b2c]  os::commit_memory(char*, unsigned int, unsigned int, bool)+0x2c
V  [libjvm.so+0x6ea8d8]  PSVirtualSpace::expand_by(unsigned int)+0x48
V  [libjvm.so+0x6eb9da]  PSYoungGen::resize_generation(unsigned int, unsigned int)+0xda
V  [libjvm.so+0x6ead19]  PSYoungGen::resize(unsigned int, unsigned int)+0x19
V  [libjvm.so+0x6e8649]  PSScavenge::invoke_no_policy()+0xcf9
V  [libjvm.so+0x6e8ea8]  PSScavenge::invoke()+0x28
V  [libjvm.so+0x6a851a]  ParallelScavengeHeap::failed_mem_allocate(unsigned int)+0x5a
V  [libjvm.so+0x7ebeea]  VM_ParallelGCFailedAllocation::doit()+0x7a
V  [libjvm.so+0x7f4d07]  VM_Operation::evaluate()+0x47
V  [libjvm.so+0x7f2da3]  VMThread::evaluate_operation(VM_Operation*)+0xb3
V  [libjvm.so+0x7f3140]  VMThread::loop()+0x1b0
V  [libjvm.so+0x7f35a5]  VMThread::run()+0x85
V  [libjvm.so+0x68a249]  java_start(Thread*)+0x119
C  [libpthread.so.0+0x6d4c]  start_thread+0xcc

VM_Operation (0x6b9d9914): ParallelGCFailedAllocation, mode: safepoint, requested by thread 0x6b82b400


---------------  P R O C E S S  ---------------

Java Threads: ( => current thread )
  0x6b831000 JavaThread "pool-1-thread-4" [_thread_blocked, id=6298, stack(0x6b70d000,0x6b75e000)]
  0x6b82fc00 JavaThread "pool-1-thread-3" [_thread_blocked, id=6295, stack(0x6b75e000,0x6b7af000)]
  0x6b82e000 JavaThread "pool-1-thread-2" [_thread_blocked, id=6294, stack(0x6b7af000,0x6b800000)]
  0x6b82c800 JavaThread "pool-2-thread-1" [_thread_blocked, id=6292, stack(0x6b939000,0x6b98a000)]
  0x6b82b400 JavaThread "pool-1-thread-1" [_thread_blocked, id=6291, stack(0x6b98a000,0x6b9db000)]
  0x6c09a800 JavaThread "Service Thread" daemon [_thread_blocked, id=6280, stack(0x6ba5c000,0x6baad000)]
  0x6c098c00 JavaThread "C2 CompilerThread1" daemon [_thread_blocked, id=6276, stack(0x6baad000,0x6bb2e000)]
  0x6c096c00 JavaThread "C2 CompilerThread0" daemon [_thread_blocked, id=6275, stack(0x6bb2e000,0x6bbaf000)]
  0x6c095400 JavaThread "Signal Dispatcher" daemon [_thread_blocked, id=6266, stack(0x6bbaf000,0x6bc00000)]
  0x6c084800 JavaThread "Finalizer" daemon [_thread_blocked, id=6264, stack(0x6eb2e000,0x6eb7f000)]
  0x6c083000 JavaThread "Reference Handler" daemon [_thread_blocked, id=6260, stack(0x6ed2e000,0x6ed7f000)]
  0xb6607800 JavaThread "main" [_thread_blocked, id=6236, stack(0xb67a6000,0xb67f7000)]

Other Threads:
=>0x6c080800 VMThread [stack: 0x6c134000,0x6c1b5000] [id=6254]
  0x6c09c400 WatcherThread [stack: 0x6b9db000,0x6ba5c000] [id=6282]

VM state:at safepoint (normal execution)

VM Mutex/Monitor currently owned by a thread:  ([mutex/lock_event])
[0xb6605090] Threads_lock - owner thread: 0x6c080800
[0xb66054a0] Heap_lock - owner thread: 0x6b82b400

Heap
 PSYoungGen      total 68608K, used 8438K [0x9dfc0000, 0xa2c40000, 0xb3540000)
  eden space 60160K, 0% used [0x9dfc0000,0x9dfc0000,0xa1a80000)
  from space 8448K, 99% used [0xa1a80000,0xa22bd860,0xa22c0000)
  to   space 7168K, 0% used [0xa22c0000,0xa22c0000,0xa29c0000)
 ParOldGen       total 40704K, used 21561K [0x73540000, 0x75d00000, 0x9dfc0000)
  object space 40704K, 52% used [0x73540000,0x74a4e490,0x75d00000)
 PSPermGen       total 16384K, used 3895K [0x6f540000, 0x70540000, 0x73540000)
  object space 16384K, 23% used [0x6f540000,0x6f90de58,0x70540000)

Card table byte_map: [0x6f31f000,0x6f540000] byte_map_base: 0x6efa4600

Polling page: 0xb7720000

Code Cache  [0xb3600000, 0xb3840000, 0xb6600000)
 total_blobs=428 nmethods=306 adapters=76 free_code_cache=48063Kb largest_free_block=49155264

Compilation events (10 events):
Event: 20.730 Thread 0x6c096c00  312             com.android.dx.rop.code.RopMethod::labelToPredecessors (54 bytes)
Event: 20.742 Thread 0x6c096c00 nmethod 312 0xb36f2908 code [0xb36f2a00, 0xb36f2abc]
Event: 20.742 Thread 0x6c096c00  313   !         java.util.BitSet::clone (48 bytes)
Event: 20.774 Thread 0x6c096c00 nmethod 313 0xb3690288 code [0xb36903a0, 0xb369057c]
Event: 20.774 Thread 0x6c096c00  314             com.android.dx.ssa.SsaMethod::getExitBlock (26 bytes)
Event: 20.785 Thread 0x6c096c00 nmethod 314 0xb368ff08 code [0xb3690000, 0xb36900f0]
Event: 20.785 Thread 0x6c096c00  315             com.android.dx.rop.code.RegisterSpecSet::size (49 bytes)
Event: 20.827 Thread 0x6c096c00 nmethod 315 0xb36a2348 code [0xb36a2440, 0xb36a2570]
Event: 20.827 Thread 0x6c096c00  316             com.android.dx.dex.code.RopTranslator::pickOrder (400 bytes)
Event: 20.967 Thread 0x6c096c00 nmethod 316 0xb36a5b48 code [0xb36a5d80, 0xb36a7444]

GC Heap History (10 events):
Event: 5.251 GC heap after
Heap after GC invocations=2 (full 0):
 PSYoungGen      total 17920K, used 2547K [0x9dfc0000, 0xa02c0000, 0xb3540000)
  eden space 15360K, 0% used [0x9dfc0000,0x9dfc0000,0x9eec0000)
  from space 2560K, 99% used [0x9f140000,0x9f3bcf28,0x9f3c0000)
  to   space 2560K, 0% used [0x9eec0000,0x9eec0000,0x9f140000)
 ParOldGen       total 40704K, used 3291K [0x73540000, 0x75d00000, 0x9dfc0000)
  object space 40704K, 8% used [0x73540000,0x73876eb0,0x75d00000)
 PSPermGen       total 16384K, used 3778K [0x6f540000, 0x70540000, 0x73540000)
  object space 16384K, 23% used [0x6f540000,0x6f8f0998,0x70540000)
}
Event: 6.810 GC heap before
{Heap before GC invocations=3 (full 0):
 PSYoungGen      total 17920K, used 17907K [0x9dfc0000, 0xa02c0000, 0xb3540000)
  eden space 15360K, 100% used [0x9dfc0000,0x9eec0000,0x9eec0000)
  from space 2560K, 99% used [0x9f140000,0x9f3bcf28,0x9f3c0000)
  to   space 2560K, 0% used [0x9eec0000,0x9eec0000,0x9f140000)
 ParOldGen       total 40704K, used 3291K [0x73540000, 0x75d00000, 0x9dfc0000)
  object space 40704K, 8% used [0x73540000,0x73876eb0,0x75d00000)
 PSPermGen       total 16384K, used 3813K [0x6f540000, 0x70540000, 0x73540000)
  object space 16384K, 23% used [0x6f540000,0x6f8f94a8,0x70540000)
Event: 6.857 GC heap after
Heap after GC invocations=3 (full 0):
 PSYoungGen      total 17920K, used 2559K [0x9dfc0000, 0xa02c0000, 0xb3540000)
  eden space 15360K, 0% used [0x9dfc0000,0x9dfc0000,0x9eec0000)
  from space 2560K, 99% used [0x9eec0000,0x9f13fd58,0x9f140000)
  to   space 2560K, 0% used [0xa0040000,0xa0040000,0xa02c0000)
 ParOldGen       total 40704K, used 5992K [0x73540000, 0x75d00000, 0x9dfc0000)
  object space 40704K, 14% used [0x73540000,0x73b1a290,0x75d00000)
 PSPermGen       total 16384K, used 3813K [0x6f540000, 0x70540000, 0x73540000)
  object space 16384K, 23% used [0x6f540000,0x6f8f94a8,0x70540000)
}
Event: 9.482 GC heap before
{Heap before GC invocations=4 (full 0):
 PSYoungGen      total 17920K, used 17919K [0x9dfc0000, 0xa02c0000, 0xb3540000)
  eden space 15360K, 100% used [0x9dfc0000,0x9eec0000,0x9eec0000)
  from space 2560K, 99% used [0x9eec0000,0x9f13fd58,0x9f140000)
  to   space 2560K, 0% used [0xa0040000,0xa0040000,0xa02c0000)
 ParOldGen       total 40704K, used 5992K [0x73540000, 0x75d00000, 0x9dfc0000)
  object space 40704K, 14% used [0x73540000,0x73b1a290,0x75d00000)
 PSPermGen       total 16384K, used 3838K [0x6f540000, 0x70540000, 0x73540000)
  object space 16384K, 23% used [0x6f540000,0x6f8ffbc8,0x70540000)
Event: 9.538 GC heap after
Heap after GC invocations=4 (full 0):
 PSYoungGen      total 33280K, used 2557K [0x9dfc0000, 0xa02c0000, 0xb3540000)
  eden space 30720K, 0% used [0x9dfc0000,0x9dfc0000,0x9fdc0000)
  from space 2560K, 99% used [0xa0040000,0xa02bf7c0,0xa02c0000)
  to   space 2560K, 0% used [0x9fdc0000,0x9fdc0000,0xa0040000)
 ParOldGen       total 40704K, used 8732K [0x73540000, 0x75d00000, 0x9dfc0000)
  object space 40704K, 21% used [0x73540000,0x73dc7338,0x75d00000)
 PSPermGen       total 16384K, used 3838K [0x6f540000, 0x70540000, 0x73540000)
  object space 16384K, 23% used [0x6f540000,0x6f8ffbc8,0x70540000)
}
Event: 14.718 GC heap before
{Heap before GC invocations=5 (full 0):
 PSYoungGen      total 33280K, used 33277K [0x9dfc0000, 0xa02c0000, 0xb3540000)
  eden space 30720K, 100% used [0x9dfc0000,0x9fdc0000,0x9fdc0000)
  from space 2560K, 99% used [0xa0040000,0xa02bf7c0,0xa02c0000)
  to   space 2560K, 0% used [0x9fdc0000,0x9fdc0000,0xa0040000)
 ParOldGen       total 40704K, used 8732K [0x73540000, 0x75d00000, 0x9dfc0000)
  object space 40704K, 21% used [0x73540000,0x73dc7338,0x75d00000)
 PSPermGen       total 16384K, used 3853K [0x6f540000, 0x70540000, 0x73540000)
  object space 16384K, 23% used [0x6f540000,0x6f9036e0,0x70540000)
Event: 14.791 GC heap after
Heap after GC invocations=5 (full 0):
 PSYoungGen      total 33280K, used 2550K [0x9dfc0000, 0xa29c0000, 0xb3540000)
  eden space 30720K, 0% used [0x9dfc0000,0x9dfc0000,0x9fdc0000)
  from space 2560K, 99% used [0x9fdc0000,0xa003da38,0xa0040000)
  to   space 7168K, 0% used [0xa22c0000,0xa22c0000,0xa29c0000)
 ParOldGen       total 40704K, used 12902K [0x73540000, 0x75d00000, 0x9dfc0000)
  object space 40704K, 31% used [0x73540000,0x741d9af8,0x75d00000)
 PSPermGen       total 16384K, used 3853K [0x6f540000, 0x70540000, 0x73540000)
  object space 16384K, 23% used [0x6f540000,0x6f9036e0,0x70540000)
}
Event: 16.853 GC heap before
{Heap before GC invocations=6 (full 0):
 PSYoungGen      total 33280K, used 33270K [0x9dfc0000, 0xa29c0000, 0xb3540000)
  eden space 30720K, 100% used [0x9dfc0000,0x9fdc0000,0x9fdc0000)
  from space 2560K, 99% used [0x9fdc0000,0xa003da38,0xa0040000)
  to   space 7168K, 0% used [0xa22c0000,0xa22c0000,0xa29c0000)
 ParOldGen       total 40704K, used 12902K [0x73540000, 0x75d00000, 0x9dfc0000)
  object space 40704K, 31% used [0x73540000,0x741d9af8,0x75d00000)
 PSPermGen       total 16384K, used 3877K [0x6f540000, 0x70540000, 0x73540000)
  object space 16384K, 23% used [0x6f540000,0x6f909720,0x70540000)
Event: 16.930 GC heap after
Heap after GC invocations=6 (full 0):
 PSYoungGen      total 67328K, used 7159K [0x9dfc0000, 0xa2c40000, 0xb3540000)
  eden space 60160K, 0% used [0x9dfc0000,0x9dfc0000,0xa1a80000)
  from space 7168K, 99% used [0xa22c0000,0xa29bdde0,0xa29c0000)
  to   space 8448K, 0% used [0xa1a80000,0xa1a80000,0xa22c0000)
 ParOldGen       total 40704K, used 13620K [0x73540000, 0x75d00000, 0x9dfc0000)
  object space 40704K, 33% used [0x73540000,0x7428d2c0,0x75d00000)
 PSPermGen       total 16384K, used 3877K [0x6f540000, 0x70540000, 0x73540000)
  object space 16384K, 23% used [0x6f540000,0x6f909720,0x70540000)
}
Event: 21.158 GC heap before
{Heap before GC invocations=7 (full 0):
 PSYoungGen      total 67328K, used 67319K [0x9dfc0000, 0xa2c40000, 0xb3540000)
  eden space 60160K, 100% used [0x9dfc0000,0xa1a80000,0xa1a80000)
  from space 7168K, 99% used [0xa22c0000,0xa29bdde0,0xa29c0000)
  to   space 8448K, 0% used [0xa1a80000,0xa1a80000,0xa22c0000)
 ParOldGen       total 40704K, used 13620K [0x73540000, 0x75d00000, 0x9dfc0000)
  object space 40704K, 33% used [0x73540000,0x7428d2c0,0x75d00000)
 PSPermGen       total 16384K, used 3895K [0x6f540000, 0x70540000, 0x73540000)
  object space 16384K, 23% used [0x6f540000,0x6f90de58,0x70540000)

Deoptimization events (10 events):
Event: 16.548 Thread 0x6b82fc00 Uncommon trap: reason=unstable_if action=reinterpret pc=0xb3691d3c method=com.android.dx.ssa.SsaMethod.updateOneDefinition(Lcom/android/dx/ssa/SsaInsn;Lcom/android/dx/rop/code/RegisterSpec;)V @ 4
Event: 16.579 Thread 0x6b82fc00 Uncommon trap: reason=unstable_if action=reinterpret pc=0xb36ce898 method=com.android.dx.rop.code.LocalItem.compareHandlesNulls(Lcom/android/dx/rop/cst/CstString;Lcom/android/dx/rop/cst/CstString;)I @ 14
Event: 16.579 Thread 0x6b82fc00 Uncommon trap: reason=unstable_if action=reinterpret pc=0xb367bb28 method=com.android.dx.rop.code.LocalItem.compareHandlesNulls(Lcom/android/dx/rop/cst/CstString;Lcom/android/dx/rop/cst/CstString;)I @ 14
Event: 16.788 Thread 0xb6607800 Uncommon trap: reason=null_check action=make_not_entrant pc=0xb36809b0 method=com.android.dx.ssa.SsaRenamer.getLocalForNewReg(I)Lcom/android/dx/rop/code/LocalItem; @ 19
Event: 17.229 Thread 0x6b82e000 Uncommon trap: reason=null_check action=make_not_entrant pc=0xb3683d00 method=com.android.dx.ssa.SsaRenamer.getLocalForNewReg(I)Lcom/android/dx/rop/code/LocalItem; @ 19
Event: 18.822 Thread 0x6b82e000 Uncommon trap: reason=unstable_if action=reinterpret pc=0xb36fc18c method=com.android.dx.cf.code.Ropper.processBlock(Lcom/android/dx/cf/code/ByteBlock;Lcom/android/dx/cf/code/Frame;[I)V @ 513
Event: 19.108 Thread 0x6b82fc00 Uncommon trap: reason=unstable_if action=reinterpret pc=0xb36eedcc method=com.android.dx.ssa.SCCP.simulateStmt(Lcom/android/dx/ssa/SsaInsn;)V @ 59
Event: 20.446 Thread 0x6b82fc00 Uncommon trap: reason=unstable_if action=reinterpret pc=0xb36b67bc method=com.android.dx.util.IntList.binarysearch(I)I @ 105
Event: 20.450 Thread 0x6b82fc00 Uncommon trap: reason=unstable_if action=reinterpret pc=0xb36d0b38 method=com.android.dx.ssa.SsaBasicBlock.newFromRop(Lcom/android/dx/rop/code/RopMethod;ILcom/android/dx/ssa/SsaMethod;)Lcom/android/dx/ssa/SsaBasicBlock; @ 164
Event: 20.817 Thread 0x6b82b400 Uncommon trap: reason=unstable_if action=reinterpret pc=0xb3678c2c method=com.android.dx.util.IntList.binarysearch(I)I @ 105

Internal exceptions (10 events):
Event: 11.408 Thread 0xb6607800 Implicit null exception at 0xb366b2ab to 0xb366b382
Event: 14.811 Thread 0x6b82b400 Threw 0x9e035398 at /HUDSON/workspace/7u-2-build-linux-i586/jdk7u80/2329/hotspot/src/share/vm/prims/jvm.cpp:1319
Event: 16.251 Thread 0xb6607800 Threw 0x9f232d28 at /HUDSON/workspace/7u-2-build-linux-i586/jdk7u80/2329/hotspot/src/share/vm/prims/jvm.cpp:1319
Event: 16.547 Thread 0x6b82fc00 Threw 0x9f89b6e0 at /HUDSON/workspace/7u-2-build-linux-i586/jdk7u80/2329/hotspot/src/share/vm/prims/jvm.cpp:1319
Event: 16.579 Thread 0x6b82fc00 Implicit null exception at 0xb36ce71f to 0xb36ce885
Event: 16.579 Thread 0x6b82fc00 Implicit null exception at 0xb367ba19 to 0xb367bb15
Event: 16.788 Thread 0xb6607800 Implicit null exception at 0xb3680083 to 0xb36809a1
Event: 17.229 Thread 0x6b82e000 Implicit null exception at 0xb368343c to 0xb3683ce1
Event: 17.310 Thread 0xb6607800 Threw 0x9e5c9110 at /HUDSON/workspace/7u-2-build-linux-i586/jdk7u80/2329/hotspot/src/share/vm/prims/jvm.cpp:1319
Event: 18.592 Thread 0xb6607800 Threw 0x9f910968 at /HUDSON/workspace/7u-2-build-linux-i586/jdk7u80/2329/hotspot/src/share/vm/prims/jvm.cpp:1319

Events (10 events):
Event: 20.446 Thread 0x6b82fc00 Uncommon trap: trap_request=0xffffff75 fr.pc=0xb36b67bc
Event: 20.446 Thread 0x6b82fc00 DEOPT PACKING pc=0xb36b67bc sp=0x6b7adb90
Event: 20.446 Thread 0x6b82fc00 DEOPT UNPACKING pc=0xb362cbc8 sp=0x6b7adb38 mode 2
Event: 20.450 Thread 0x6b82fc00 Uncommon trap: trap_request=0xffffff75 fr.pc=0xb36d0b38
Event: 20.450 Thread 0x6b82fc00 DEOPT PACKING pc=0xb36d0b38 sp=0x6b7adb20
Event: 20.450 Thread 0x6b82fc00 DEOPT UNPACKING pc=0xb362cbc8 sp=0x6b7adb28 mode 2
Event: 20.817 Thread 0x6b82b400 Uncommon trap: trap_request=0xffffff75 fr.pc=0xb3678c2c
Event: 20.817 Thread 0x6b82b400 DEOPT PACKING pc=0xb3678c2c sp=0x6b9d9ae0
Event: 20.817 Thread 0x6b82b400 DEOPT UNPACKING pc=0xb362cbc8 sp=0x6b9d9abc mode 2
Event: 20.971 Executing VM operation: ParallelGCFailedAllocation


Dynamic libraries:
08048000-08049000 r-xp 00000000 08:01 17053460   /usr/lib/jvm/java-7-oracle/bin/java
08049000-0804a000 rw-p 00000000 08:01 17053460   /usr/lib/jvm/java-7-oracle/bin/java
09a38000-09b46000 rw-p 00000000 00:00 0          [heap]
69e00000-69efd000 rw-p 00000000 00:00 0 
69efd000-69f00000 ---p 00000000 00:00 0 
6a000000-6a0fa000 rw-p 00000000 00:00 0 
6a0fa000-6a100000 ---p 00000000 00:00 0 
6a100000-6a19a000 rw-p 00000000 00:00 0 
6a19a000-6a200000 ---p 00000000 00:00 0 
6a200000-6a2f1000 rw-p 00000000 00:00 0 
6a2f1000-6a300000 ---p 00000000 00:00 0 
6a300000-6a3fd000 rw-p 00000000 00:00 0 
6a3fd000-6a400000 ---p 00000000 00:00 0 
6a400000-6a4f7000 rw-p 00000000 00:00 0 
6a4f7000-6a500000 ---p 00000000 00:00 0 
6a500000-6a5f3000 rw-p 00000000 00:00 0 
6a5f3000-6a600000 ---p 00000000 00:00 0 
6a600000-6a6fb000 rw-p 00000000 00:00 0 
6a6fb000-6a700000 ---p 00000000 00:00 0 
6a800000-6a8fd000 rw-p 00000000 00:00 0 
6a8fd000-6a900000 ---p 00000000 00:00 0 
6a900000-6a9fb000 rw-p 00000000 00:00 0 
6a9fb000-6aa00000 ---p 00000000 00:00 0 
6aa00000-6aaf8000 rw-p 00000000 00:00 0 
6aaf8000-6ab00000 ---p 00000000 00:00 0 
6ab00000-6ac00000 rw-p 00000000 00:00 0 
6ac00000-6acf7000 rw-p 00000000 00:00 0 
6acf7000-6ad00000 ---p 00000000 00:00 0 
6ae00000-6aefe000 rw-p 00000000 00:00 0 
6aefe000-6af00000 ---p 00000000 00:00 0 
6af00000-6b000000 rw-p 00000000 00:00 0 
6b000000-6b0ff000 rw-p 00000000 00:00 0 
6b0ff000-6b100000 ---p 00000000 00:00 0 
6b200000-6b2ff000 rw-p 00000000 00:00 0 
6b2ff000-6b300000 ---p 00000000 00:00 0 
6b300000-6b3f9000 rw-p 00000000 00:00 0 
6b3f9000-6b400000 ---p 00000000 00:00 0 
6b400000-6b4ff000 rw-p 00000000 00:00 0 
6b4ff000-6b500000 ---p 00000000 00:00 0 
6b600000-6b6ec000 rw-p 00000000 00:00 0 
6b6ec000-6b700000 ---p 00000000 00:00 0 
6b70d000-6b710000 ---p 00000000 00:00 0 
6b710000-6b75e000 rw-p 00000000 00:00 0 
6b75e000-6b761000 ---p 00000000 00:00 0 
6b761000-6b7af000 rw-p 00000000 00:00 0 
6b7af000-6b7b2000 ---p 00000000 00:00 0 
6b7b2000-6b800000 rw-p 00000000 00:00 0 
6b800000-6b84b000 rw-p 00000000 00:00 0 
6b84b000-6b900000 ---p 00000000 00:00 0 
6b939000-6b93c000 ---p 00000000 00:00 0 
6b93c000-6b98a000 rw-p 00000000 00:00 0 
6b98a000-6b98d000 ---p 00000000 00:00 0 
6b98d000-6b9db000 rw-p 00000000 00:00 0 
6b9db000-6b9dc000 ---p 00000000 00:00 0 
6b9dc000-6ba5c000 rw-p 00000000 00:00 0 
6ba5c000-6ba5f000 ---p 00000000 00:00 0 
6ba5f000-6baad000 rw-p 00000000 00:00 0 
6baad000-6bab0000 ---p 00000000 00:00 0 
6bab0000-6bb2e000 rw-p 00000000 00:00 0 
6bb2e000-6bb31000 ---p 00000000 00:00 0 
6bb31000-6bbaf000 rw-p 00000000 00:00 0 
6bbaf000-6bbb2000 ---p 00000000 00:00 0 
6bbb2000-6bc00000 rw-p 00000000 00:00 0 
6bc00000-6be00000 r--p 00000000 08:01 16778780   /usr/lib/locale/locale-archive
6be00000-6bef3000 rw-p 00000000 00:00 0 
6bef3000-6bf00000 ---p 00000000 00:00 0 
6bf00000-6bf26000 rw-p 00000000 00:00 0 
6bf26000-6c000000 ---p 00000000 00:00 0 
6c000000-6c0fd000 rw-p 00000000 00:00 0 
6c0fd000-6c100000 ---p 00000000 00:00 0 
6c134000-6c135000 ---p 00000000 00:00 0 
6c135000-6c200000 rw-p 00000000 00:00 0 
6c200000-6c3c0000 r--s 039fb000 08:01 16924997   /usr/lib/jvm/java-7-oracle/jre/lib/rt.jar
6c3c0000-6ea00000 rw-p 00000000 00:00 0 
6ea00000-6eafb000 rw-p 00000000 00:00 0 
6eafb000-6eb00000 ---p 00000000 00:00 0 
6eb2e000-6eb31000 ---p 00000000 00:00 0 
6eb31000-6eb7f000 rw-p 00000000 00:00 0 
6eb7f000-6eb80000 ---p 00000000 00:00 0 
6eb80000-6ec00000 rw-p 00000000 00:00 0 
6ec00000-6ec21000 rw-p 00000000 00:00 0 
6ec21000-6ed00000 ---p 00000000 00:00 0 
6ed18000-6ed2d000 r-xp 00000000 08:01 17040274   /usr/lib/jvm/java-7-oracle/jre/lib/i386/libnet.so
6ed2d000-6ed2e000 rw-p 00015000 08:01 17040274   /usr/lib/jvm/java-7-oracle/jre/lib/i386/libnet.so
6ed2e000-6ed31000 ---p 00000000 00:00 0 
6ed31000-6ed7f000 rw-p 00000000 00:00 0 
6ed7f000-6ed80000 ---p 00000000 00:00 0 
6ed80000-6ee00000 rw-p 00000000 00:00 0 
6ee00000-6ee21000 rw-p 00000000 00:00 0 
6ee21000-6ef00000 ---p 00000000 00:00 0 
6ef15000-6ef23000 r-xp 00000000 08:01 17040275   /usr/lib/jvm/java-7-oracle/jre/lib/i386/libnio.so
6ef23000-6ef24000 rw-p 0000e000 08:01 17040275   /usr/lib/jvm/java-7-oracle/jre/lib/i386/libnio.so
6ef24000-6ef7f000 rw-p 00000000 00:00 0 
6ef7f000-6ef80000 ---p 00000000 00:00 0 
6ef80000-6f000000 rw-p 00000000 00:00 0 
6f000000-6f025000 rw-p 00000000 00:00 0 
6f025000-6f100000 ---p 00000000 00:00 0 
6f10e000-6f128000 rw-p 00000000 00:00 0 
6f128000-6f129000 ---p 00000000 00:00 0 
6f129000-6f1b1000 rw-p 00000000 00:00 0 
6f1b1000-6f1c9000 rw-p 00000000 00:00 0 
6f1c9000-6f1dd000 rw-p 00000000 00:00 0 
6f1dd000-6f31f000 rw-p 00000000 00:00 0 
6f31f000-6f327000 rw-p 00000000 00:00 0 
6f327000-6f33f000 rw-p 00000000 00:00 0 
6f33f000-6f353000 rw-p 00000000 00:00 0 
6f353000-6f494000 rw-p 00000000 00:00 0 
6f494000-6f4bb000 rw-p 00000000 00:00 0 
6f4bb000-6f53f000 rw-p 00000000 00:00 0 
6f53f000-70540000 rw-p 00000000 00:00 0 
70540000-73540000 rw-p 00000000 00:00 0 
73540000-75d00000 rw-p 00000000 00:00 0 
75d00000-9dfc0000 rw-p 00000000 00:00 0 
9dfc0000-a2c40000 rw-p 00000000 00:00 0 
a6da3000-a6fc0000 rw-p 00000000 00:00 0 
a6fc0000-b3540000 rw-p 00000000 00:00 0 
b3540000-b3549000 rw-p 00000000 00:00 0 
b3549000-b3600000 rw-p 00000000 00:00 0 
b3600000-b3840000 rwxp 00000000 00:00 0 
b3840000-b66f6000 rw-p 00000000 00:00 0 
b66f6000-b6700000 ---p 00000000 00:00 0 
b6700000-b6712000 r--s 000c6000 08:01 27012130   /home/aniruddha/Android/studio/workspaces/2015/June/InterActivityCom/app/build/intermediates/exploded-aar/com.android.support/support-v4/22.2.0/jars/classes.jar
b6712000-b6729000 r-xp 00000000 08:01 17040235   /usr/lib/jvm/java-7-oracle/jre/lib/i386/libzip.so
b6729000-b672a000 rw-p 00016000 08:01 17040235   /usr/lib/jvm/java-7-oracle/jre/lib/i386/libzip.so
b672a000-b6735000 r-xp 00000000 08:01 16398736   /lib/i386-linux-gnu/libnss_files-2.15.so
b6735000-b6736000 r--p 0000a000 08:01 16398736   /lib/i386-linux-gnu/libnss_files-2.15.so
b6736000-b6737000 rw-p 0000b000 08:01 16398736   /lib/i386-linux-gnu/libnss_files-2.15.so
b6737000-b6741000 r-xp 00000000 08:01 16398723   /lib/i386-linux-gnu/libnss_nis-2.15.so
b6741000-b6742000 r--p 00009000 08:01 16398723   /lib/i386-linux-gnu/libnss_nis-2.15.so
b6742000-b6743000 rw-p 0000a000 08:01 16398723   /lib/i386-linux-gnu/libnss_nis-2.15.so
b6743000-b6759000 r-xp 00000000 08:01 16398746   /lib/i386-linux-gnu/libnsl-2.15.so
b6759000-b675a000 r--p 00015000 08:01 16398746   /lib/i386-linux-gnu/libnsl-2.15.so
b675a000-b675b000 rw-p 00016000 08:01 16398746   /lib/i386-linux-gnu/libnsl-2.15.so
b675b000-b675d000 rw-p 00000000 00:00 0 
b6762000-b6771000 r--s 000df000 08:01 28574710   /home/aniruddha/Android/EclipseAndSDK/android-all-linux/android-sdk-linux_x86/build-tools/23.0.0_rc2/lib/dx.jar
b6771000-b6779000 rw-s 00000000 08:01 28575825   /tmp/hsperfdata_root/6214
b6779000-b679c000 r-xp 00000000 08:01 17040135   /usr/lib/jvm/java-7-oracle/jre/lib/i386/libjava.so
b679c000-b679d000 rw-p 00023000 08:01 17040135   /usr/lib/jvm/java-7-oracle/jre/lib/i386/libjava.so
b679d000-b67a4000 r-xp 00000000 08:01 16398738   /lib/i386-linux-gnu/librt-2.15.so
b67a4000-b67a5000 r--p 00006000 08:01 16398738   /lib/i386-linux-gnu/librt-2.15.so
b67a5000-b67a6000 rw-p 00007000 08:01 16398738   /lib/i386-linux-gnu/librt-2.15.so
b67a6000-b67a9000 ---p 00000000 00:00 0 
b67a9000-b67f7000 rw-p 00000000 00:00 0 
b67f7000-b6821000 r-xp 00000000 08:01 16398747   /lib/i386-linux-gnu/libm-2.15.so
b6821000-b6822000 r--p 00029000 08:01 16398747   /lib/i386-linux-gnu/libm-2.15.so
b6822000-b6823000 rw-p 0002a000 08:01 16398747   /lib/i386-linux-gnu/libm-2.15.so
b6823000-b70aa000 r-xp 00000000 08:01 17040223   /usr/lib/jvm/java-7-oracle/jre/lib/i386/server/libjvm.so
b70aa000-b710e000 rw-p 00886000 08:01 17040223   /usr/lib/jvm/java-7-oracle/jre/lib/i386/server/libjvm.so
b710e000-b7532000 rw-p 00000000 00:00 0 
b7532000-b76d5000 r-xp 00000000 08:01 16398751   /lib/i386-linux-gnu/libc-2.15.so
b76d5000-b76d7000 r--p 001a3000 08:01 16398751   /lib/i386-linux-gnu/libc-2.15.so
b76d7000-b76d8000 rw-p 001a5000 08:01 16398751   /lib/i386-linux-gnu/libc-2.15.so
b76d8000-b76db000 rw-p 00000000 00:00 0 
b76db000-b76de000 r-xp 00000000 08:01 16398749   /lib/i386-linux-gnu/libdl-2.15.so
b76de000-b76df000 r--p 00002000 08:01 16398749   /lib/i386-linux-gnu/libdl-2.15.so
b76df000-b76e0000 rw-p 00003000 08:01 16398749   /lib/i386-linux-gnu/libdl-2.15.so
b76e0000-b76e1000 rw-p 00000000 00:00 0 
b76e1000-b76f5000 r-xp 00000000 08:01 17059199   /usr/lib/jvm/java-7-oracle/lib/i386/jli/libjli.so
b76f5000-b76f6000 rw-p 00013000 08:01 17059199   /usr/lib/jvm/java-7-oracle/lib/i386/jli/libjli.so
b76f6000-b770d000 r-xp 00000000 08:01 16398734   /lib/i386-linux-gnu/libpthread-2.15.so
b770d000-b770e000 r--p 00016000 08:01 16398734   /lib/i386-linux-gnu/libpthread-2.15.so
b770e000-b770f000 rw-p 00017000 08:01 16398734   /lib/i386-linux-gnu/libpthread-2.15.so
b770f000-b7711000 rw-p 00000000 00:00 0 
b7714000-b7715000 rw-p 00000000 00:00 0 
b7715000-b7716000 r--p 002c5000 08:01 16778780   /usr/lib/locale/locale-archive
b7716000-b771d000 r-xp 00000000 08:01 16398750   /lib/i386-linux-gnu/libnss_compat-2.15.so
b771d000-b771e000 r--p 00006000 08:01 16398750   /lib/i386-linux-gnu/libnss_compat-2.15.so
b771e000-b771f000 rw-p 00007000 08:01 16398750   /lib/i386-linux-gnu/libnss_compat-2.15.so
b771f000-b7720000 rw-p 00000000 00:00 0 
b7720000-b7721000 ---p 00000000 00:00 0 
b7721000-b772c000 r-xp 00000000 08:01 17040207   /usr/lib/jvm/java-7-oracle/jre/lib/i386/libverify.so
b772c000-b772d000 rw-p 0000b000 08:01 17040207   /usr/lib/jvm/java-7-oracle/jre/lib/i386/libverify.so
b772d000-b772f000 rw-p 00000000 00:00 0 
b772f000-b7730000 r-xp 00000000 00:00 0          [vdso]
b7730000-b7750000 r-xp 00000000 08:01 16398739   /lib/i386-linux-gnu/ld-2.15.so
b7750000-b7751000 r--p 0001f000 08:01 16398739   /lib/i386-linux-gnu/ld-2.15.so
b7751000-b7752000 rw-p 00020000 08:01 16398739   /lib/i386-linux-gnu/ld-2.15.so
bfeef000-bfef0000 rwxp 00000000 00:00 0 
bff22000-bff43000 rw-p 00000000 00:00 0          [stack]

VM Arguments:
jvm_args: -Xmx1024M -Dfile.encoding=UTF-8 -Duser.country=US -Duser.language=en -Duser.variant 
java_command: com.android.dx.command.Main --dex --num-threads=4 --output /home/aniruddha/Android/studio/workspaces/2015/June/InterActivityCom/app/build/intermediates/pre-dexed/debug/classes-b6f90610a06123233242dc76d63408d86d98bf3a.jar /home/aniruddha/Android/studio/workspaces/2015/June/InterActivityCom/app/build/intermediates/exploded-aar/com.android.support/support-v4/22.2.0/jars/classes.jar
Launcher Type: SUN_STANDARD

Environment Variables:
JAVA_HOME=/usr/lib/jvm/java-8-oracle
CLASSPATH=./../lib/bootstrap.jar:./../lib/extensions.jar:./../lib/util.jar:./../lib/jdom.jar:./../lib/log4j.jar:./../lib/trove4j.jar:./../lib/jna.jar:/usr/lib/jvm/java-8-oracle/lib/tools.jar
PATH=/usr/local/sbin:/usr/local/bin:/usr/sbin:/usr/bin:/sbin:/bin:/usr/games:/usr/local/apache-maven/apache-maven-3.1.1/bin
USERNAME=root
LD_LIBRARY_PATH=.:
SHELL=/bin/bash
DISPLAY=:0.0

Signal Handlers:
SIGSEGV: [libjvm.so+0x7eb160], sa_mask[0]=0x7ffbfeff, sa_flags=0x10000004
SIGBUS: [libjvm.so+0x7eb160], sa_mask[0]=0x7ffbfeff, sa_flags=0x10000004
SIGFPE: [libjvm.so+0x684ac0], sa_mask[0]=0x7ffbfeff, sa_flags=0x10000004
SIGPIPE: [libjvm.so+0x684ac0], sa_mask[0]=0x7ffbfeff, sa_flags=0x10000004
SIGXFSZ: [libjvm.so+0x684ac0], sa_mask[0]=0x7ffbfeff, sa_flags=0x10000004
SIGILL: [libjvm.so+0x684ac0], sa_mask[0]=0x7ffbfeff, sa_flags=0x10000004
SIGUSR1: SIG_DFL, sa_mask[0]=0x00000000, sa_flags=0x00000000
SIGUSR2: [libjvm.so+0x686330], sa_mask[0]=0x00000004, sa_flags=0x10000004
SIGHUP: [libjvm.so+0x687660], sa_mask[0]=0x7ffbfeff, sa_flags=0x10000004
SIGINT: [libjvm.so+0x687660], sa_mask[0]=0x7ffbfeff, sa_flags=0x10000004
SIGTERM: [libjvm.so+0x687660], sa_mask[0]=0x7ffbfeff, sa_flags=0x10000004
SIGQUIT: [libjvm.so+0x687660], sa_mask[0]=0x7ffbfeff, sa_flags=0x10000004


---------------  S Y S T E M  ---------------

OS:wheezy/sid

uname:Linux 3.2.0-86-generic-pae #123-Ubuntu SMP Sun Jun 14 18:30:54 UTC 2015 i686
libc:glibc 2.15 NPTL 2.15 
rlimit: STACK 8192k, CORE 0k, NPROC 30490, NOFILE 4096, AS infinity
load average:8.00 3.98 2.70

/proc/meminfo:
MemTotal:        3917404 kB
MemFree:          156264 kB
Buffers:           10420 kB
Cached:           393564 kB
SwapCached:            0 kB
Active:          3318684 kB
Inactive:         349344 kB
Active(anon):    3271768 kB
Inactive(anon):   304044 kB
Active(file):      46916 kB
Inactive(file):    45300 kB
Unevictable:           0 kB
Mlocked:               0 kB
HighTotal:       3075160 kB
HighFree:            592 kB
LowTotal:         842244 kB
LowFree:          155672 kB
SwapTotal:             0 kB
SwapFree:              0 kB
Dirty:                20 kB
Writeback:           220 kB
AnonPages:       3264088 kB
Mapped:            79756 kB
Shmem:            312028 kB
Slab:              45632 kB
SReclaimable:      21752 kB
SUnreclaim:        23880 kB
KernelStack:        5832 kB
PageTables:        16812 kB
NFS_Unstable:          0 kB
Bounce:                0 kB
WritebackTmp:          0 kB
CommitLimit:     1958700 kB
Committed_AS:    8772620 kB
VmallocTotal:     122880 kB
VmallocUsed:       23400 kB
VmallocChunk:      98204 kB
HardwareCorrupted:     0 kB
AnonHugePages:         0 kB
HugePages_Total:       0
HugePages_Free:        0
HugePages_Rsvd:        0
HugePages_Surp:        0
Hugepagesize:       2048 kB
DirectMap4k:       10232 kB
DirectMap2M:      903168 kB


CPU:total 4 (2 cores per cpu, 2 threads per core) family 6 model 37 stepping 5, cmov, cx8, fxsr, mmx, sse, sse2, sse3, ssse3, sse4.1, sse4.2, popcnt, ht, tsc, tscinvbit

/proc/cpuinfo:
processor	: 0
vendor_id	: GenuineIntel
cpu family	: 6
model		: 37
model name	: Intel(R) Core(TM) i3 CPU       M 370  @ 2.40GHz
stepping	: 5
microcode	: 0x2
cpu MHz		: 2394.000
cache size	: 3072 KB
physical id	: 0
siblings	: 4
core id		: 0
cpu cores	: 2
apicid		: 0
initial apicid	: 0
fdiv_bug	: no
hlt_bug		: no
f00f_bug	: no
coma_bug	: no
fpu		: yes
fpu_exception	: yes
cpuid level	: 11
wp		: yes
flags		: fpu vme de pse tsc msr pae mce cx8 apic sep mtrr pge mca cmov pat pse36 clflush dts acpi mmx fxsr sse sse2 ss ht tm pbe nx rdtscp lm constant_tsc arch_perfmon pebs bts xtopology nonstop_tsc aperfmperf pni dtes64 monitor ds_cpl vmx est tm2 ssse3 cx16 xtpr pdcm pcid sse4_1 sse4_2 popcnt lahf_lm arat dtherm tpr_shadow vnmi flexpriority ept vpid
bogomips	: 4787.62
clflush size	: 64
cache_alignment	: 64
address sizes	: 36 bits physical, 48 bits virtual
power management:

processor	: 1
vendor_id	: GenuineIntel
cpu family	: 6
model		: 37
model name	: Intel(R) Core(TM) i3 CPU       M 370  @ 2.40GHz
stepping	: 5
microcode	: 0x2
cpu MHz		: 2394.000
cache size	: 3072 KB
physical id	: 0
siblings	: 4
core id		: 2
cpu cores	: 2
apicid		: 4
initial apicid	: 4
fdiv_bug	: no
hlt_bug		: no
f00f_bug	: no
coma_bug	: no
fpu		: yes
fpu_exception	: yes
cpuid level	: 11
wp		: yes
flags		: fpu vme de pse tsc msr pae mce cx8 apic sep mtrr pge mca cmov pat pse36 clflush dts acpi mmx fxsr sse sse2 ss ht tm pbe nx rdtscp lm constant_tsc arch_perfmon pebs bts xtopology nonstop_tsc aperfmperf pni dtes64 monitor ds_cpl vmx est tm2 ssse3 cx16 xtpr pdcm pcid sse4_1 sse4_2 popcnt lahf_lm arat dtherm tpr_shadow vnmi flexpriority ept vpid
bogomips	: 4787.74
clflush size	: 64
cache_alignment	: 64
address sizes	: 36 bits physical, 48 bits virtual
power management:

processor	: 2
vendor_id	: GenuineIntel
cpu family	: 6
model		: 37
model name	: Intel(R) Core(TM) i3 CPU       M 370  @ 2.40GHz
stepping	: 5
microcode	: 0x2
cpu MHz		: 2394.000
cache size	: 3072 KB
physical id	: 0
siblings	: 4
core id		: 0
cpu cores	: 2
apicid		: 1
initial apicid	: 1
fdiv_bug	: no
hlt_bug		: no
f00f_bug	: no
coma_bug	: no
fpu		: yes
fpu_exception	: yes
cpuid level	: 11
wp		: yes
flags		: fpu vme de pse tsc msr pae mce cx8 apic sep mtrr pge mca cmov pat pse36 clflush dts acpi mmx fxsr sse sse2 ss ht tm pbe nx rdtscp lm constant_tsc arch_perfmon pebs bts xtopology nonstop_tsc aperfmperf pni dtes64 monitor ds_cpl vmx est tm2 ssse3 cx16 xtpr pdcm pcid sse4_1 sse4_2 popcnt lahf_lm arat dtherm tpr_shadow vnmi flexpriority ept vpid
bogomips	: 4787.74
clflush size	: 64
cache_alignment	: 64
address sizes	: 36 bits physical, 48 bits virtual
power management:

processor	: 3
vendor_id	: GenuineIntel
cpu family	: 6
model		: 37
model name	: Intel(R) Core(TM) i3 CPU       M 370  @ 2.40GHz
stepping	: 5
microcode	: 0x2
cpu MHz		: 2394.000
cache size	: 3072 KB
physical id	: 0
siblings	: 4
core id		: 2
cpu cores	: 2
apicid		: 5
initial apicid	: 5
fdiv_bug	: no
hlt_bug		: no
f00f_bug	: no
coma_bug	: no
fpu		: yes
fpu_exception	: yes
cpuid level	: 11
wp		: yes
flags		: fpu vme de pse tsc msr pae mce cx8 apic sep mtrr pge mca cmov pat pse36 clflush dts acpi mmx fxsr sse sse2 ss ht tm pbe nx rdtscp lm constant_tsc arch_perfmon pebs bts xtopology nonstop_tsc aperfmperf pni dtes64 monitor ds_cpl vmx est tm2 ssse3 cx16 xtpr pdcm pcid sse4_1 sse4_2 popcnt lahf_lm arat dtherm tpr_shadow vnmi flexpriority ept vpid
bogomips	: 4787.74
clflush size	: 64
cache_alignment	: 64
address sizes	: 36 bits physical, 48 bits virtual
power management:



Memory: 4k page, physical 3917404k(155540k free), swap 0k(0k free)

vm_info: Java HotSpot(TM) Server VM (24.80-b11) for linux-x86 JRE (1.7.0_80-b15), built on Apr 10 2015 12:29:10 by "java_re" with gcc 4.3.0 20080428 (Red Hat 4.3.0-8)

time: Thu Jun 18 09:24:59 2015
elapsed time: 21 seconds

