#
# There is insufficient memory for the Java Runtime Environment to continue.
# Native memory allocation (malloc) failed to allocate 82837504 bytes for committing reserved memory.
# Possible reasons:
#   The system is out of physical RAM or swap space
#   In 32 bit mode, the process size limit was hit
# Possible solutions:
#   Reduce memory load on the system
#   Increase physical memory or swap space
#   Check if swap backing store is full
#   Use 64 bit Java on a 64 bit OS
#   Decrease Java heap size (-Xmx/-Xms)
#   Decrease number of Java threads
#   Decrease Java thread stack sizes (-Xss)
#   Set larger code cache with -XX:ReservedCodeCacheSize=
# This output file may be truncated or incomplete.
#
#  Out of Memory Error (os_linux.cpp:2756), pid=6024, tid=1813728064
#
# JRE version: Java(TM) SE Runtime Environment (7.0_80-b15) (build 1.7.0_80-b15)
# Java VM: Java HotSpot(TM) Server VM (24.80-b11 mixed mode linux-x86 )
# Failed to write core dump. Core dumps have been disabled. To enable core dumping, try "ulimit -c unlimited" before starting Java again
#

---------------  T H R E A D  ---------------

Current thread (0x6c080800):  VMThread [stack: 0x6c134000,0x6c1b5000] [id=6068]

Stack: [0x6c134000,0x6c1b5000],  sp=0x6c1b38b0,  free space=510k
Native frames: (J=compiled Java code, j=interpreted, Vv=VM code, C=native code)
V  [libjvm.so+0x7ea656]  VMError::report_and_die()+0x1a6
V  [libjvm.so+0x33eb82]  report_vm_out_of_memory(char const*, int, unsigned int, char const*)+0x72
V  [libjvm.so+0x687fb1]  os::Linux::commit_memory_impl(char*, unsigned int, bool)+0xe1
V  [libjvm.so+0x688478]  os::pd_commit_memory(char*, unsigned int, unsigned int, bool)+0x28
V  [libjvm.so+0x681b2c]  os::commit_memory(char*, unsigned int, unsigned int, bool)+0x2c
V  [libjvm.so+0x6ea8d8]  PSVirtualSpace::expand_by(unsigned int)+0x48
V  [libjvm.so+0x6eb9da]  PSYoungGen::resize_generation(unsigned int, unsigned int)+0xda
V  [libjvm.so+0x6ead19]  PSYoungGen::resize(unsigned int, unsigned int)+0x19
V  [libjvm.so+0x6e8649]  PSScavenge::invoke_no_policy()+0xcf9
V  [libjvm.so+0x6e8ea8]  PSScavenge::invoke()+0x28
V  [libjvm.so+0x6a851a]  ParallelScavengeHeap::failed_mem_allocate(unsigned int)+0x5a
V  [libjvm.so+0x7ebeea]  VM_ParallelGCFailedAllocation::doit()+0x7a
V  [libjvm.so+0x7f4d07]  VM_Operation::evaluate()+0x47
V  [libjvm.so+0x7f2da3]  VMThread::evaluate_operation(VM_Operation*)+0xb3
V  [libjvm.so+0x7f3140]  VMThread::loop()+0x1b0
V  [libjvm.so+0x7f35a5]  VMThread::run()+0x85
V  [libjvm.so+0x68a249]  java_start(Thread*)+0x119
C  [libpthread.so.0+0x6d4c]  start_thread+0xcc

VM_Operation (0x6b75cb08): ParallelGCFailedAllocation, mode: safepoint, requested by thread 0x6b841800


---------------  P R O C E S S  ---------------

Java Threads: ( => current thread )
  0x6b841800 JavaThread "pool-1-thread-4" [_thread_blocked, id=6118, stack(0x6b70d000,0x6b75e000)]
  0x6b841000 JavaThread "pool-1-thread-3" [_thread_blocked, id=6116, stack(0x6b75e000,0x6b7af000)]
  0x6b83d400 JavaThread "pool-1-thread-2" [_thread_blocked, id=6109, stack(0x6b7af000,0x6b800000)]
  0x6b83c000 JavaThread "pool-2-thread-1" [_thread_blocked, id=6106, stack(0x6b939000,0x6b98a000)]
  0x6b826400 JavaThread "pool-1-thread-1" [_thread_blocked, id=6100, stack(0x6b98a000,0x6b9db000)]
  0x6c09ac00 JavaThread "Service Thread" daemon [_thread_blocked, id=6087, stack(0x6ba5c000,0x6baad000)]
  0x6c098c00 JavaThread "C2 CompilerThread1" daemon [_thread_blocked, id=6084, stack(0x6baad000,0x6bb2e000)]
  0x6c096c00 JavaThread "C2 CompilerThread0" daemon [_thread_blocked, id=6083, stack(0x6bb2e000,0x6bbaf000)]
  0x6c095400 JavaThread "Signal Dispatcher" daemon [_thread_blocked, id=6080, stack(0x6bbaf000,0x6bc00000)]
  0x6c084800 JavaThread "Finalizer" daemon [_thread_blocked, id=6073, stack(0x6eb2e000,0x6eb7f000)]
  0x6c083000 JavaThread "Reference Handler" daemon [_thread_blocked, id=6071, stack(0x6ed2e000,0x6ed7f000)]
  0xb6607800 JavaThread "main" [_thread_blocked, id=6050, stack(0xb67dd000,0xb682e000)]

Other Threads:
=>0x6c080800 VMThread [stack: 0x6c134000,0x6c1b5000] [id=6068]
  0x6c09c800 WatcherThread [stack: 0x6b9db000,0x6ba5c000] [id=6096]

VM state:at safepoint (normal execution)

VM Mutex/Monitor currently owned by a thread:  ([mutex/lock_event])
[0xb6605090] Threads_lock - owner thread: 0x6c080800
[0xb66054a0] Heap_lock - owner thread: 0x6b841800

Heap
 PSYoungGen      total 64000K, used 2551K [0x9dfc0000, 0xa20c0000, 0xb3540000)
  eden space 61440K, 0% used [0x9dfc0000,0x9dfc0000,0xa1bc0000)
  from space 2560K, 99% used [0xa1bc0000,0xa1e3df98,0xa1e40000)
  to   space 2560K, 0% used [0xa1e40000,0xa1e40000,0xa20c0000)
 ParOldGen       total 40704K, used 22514K [0x73540000, 0x75d00000, 0x9dfc0000)
  object space 40704K, 55% used [0x73540000,0x74b3ca20,0x75d00000)
 PSPermGen       total 16384K, used 3882K [0x6f540000, 0x70540000, 0x73540000)
  object space 16384K, 23% used [0x6f540000,0x6f90ab88,0x70540000)

Card table byte_map: [0x6f31f000,0x6f540000] byte_map_base: 0x6efa4600

Polling page: 0xb7757000

Code Cache  [0xb3600000, 0xb3840000, 0xb6600000)
 total_blobs=347 nmethods=225 adapters=76 free_code_cache=48235Kb largest_free_block=49294080

Compilation events (10 events):
Event: 8.883 Thread 0x6c098c00 nmethod 219 0xb36b0bc8 code [0xb36b0ca0, 0xb36b0cf0]
Event: 8.883 Thread 0x6c098c00  221             com.android.dx.ssa.SsaRenamer::access$000 (5 bytes)
Event: 8.889 Thread 0x6c098c00 nmethod 221 0xb36ace08 code [0xb36acf00, 0xb36acf50]
Event: 8.889 Thread 0x6c098c00  222             com.android.dx.rop.code.PlainInsn::<init> (73 bytes)
Event: 8.894 Thread 0x6c098c00 nmethod 222 0xb36acac8 code [0xb36acbc0, 0xb36accd0]
Event: 8.894 Thread 0x6c098c00  223             com.android.dx.rop.code.LocalVariableExtractor::processBlock (327 bytes)
Event: 9.593 Thread 0x6c098c00 nmethod 223 0xb36c3b88 code [0xb36c3ec0, 0xb36c5acc]
Event: 9.593 Thread 0x6c098c00  224             com.android.dx.ssa.SCCP::run (298 bytes)
Event: 14.934 Thread 0x6c098c00 nmethod 224 0xb36e8388 code [0xb36e8e20, 0xb36ee6e0]
Event: 14.929 Thread 0x6c096c00 nmethod 207 0xb36d71c8 code [0xb36d7920, 0xb36dcedc]

GC Heap History (9 events):
Event: 2.776 GC heap before
{Heap before GC invocations=1 (full 0):
 PSYoungGen      total 17920K, used 15360K [0x9dfc0000, 0x9f3c0000, 0xb3540000)
  eden space 15360K, 100% used [0x9dfc0000,0x9eec0000,0x9eec0000)
  from space 2560K, 0% used [0x9f140000,0x9f140000,0x9f3c0000)
  to   space 2560K, 0% used [0x9eec0000,0x9eec0000,0x9f140000)
 ParOldGen       total 40704K, used 0K [0x73540000, 0x75d00000, 0x9dfc0000)
  object space 40704K, 0% used [0x73540000,0x73540000,0x75d00000)
 PSPermGen       total 16384K, used 3686K [0x6f540000, 0x70540000, 0x73540000)
  object space 16384K, 22% used [0x6f540000,0x6f8d9bc8,0x70540000)
Event: 2.820 GC heap after
Heap after GC invocations=1 (full 0):
 PSYoungGen      total 17920K, used 2556K [0x9dfc0000, 0xa02c0000, 0xb3540000)
  eden space 15360K, 0% used [0x9dfc0000,0x9dfc0000,0x9eec0000)
  from space 2560K, 99% used [0x9eec0000,0x9f13f068,0x9f140000)
  to   space 2560K, 0% used [0xa0040000,0xa0040000,0xa02c0000)
 ParOldGen       total 40704K, used 1538K [0x73540000, 0x75d00000, 0x9dfc0000)
  object space 40704K, 3% used [0x73540000,0x736c09c8,0x75d00000)
 PSPermGen       total 16384K, used 3686K [0x6f540000, 0x70540000, 0x73540000)
  object space 16384K, 22% used [0x6f540000,0x6f8d9bc8,0x70540000)
}
Event: 4.171 GC heap before
{Heap before GC invocations=2 (full 0):
 PSYoungGen      total 17920K, used 17916K [0x9dfc0000, 0xa02c0000, 0xb3540000)
  eden space 15360K, 100% used [0x9dfc0000,0x9eec0000,0x9eec0000)
  from space 2560K, 99% used [0x9eec0000,0x9f13f068,0x9f140000)
  to   space 2560K, 0% used [0xa0040000,0xa0040000,0xa02c0000)
 ParOldGen       total 40704K, used 1538K [0x73540000, 0x75d00000, 0x9dfc0000)
  object space 40704K, 3% used [0x73540000,0x736c09c8,0x75d00000)
 PSPermGen       total 16384K, used 3781K [0x6f540000, 0x70540000, 0x73540000)
  object space 16384K, 23% used [0x6f540000,0x6f8f17e0,0x70540000)
Event: 4.210 GC heap after
Heap after GC invocations=2 (full 0):
 PSYoungGen      total 33280K, used 2558K [0x9dfc0000, 0xa02c0000, 0xb3540000)
  eden space 30720K, 0% used [0x9dfc0000,0x9dfc0000,0x9fdc0000)
  from space 2560K, 99% used [0xa0040000,0xa02bf808,0xa02c0000)
  to   space 2560K, 0% used [0x9fdc0000,0x9fdc0000,0xa0040000)
 ParOldGen       total 40704K, used 3756K [0x73540000, 0x75d00000, 0x9dfc0000)
  object space 40704K, 9% used [0x73540000,0x738eb3c8,0x75d00000)
 PSPermGen       total 16384K, used 3781K [0x6f540000, 0x70540000, 0x73540000)
  object space 16384K, 23% used [0x6f540000,0x6f8f17e0,0x70540000)
}
Event: 6.848 GC heap before
{Heap before GC invocations=3 (full 0):
 PSYoungGen      total 33280K, used 33278K [0x9dfc0000, 0xa02c0000, 0xb3540000)
  eden space 30720K, 100% used [0x9dfc0000,0x9fdc0000,0x9fdc0000)
  from space 2560K, 99% used [0xa0040000,0xa02bf808,0xa02c0000)
  to   space 2560K, 0% used [0x9fdc0000,0x9fdc0000,0xa0040000)
 ParOldGen       total 40704K, used 3756K [0x73540000, 0x75d00000, 0x9dfc0000)
  object space 40704K, 9% used [0x73540000,0x738eb3c8,0x75d00000)
 PSPermGen       total 16384K, used 3843K [0x6f540000, 0x70540000, 0x73540000)
  object space 16384K, 23% used [0x6f540000,0x6f900ee8,0x70540000)
Event: 6.926 GC heap after
Heap after GC invocations=3 (full 0):
 PSYoungGen      total 33280K, used 2544K [0x9dfc0000, 0xa20c0000, 0xb3540000)
  eden space 30720K, 0% used [0x9dfc0000,0x9dfc0000,0x9fdc0000)
  from space 2560K, 99% used [0x9fdc0000,0xa003c3d0,0xa0040000)
  to   space 2560K, 0% used [0xa1e40000,0xa1e40000,0xa20c0000)
 ParOldGen       total 40704K, used 8223K [0x73540000, 0x75d00000, 0x9dfc0000)
  object space 40704K, 20% used [0x73540000,0x73d47cf0,0x75d00000)
 PSPermGen       total 16384K, used 3843K [0x6f540000, 0x70540000, 0x73540000)
  object space 16384K, 23% used [0x6f540000,0x6f900ee8,0x70540000)
}
Event: 9.289 GC heap before
{Heap before GC invocations=4 (full 0):
 PSYoungGen      total 33280K, used 33264K [0x9dfc0000, 0xa20c0000, 0xb3540000)
  eden space 30720K, 100% used [0x9dfc0000,0x9fdc0000,0x9fdc0000)
  from space 2560K, 99% used [0x9fdc0000,0xa003c3d0,0xa0040000)
  to   space 2560K, 0% used [0xa1e40000,0xa1e40000,0xa20c0000)
 ParOldGen       total 40704K, used 8223K [0x73540000, 0x75d00000, 0x9dfc0000)
  object space 40704K, 20% used [0x73540000,0x73d47cf0,0x75d00000)
 PSPermGen       total 16384K, used 3859K [0x6f540000, 0x70540000, 0x73540000)
  object space 16384K, 23% used [0x6f540000,0x6f904ec8,0x70540000)
Event: 9.392 GC heap after
Heap after GC invocations=4 (full 0):
 PSYoungGen      total 64000K, used 2555K [0x9dfc0000, 0xa20c0000, 0xb3540000)
  eden space 61440K, 0% used [0x9dfc0000,0x9dfc0000,0xa1bc0000)
  from space 2560K, 99% used [0xa1e40000,0xa20bede0,0xa20c0000)
  to   space 2560K, 0% used [0xa1bc0000,0xa1bc0000,0xa1e40000)
 ParOldGen       total 40704K, used 13479K [0x73540000, 0x75d00000, 0x9dfc0000)
  object space 40704K, 33% used [0x73540000,0x74269f90,0x75d00000)
 PSPermGen       total 16384K, used 3859K [0x6f540000, 0x70540000, 0x73540000)
  object space 16384K, 23% used [0x6f540000,0x6f904ec8,0x70540000)
}
Event: 16.358 GC heap before
{Heap before GC invocations=5 (full 0):
 PSYoungGen      total 64000K, used 63995K [0x9dfc0000, 0xa20c0000, 0xb3540000)
  eden space 61440K, 100% used [0x9dfc0000,0xa1bc0000,0xa1bc0000)
  from space 2560K, 99% used [0xa1e40000,0xa20bede0,0xa20c0000)
  to   space 2560K, 0% used [0xa1bc0000,0xa1bc0000,0xa1e40000)
 ParOldGen       total 40704K, used 13479K [0x73540000, 0x75d00000, 0x9dfc0000)
  object space 40704K, 33% used [0x73540000,0x74269f90,0x75d00000)
 PSPermGen       total 16384K, used 3882K [0x6f540000, 0x70540000, 0x73540000)
  object space 16384K, 23% used [0x6f540000,0x6f90ab88,0x70540000)

Deoptimization events (10 events):
Event: 3.813 Thread 0x6b83d400 Uncommon trap: reason=unstable_if action=reinterpret pc=0xb365fc30 method=com.android.dx.rop.code.RegisterSpec.equals(ILcom/android/dx/rop/type/TypeBearer;Lcom/android/dx/rop/code/LocalItem;)Z @ 42
Event: 4.880 Thread 0x6b841800 Uncommon trap: reason=null_check action=make_not_entrant pc=0xb3661b64 method=com.android.dx.ssa.SsaRenamer.getLocalForNewReg(I)Lcom/android/dx/rop/code/LocalItem; @ 19
Event: 5.271 Thread 0x6b841000 Uncommon trap: reason=null_check action=make_not_entrant pc=0xb3672a2c method=com.android.dx.ssa.SsaRenamer.getLocalForNewReg(I)Lcom/android/dx/rop/code/LocalItem; @ 19
Event: 5.331 Thread 0xb6607800 Uncommon trap: reason=unstable_if action=reinterpret pc=0xb3660314 method=com.android.dx.rop.cst.Constant.compareTo(Lcom/android/dx/rop/cst/Constant;)I @ 12
Event: 6.184 Thread 0x6b841800 Uncommon trap: reason=unstable_if action=reinterpret pc=0xb364a930 method=java.lang.String.replace(CC)Ljava/lang/String; @ 26
Event: 9.233 Thread 0x6b83d400 Uncommon trap: reason=unstable_if action=reinterpret pc=0xb369f26c method=com.android.dx.ssa.LocalVariableExtractor.processBlock(I)V @ 251
Event: 9.417 Thread 0x6b83d400 Uncommon trap: reason=unstable_if action=reinterpret pc=0xb36aeff4 method=java.util.HashMap.put(Ljava/lang/Object;Ljava/lang/Object;)Ljava/lang/Object; @ 86
Event: 9.435 Thread 0x6b841800 Uncommon trap: reason=unstable_if action=reinterpret pc=0xb3689f3c method=com.android.dx.util.IntList.binarysearch(I)I @ 105
Event: 9.437 Thread 0x6b841800 Uncommon trap: reason=unstable_if action=reinterpret pc=0xb3676fac method=com.android.dx.util.IntList.binarysearch(I)I @ 105
Event: 10.491 Thread 0x6b841800 Uncommon trap: reason=unstable_if action=reinterpret pc=0xb36c54f4 method=com.android.dx.rop.code.LocalVariableInfo.mergeStarts(ILcom/android/dx/rop/code/RegisterSpecSet;)Z @ 31

Internal exceptions (10 events):
Event: 2.661 Thread 0x6b826400 Threw 0x9edb59d8 at /HUDSON/workspace/7u-2-build-linux-i586/jdk7u80/2329/hotspot/src/share/vm/prims/jvm.cpp:1319
Event: 4.880 Thread 0x6b841800 Implicit null exception at 0xb366115d to 0xb3661b55
Event: 5.104 Thread 0x6b826400 Threw 0x9ea93448 at /HUDSON/workspace/7u-2-build-linux-i586/jdk7u80/2329/hotspot/src/share/vm/prims/jvm.cpp:1319
Event: 5.271 Thread 0x6b841000 Implicit null exception at 0xb36713ee to 0xb3672a11
Event: 5.419 Thread 0xb6607800 Threw 0x9edb0aa8 at /HUDSON/workspace/7u-2-build-linux-i586/jdk7u80/2329/hotspot/src/share/vm/prims/jvm.cpp:1319
Event: 5.419 Thread 0xb6607800 Threw 0x9eec0a18 at /HUDSON/workspace/7u-2-build-linux-i586/jdk7u80/2329/hotspot/src/share/vm/prims/jvm.cpp:1319
Event: 6.164 Thread 0x6b841800 Threw 0x9f6a1168 at /HUDSON/workspace/7u-2-build-linux-i586/jdk7u80/2329/hotspot/src/share/vm/prims/jvm.cpp:1319
Event: 6.181 Thread 0x6b841800 Threw 0x9f6a6c38 at /HUDSON/workspace/7u-2-build-linux-i586/jdk7u80/2329/hotspot/src/share/vm/prims/jvm.cpp:1319
Event: 6.182 Thread 0x6b841800 Threw 0x9f6ac3a0 at /HUDSON/workspace/7u-2-build-linux-i586/jdk7u80/2329/hotspot/src/share/vm/prims/jvm.cpp:1319
Event: 8.844 Thread 0x6b841000 Threw 0x9f77a1f0 at /HUDSON/workspace/7u-2-build-linux-i586/jdk7u80/2329/hotspot/src/share/vm/prims/jvm.cpp:1319

Events (10 events):
Event: 9.435 Thread 0x6b841800 DEOPT UNPACKING pc=0xb362cbc8 sp=0x6b75cbb8 mode 2
Event: 9.437 Thread 0x6b841800 Uncommon trap: trap_request=0xffffff75 fr.pc=0xb3676fac
Event: 9.437 Thread 0x6b841800 DEOPT PACKING pc=0xb3676fac sp=0x6b75cbe0
Event: 9.437 Thread 0x6b841800 DEOPT UNPACKING pc=0xb362cbc8 sp=0x6b75cbbc mode 2
Event: 10.491 Thread 0x6b841800 Uncommon trap: trap_request=0xffffff75 fr.pc=0xb36c54f4
Event: 10.491 Thread 0x6b841800 DEOPT PACKING pc=0xb36c54f4 sp=0x6b75cc70
Event: 10.491 Thread 0x6b841800 DEOPT UNPACKING pc=0xb362cbc8 sp=0x6b75cc30 mode 2
Event: 16.357 loading class 0x6c0c27a8
Event: 16.357 loading class 0x6c0c27a8 done
Event: 16.357 Executing VM operation: ParallelGCFailedAllocation


Dynamic libraries:
08048000-08049000 r-xp 00000000 08:01 17053460   /usr/lib/jvm/java-7-oracle/bin/java
08049000-0804a000 rw-p 00000000 08:01 17053460   /usr/lib/jvm/java-7-oracle/bin/java
08ac4000-08b39000 rw-p 00000000 00:00 0          [heap]
69924000-69a00000 rw-p 00000000 00:00 0 
69a00000-69aca000 rw-p 00000000 00:00 0 
69aca000-69b00000 ---p 00000000 00:00 0 
69b4c000-69c00000 rw-p 00000000 00:00 0 
69c00000-69cf5000 rw-p 00000000 00:00 0 
69cf5000-69d00000 ---p 00000000 00:00 0 
69d00000-69dfe000 rw-p 00000000 00:00 0 
69dfe000-69e00000 ---p 00000000 00:00 0 
69e00000-69ed8000 rw-p 00000000 00:00 0 
69ed8000-69f00000 ---p 00000000 00:00 0 
69f00000-69ff9000 rw-p 00000000 00:00 0 
69ff9000-6a000000 ---p 00000000 00:00 0 
6a000000-6a0f9000 rw-p 00000000 00:00 0 
6a0f9000-6a100000 ---p 00000000 00:00 0 
6a100000-6a1f4000 rw-p 00000000 00:00 0 
6a1f4000-6a200000 ---p 00000000 00:00 0 
6a200000-6a2f7000 rw-p 00000000 00:00 0 
6a2f7000-6a300000 ---p 00000000 00:00 0 
6a300000-6a3f6000 rw-p 00000000 00:00 0 
6a3f6000-6a400000 ---p 00000000 00:00 0 
6a400000-6a4ff000 rw-p 00000000 00:00 0 
6a4ff000-6a500000 ---p 00000000 00:00 0 
6a500000-6a5f9000 rw-p 00000000 00:00 0 
6a5f9000-6a600000 ---p 00000000 00:00 0 
6a600000-6a6f9000 rw-p 00000000 00:00 0 
6a6f9000-6a700000 ---p 00000000 00:00 0 
6a700000-6a800000 rw-p 00000000 00:00 0 
6a800000-6a8fa000 rw-p 00000000 00:00 0 
6a8fa000-6a900000 ---p 00000000 00:00 0 
6a900000-6a9f9000 rw-p 00000000 00:00 0 
6a9f9000-6aa00000 ---p 00000000 00:00 0 
6aa00000-6aaa7000 rw-p 00000000 00:00 0 
6aaa7000-6ab00000 ---p 00000000 00:00 0 
6ab00000-6abfe000 rw-p 00000000 00:00 0 
6abfe000-6ac00000 ---p 00000000 00:00 0 
6ac00000-6acfa000 rw-p 00000000 00:00 0 
6acfa000-6ad00000 ---p 00000000 00:00 0 
6ad00000-6ae00000 rw-p 00000000 00:00 0 
6ae00000-6aefd000 rw-p 00000000 00:00 0 
6aefd000-6af00000 ---p 00000000 00:00 0 
6af00000-6affe000 rw-p 00000000 00:00 0 
6affe000-6b000000 ---p 00000000 00:00 0 
6b000000-6b0f9000 rw-p 00000000 00:00 0 
6b0f9000-6b100000 ---p 00000000 00:00 0 
6b200000-6b2fe000 rw-p 00000000 00:00 0 
6b2fe000-6b300000 ---p 00000000 00:00 0 
6b400000-6b500000 rw-p 00000000 00:00 0 
6b600000-6b6fe000 rw-p 00000000 00:00 0 
6b6fe000-6b700000 ---p 00000000 00:00 0 
6b70d000-6b710000 ---p 00000000 00:00 0 
6b710000-6b75e000 rw-p 00000000 00:00 0 
6b75e000-6b761000 ---p 00000000 00:00 0 
6b761000-6b7af000 rw-p 00000000 00:00 0 
6b7af000-6b7b2000 ---p 00000000 00:00 0 
6b7b2000-6b800000 rw-p 00000000 00:00 0 
6b800000-6b84f000 rw-p 00000000 00:00 0 
6b84f000-6b900000 ---p 00000000 00:00 0 
6b939000-6b93c000 ---p 00000000 00:00 0 
6b93c000-6b98a000 rw-p 00000000 00:00 0 
6b98a000-6b98d000 ---p 00000000 00:00 0 
6b98d000-6b9db000 rw-p 00000000 00:00 0 
6b9db000-6b9dc000 ---p 00000000 00:00 0 
6b9dc000-6ba5c000 rw-p 00000000 00:00 0 
6ba5c000-6ba5f000 ---p 00000000 00:00 0 
6ba5f000-6baad000 rw-p 00000000 00:00 0 
6baad000-6bab0000 ---p 00000000 00:00 0 
6bab0000-6bb2e000 rw-p 00000000 00:00 0 
6bb2e000-6bb31000 ---p 00000000 00:00 0 
6bb31000-6bbaf000 rw-p 00000000 00:00 0 
6bbaf000-6bbb2000 ---p 00000000 00:00 0 
6bbb2000-6bc00000 rw-p 00000000 00:00 0 
6bc00000-6be00000 r--p 00000000 08:01 16778780   /usr/lib/locale/locale-archive
6be00000-6bef1000 rw-p 00000000 00:00 0 
6bef1000-6bf00000 ---p 00000000 00:00 0 
6bf00000-6bf2a000 rw-p 00000000 00:00 0 
6bf2a000-6c000000 ---p 00000000 00:00 0 
6c000000-6c0f4000 rw-p 00000000 00:00 0 
6c0f4000-6c100000 ---p 00000000 00:00 0 
6c134000-6c135000 ---p 00000000 00:00 0 
6c135000-6c200000 rw-p 00000000 00:00 0 
6c200000-6c3c0000 r--s 039fb000 08:01 16924997   /usr/lib/jvm/java-7-oracle/jre/lib/rt.jar
6c3c0000-6ea00000 rw-p 00000000 00:00 0 
6ea00000-6eaeb000 rw-p 00000000 00:00 0 
6eaeb000-6eb00000 ---p 00000000 00:00 0 
6eb2e000-6eb31000 ---p 00000000 00:00 0 
6eb31000-6eb7f000 rw-p 00000000 00:00 0 
6eb7f000-6eb80000 ---p 00000000 00:00 0 
6eb80000-6ec00000 rw-p 00000000 00:00 0 
6ec00000-6ec21000 rw-p 00000000 00:00 0 
6ec21000-6ed00000 ---p 00000000 00:00 0 
6ed2e000-6ed31000 ---p 00000000 00:00 0 
6ed31000-6ed7f000 rw-p 00000000 00:00 0 
6ed7f000-6ed80000 ---p 00000000 00:00 0 
6ed80000-6ee00000 rw-p 00000000 00:00 0 
6ee00000-6ee21000 rw-p 00000000 00:00 0 
6ee21000-6ef00000 ---p 00000000 00:00 0 
6ef24000-6ef7f000 rw-p 00000000 00:00 0 
6ef7f000-6ef80000 ---p 00000000 00:00 0 
6ef80000-6f000000 rw-p 00000000 00:00 0 
6f000000-6f021000 rw-p 00000000 00:00 0 
6f021000-6f100000 ---p 00000000 00:00 0 
6f123000-6f138000 r-xp 00000000 08:01 17040274   /usr/lib/jvm/java-7-oracle/jre/lib/i386/libnet.so
6f138000-6f139000 rw-p 00015000 08:01 17040274   /usr/lib/jvm/java-7-oracle/jre/lib/i386/libnet.so
6f139000-6f147000 r-xp 00000000 08:01 17040275   /usr/lib/jvm/java-7-oracle/jre/lib/i386/libnio.so
6f147000-6f148000 rw-p 0000e000 08:01 17040275   /usr/lib/jvm/java-7-oracle/jre/lib/i386/libnio.so
6f148000-6f149000 ---p 00000000 00:00 0 
6f149000-6f1dd000 rw-p 00000000 00:00 0 
6f1dd000-6f31f000 rw-p 00000000 00:00 0 
6f31f000-6f327000 rw-p 00000000 00:00 0 
6f327000-6f33f000 rw-p 00000000 00:00 0 
6f33f000-6f353000 rw-p 00000000 00:00 0 
6f353000-6f494000 rw-p 00000000 00:00 0 
6f494000-6f4b5000 rw-p 00000000 00:00 0 
6f4b5000-6f53f000 rw-p 00000000 00:00 0 
6f53f000-70540000 rw-p 00000000 00:00 0 
70540000-73540000 rw-p 00000000 00:00 0 
73540000-75d00000 rw-p 00000000 00:00 0 
75d00000-9dfc0000 rw-p 00000000 00:00 0 
9dfc0000-a20c0000 rw-p 00000000 00:00 0 
a6e4c000-a6fc0000 rw-p 00000000 00:00 0 
a6fc0000-b3540000 rw-p 00000000 00:00 0 
b3540000-b3549000 rw-p 00000000 00:00 0 
b3549000-b3600000 rw-p 00000000 00:00 0 
b3600000-b3840000 rwxp 00000000 00:00 0 
b3840000-b66f6000 rw-p 00000000 00:00 0 
b66f6000-b6700000 ---p 00000000 00:00 0 
b6705000-b670f000 r--s 00085000 08:01 19148584   /home/aniruddha/Android/studio/workspaces/2015/June/InterActivityCom/app/build/intermediates/exploded-aar/com.android.support/appcompat-v7/22.2.0/jars/classes.jar
b670f000-b6731000 rw-p 00000000 00:00 0 
b6731000-b6749000 rw-p 00000000 00:00 0 
b6749000-b6760000 r-xp 00000000 08:01 17040235   /usr/lib/jvm/java-7-oracle/jre/lib/i386/libzip.so
b6760000-b6761000 rw-p 00016000 08:01 17040235   /usr/lib/jvm/java-7-oracle/jre/lib/i386/libzip.so
b6761000-b676c000 r-xp 00000000 08:01 16398736   /lib/i386-linux-gnu/libnss_files-2.15.so
b676c000-b676d000 r--p 0000a000 08:01 16398736   /lib/i386-linux-gnu/libnss_files-2.15.so
b676d000-b676e000 rw-p 0000b000 08:01 16398736   /lib/i386-linux-gnu/libnss_files-2.15.so
b676e000-b6778000 r-xp 00000000 08:01 16398723   /lib/i386-linux-gnu/libnss_nis-2.15.so
b6778000-b6779000 r--p 00009000 08:01 16398723   /lib/i386-linux-gnu/libnss_nis-2.15.so
b6779000-b677a000 rw-p 0000a000 08:01 16398723   /lib/i386-linux-gnu/libnss_nis-2.15.so
b677a000-b6790000 r-xp 00000000 08:01 16398746   /lib/i386-linux-gnu/libnsl-2.15.so
b6790000-b6791000 r--p 00015000 08:01 16398746   /lib/i386-linux-gnu/libnsl-2.15.so
b6791000-b6792000 rw-p 00016000 08:01 16398746   /lib/i386-linux-gnu/libnsl-2.15.so
b6792000-b6794000 rw-p 00000000 00:00 0 
b6799000-b67a8000 r--s 000df000 08:01 28574710   /home/aniruddha/Android/EclipseAndSDK/android-all-linux/android-sdk-linux_x86/build-tools/23.0.0_rc2/lib/dx.jar
b67a8000-b67b0000 rw-s 00000000 08:01 28575824   /tmp/hsperfdata_root/6024
b67b0000-b67d3000 r-xp 00000000 08:01 17040135   /usr/lib/jvm/java-7-oracle/jre/lib/i386/libjava.so
b67d3000-b67d4000 rw-p 00023000 08:01 17040135   /usr/lib/jvm/java-7-oracle/jre/lib/i386/libjava.so
b67d4000-b67db000 r-xp 00000000 08:01 16398738   /lib/i386-linux-gnu/librt-2.15.so
b67db000-b67dc000 r--p 00006000 08:01 16398738   /lib/i386-linux-gnu/librt-2.15.so
b67dc000-b67dd000 rw-p 00007000 08:01 16398738   /lib/i386-linux-gnu/librt-2.15.so
b67dd000-b67e0000 ---p 00000000 00:00 0 
b67e0000-b682e000 rw-p 00000000 00:00 0 
b682e000-b6858000 r-xp 00000000 08:01 16398747   /lib/i386-linux-gnu/libm-2.15.so
b6858000-b6859000 r--p 00029000 08:01 16398747   /lib/i386-linux-gnu/libm-2.15.so
b6859000-b685a000 rw-p 0002a000 08:01 16398747   /lib/i386-linux-gnu/libm-2.15.so
b685a000-b70e1000 r-xp 00000000 08:01 17040223   /usr/lib/jvm/java-7-oracle/jre/lib/i386/server/libjvm.so
b70e1000-b7145000 rw-p 00886000 08:01 17040223   /usr/lib/jvm/java-7-oracle/jre/lib/i386/server/libjvm.so
b7145000-b7569000 rw-p 00000000 00:00 0 
b7569000-b770c000 r-xp 00000000 08:01 16398751   /lib/i386-linux-gnu/libc-2.15.so
b770c000-b770e000 r--p 001a3000 08:01 16398751   /lib/i386-linux-gnu/libc-2.15.so
b770e000-b770f000 rw-p 001a5000 08:01 16398751   /lib/i386-linux-gnu/libc-2.15.so
b770f000-b7712000 rw-p 00000000 00:00 0 
b7712000-b7715000 r-xp 00000000 08:01 16398749   /lib/i386-linux-gnu/libdl-2.15.so
b7715000-b7716000 r--p 00002000 08:01 16398749   /lib/i386-linux-gnu/libdl-2.15.so
b7716000-b7717000 rw-p 00003000 08:01 16398749   /lib/i386-linux-gnu/libdl-2.15.so
b7717000-b7718000 rw-p 00000000 00:00 0 
b7718000-b772c000 r-xp 00000000 08:01 17059199   /usr/lib/jvm/java-7-oracle/lib/i386/jli/libjli.so
b772c000-b772d000 rw-p 00013000 08:01 17059199   /usr/lib/jvm/java-7-oracle/lib/i386/jli/libjli.so
b772d000-b7744000 r-xp 00000000 08:01 16398734   /lib/i386-linux-gnu/libpthread-2.15.so
b7744000-b7745000 r--p 00016000 08:01 16398734   /lib/i386-linux-gnu/libpthread-2.15.so
b7745000-b7746000 rw-p 00017000 08:01 16398734   /lib/i386-linux-gnu/libpthread-2.15.so
b7746000-b7748000 rw-p 00000000 00:00 0 
b774b000-b774c000 rw-p 00000000 00:00 0 
b774c000-b774d000 r--p 002c5000 08:01 16778780   /usr/lib/locale/locale-archive
b774d000-b7754000 r-xp 00000000 08:01 16398750   /lib/i386-linux-gnu/libnss_compat-2.15.so
b7754000-b7755000 r--p 00006000 08:01 16398750   /lib/i386-linux-gnu/libnss_compat-2.15.so
b7755000-b7756000 rw-p 00007000 08:01 16398750   /lib/i386-linux-gnu/libnss_compat-2.15.so
b7756000-b7757000 rw-p 00000000 00:00 0 
b7757000-b7758000 ---p 00000000 00:00 0 
b7758000-b7763000 r-xp 00000000 08:01 17040207   /usr/lib/jvm/java-7-oracle/jre/lib/i386/libverify.so
b7763000-b7764000 rw-p 0000b000 08:01 17040207   /usr/lib/jvm/java-7-oracle/jre/lib/i386/libverify.so
b7764000-b7766000 rw-p 00000000 00:00 0 
b7766000-b7767000 r-xp 00000000 00:00 0          [vdso]
b7767000-b7787000 r-xp 00000000 08:01 16398739   /lib/i386-linux-gnu/ld-2.15.so
b7787000-b7788000 r--p 0001f000 08:01 16398739   /lib/i386-linux-gnu/ld-2.15.so
b7788000-b7789000 rw-p 00020000 08:01 16398739   /lib/i386-linux-gnu/ld-2.15.so
bfd01000-bfd02000 rwxp 00000000 00:00 0 
bfd34000-bfd55000 rw-p 00000000 00:00 0          [stack]

VM Arguments:
jvm_args: -Xmx1024M -Dfile.encoding=UTF-8 -Duser.country=US -Duser.language=en -Duser.variant 
java_command: com.android.dx.command.Main --dex --num-threads=4 --output /home/aniruddha/Android/studio/workspaces/2015/June/InterActivityCom/app/build/intermediates/pre-dexed/debug/classes-3190a2b07078fa06cf1a456886238b28d9baa913.jar /home/aniruddha/Android/studio/workspaces/2015/June/InterActivityCom/app/build/intermediates/exploded-aar/com.android.support/appcompat-v7/22.2.0/jars/classes.jar
Launcher Type: SUN_STANDARD

Environment Variables:
JAVA_HOME=/usr/lib/jvm/java-8-oracle
CLASSPATH=./../lib/bootstrap.jar:./../lib/extensions.jar:./../lib/util.jar:./../lib/jdom.jar:./../lib/log4j.jar:./../lib/trove4j.jar:./../lib/jna.jar:/usr/lib/jvm/java-8-oracle/lib/tools.jar
PATH=/usr/local/sbin:/usr/local/bin:/usr/sbin:/usr/bin:/sbin:/bin:/usr/games:/usr/local/apache-maven/apache-maven-3.1.1/bin
USERNAME=root
LD_LIBRARY_PATH=.:
SHELL=/bin/bash
DISPLAY=:0.0

Signal Handlers:
SIGSEGV: [libjvm.so+0x7eb160], sa_mask[0]=0x7ffbfeff, sa_flags=0x10000004
SIGBUS: [libjvm.so+0x7eb160], sa_mask[0]=0x7ffbfeff, sa_flags=0x10000004
SIGFPE: [libjvm.so+0x684ac0], sa_mask[0]=0x7ffbfeff, sa_flags=0x10000004
SIGPIPE: [libjvm.so+0x684ac0], sa_mask[0]=0x7ffbfeff, sa_flags=0x10000004
SIGXFSZ: [libjvm.so+0x684ac0], sa_mask[0]=0x7ffbfeff, sa_flags=0x10000004
SIGILL: [libjvm.so+0x684ac0], sa_mask[0]=0x7ffbfeff, sa_flags=0x10000004
SIGUSR1: SIG_DFL, sa_mask[0]=0x00000000, sa_flags=0x00000000
SIGUSR2: [libjvm.so+0x686330], sa_mask[0]=0x00000004, sa_flags=0x10000004
SIGHUP: [libjvm.so+0x687660], sa_mask[0]=0x7ffbfeff, sa_flags=0x10000004
SIGINT: [libjvm.so+0x687660], sa_mask[0]=0x7ffbfeff, sa_flags=0x10000004
SIGTERM: [libjvm.so+0x687660], sa_mask[0]=0x7ffbfeff, sa_flags=0x10000004
SIGQUIT: [libjvm.so+0x687660], sa_mask[0]=0x7ffbfeff, sa_flags=0x10000004


---------------  S Y S T E M  ---------------

OS:wheezy/sid

uname:Linux 3.2.0-86-generic-pae #123-Ubuntu SMP Sun Jun 14 18:30:54 UTC 2015 i686
libc:glibc 2.15 NPTL 2.15 
rlimit: STACK 8192k, CORE 0k, NPROC 30490, NOFILE 4096, AS infinity
load average:10.54 3.51 2.36

/proc/meminfo:
MemTotal:        3917404 kB
MemFree:          162788 kB
Buffers:             504 kB
Cached:           338316 kB
SwapCached:            0 kB
Active:          3341604 kB
Inactive:         316464 kB
Active(anon):    3327592 kB
Inactive(anon):   303968 kB
Active(file):      14012 kB
Inactive(file):    12496 kB
Unevictable:           0 kB
Mlocked:               0 kB
HighTotal:       3075160 kB
HighFree:            528 kB
LowTotal:         842244 kB
LowFree:          162260 kB
SwapTotal:             0 kB
SwapFree:              0 kB
Dirty:              1440 kB
Writeback:           248 kB
AnonPages:       3319620 kB
Mapped:            46292 kB
Shmem:            311952 kB
Slab:              45588 kB
SReclaimable:      21772 kB
SUnreclaim:        23816 kB
KernelStack:        5816 kB
PageTables:        17044 kB
NFS_Unstable:          0 kB
Bounce:                0 kB
WritebackTmp:          0 kB
CommitLimit:     1958700 kB
Committed_AS:    8808208 kB
VmallocTotal:     122880 kB
VmallocUsed:       23400 kB
VmallocChunk:      98204 kB
HardwareCorrupted:     0 kB
AnonHugePages:         0 kB
HugePages_Total:       0
HugePages_Free:        0
HugePages_Rsvd:        0
HugePages_Surp:        0
Hugepagesize:       2048 kB
DirectMap4k:       10232 kB
DirectMap2M:      903168 kB


CPU:total 4 (2 cores per cpu, 2 threads per core) family 6 model 37 stepping 5, cmov, cx8, fxsr, mmx, sse, sse2, sse3, ssse3, sse4.1, sse4.2, popcnt, ht, tsc, tscinvbit

/proc/cpuinfo:
processor	: 0
vendor_id	: GenuineIntel
cpu family	: 6
model		: 37
model name	: Intel(R) Core(TM) i3 CPU       M 370  @ 2.40GHz
stepping	: 5
microcode	: 0x2
cpu MHz		: 2394.000
cache size	: 3072 KB
physical id	: 0
siblings	: 4
core id		: 0
cpu cores	: 2
apicid		: 0
initial apicid	: 0
fdiv_bug	: no
hlt_bug		: no
f00f_bug	: no
coma_bug	: no
fpu		: yes
fpu_exception	: yes
cpuid level	: 11
wp		: yes
flags		: fpu vme de pse tsc msr pae mce cx8 apic sep mtrr pge mca cmov pat pse36 clflush dts acpi mmx fxsr sse sse2 ss ht tm pbe nx rdtscp lm constant_tsc arch_perfmon pebs bts xtopology nonstop_tsc aperfmperf pni dtes64 monitor ds_cpl vmx est tm2 ssse3 cx16 xtpr pdcm pcid sse4_1 sse4_2 popcnt lahf_lm arat dtherm tpr_shadow vnmi flexpriority ept vpid
bogomips	: 4787.62
clflush size	: 64
cache_alignment	: 64
address sizes	: 36 bits physical, 48 bits virtual
power management:

processor	: 1
vendor_id	: GenuineIntel
cpu family	: 6
model		: 37
model name	: Intel(R) Core(TM) i3 CPU       M 370  @ 2.40GHz
stepping	: 5
microcode	: 0x2
cpu MHz		: 2394.000
cache size	: 3072 KB
physical id	: 0
siblings	: 4
core id		: 2
cpu cores	: 2
apicid		: 4
initial apicid	: 4
fdiv_bug	: no
hlt_bug		: no
f00f_bug	: no
coma_bug	: no
fpu		: yes
fpu_exception	: yes
cpuid level	: 11
wp		: yes
flags		: fpu vme de pse tsc msr pae mce cx8 apic sep mtrr pge mca cmov pat pse36 clflush dts acpi mmx fxsr sse sse2 ss ht tm pbe nx rdtscp lm constant_tsc arch_perfmon pebs bts xtopology nonstop_tsc aperfmperf pni dtes64 monitor ds_cpl vmx est tm2 ssse3 cx16 xtpr pdcm pcid sse4_1 sse4_2 popcnt lahf_lm arat dtherm tpr_shadow vnmi flexpriority ept vpid
bogomips	: 4787.74
clflush size	: 64
cache_alignment	: 64
address sizes	: 36 bits physical, 48 bits virtual
power management:

processor	: 2
vendor_id	: GenuineIntel
cpu family	: 6
model		: 37
model name	: Intel(R) Core(TM) i3 CPU       M 370  @ 2.40GHz
stepping	: 5
microcode	: 0x2
cpu MHz		: 2394.000
cache size	: 3072 KB
physical id	: 0
siblings	: 4
core id		: 0
cpu cores	: 2
apicid		: 1
initial apicid	: 1
fdiv_bug	: no
hlt_bug		: no
f00f_bug	: no
coma_bug	: no
fpu		: yes
fpu_exception	: yes
cpuid level	: 11
wp		: yes
flags		: fpu vme de pse tsc msr pae mce cx8 apic sep mtrr pge mca cmov pat pse36 clflush dts acpi mmx fxsr sse sse2 ss ht tm pbe nx rdtscp lm constant_tsc arch_perfmon pebs bts xtopology nonstop_tsc aperfmperf pni dtes64 monitor ds_cpl vmx est tm2 ssse3 cx16 xtpr pdcm pcid sse4_1 sse4_2 popcnt lahf_lm arat dtherm tpr_shadow vnmi flexpriority ept vpid
bogomips	: 4787.74
clflush size	: 64
cache_alignment	: 64
address sizes	: 36 bits physical, 48 bits virtual
power management:

processor	: 3
vendor_id	: GenuineIntel
cpu family	: 6
model		: 37
model name	: Intel(R) Core(TM) i3 CPU       M 370  @ 2.40GHz
stepping	: 5
microcode	: 0x2
cpu MHz		: 2394.000
cache size	: 3072 KB
physical id	: 0
siblings	: 4
core id		: 2
cpu cores	: 2
apicid		: 5
initial apicid	: 5
fdiv_bug	: no
hlt_bug		: no
f00f_bug	: no
coma_bug	: no
fpu		: yes
fpu_exception	: yes
cpuid level	: 11
wp		: yes
flags		: fpu vme de pse tsc msr pae mce cx8 apic sep mtrr pge mca cmov pat pse36 clflush dts acpi mmx fxsr sse sse2 ss ht tm pbe nx rdtscp lm constant_tsc arch_perfmon pebs bts xtopology nonstop_tsc aperfmperf pni dtes64 monitor ds_cpl vmx est tm2 ssse3 cx16 xtpr pdcm pcid sse4_1 sse4_2 popcnt lahf_lm arat dtherm tpr_shadow vnmi flexpriority ept vpid
bogomips	: 4787.74
clflush size	: 64
cache_alignment	: 64
address sizes	: 36 bits physical, 48 bits virtual
power management:



Memory: 4k page, physical 3917404k(162788k free), swap 0k(0k free)

vm_info: Java HotSpot(TM) Server VM (24.80-b11) for linux-x86 JRE (1.7.0_80-b15), built on Apr 10 2015 12:29:10 by "java_re" with gcc 4.3.0 20080428 (Red Hat 4.3.0-8)

time: Thu Jun 18 09:21:17 2015
elapsed time: 27 seconds

