#
# There is insufficient memory for the Java Runtime Environment to continue.
# Native memory allocation (malloc) failed to allocate 32768 bytes for committing reserved memory.
# Possible reasons:
#   The system is out of physical RAM or swap space
#   In 32 bit mode, the process size limit was hit
# Possible solutions:
#   Reduce memory load on the system
#   Increase physical memory or swap space
#   Check if swap backing store is full
#   Use 64 bit Java on a 64 bit OS
#   Decrease Java heap size (-Xmx/-Xms)
#   Decrease number of Java threads
#   Decrease Java thread stack sizes (-Xss)
#   Set larger code cache with -XX:ReservedCodeCacheSize=
# This output file may be truncated or incomplete.
#
#  Out of Memory Error (os_linux.cpp:2756), pid=6032, tid=1807600448
#
# JRE version: Java(TM) SE Runtime Environment (7.0_80-b15) (build 1.7.0_80-b15)
# Java VM: Java HotSpot(TM) Server VM (24.80-b11 mixed mode linux-x86 )
# Failed to write core dump. Core dumps have been disabled. To enable core dumping, try "ulimit -c unlimited" before starting Java again
#

---------------  T H R E A D  ---------------

Current thread (0x6c198c00):  JavaThread "C2 CompilerThread1" daemon [_thread_in_vm, id=6091, stack(0x6bb5c000,0x6bbdd000)]

Stack: [0x6bb5c000,0x6bbdd000],  sp=0x6bbda820,  free space=506k
Native frames: (J=compiled Java code, j=interpreted, Vv=VM code, C=native code)
V  [libjvm.so+0x7ea656]  VMError::report_and_die()+0x1a6
V  [libjvm.so+0x33eb82]  report_vm_out_of_memory(char const*, int, unsigned int, char const*)+0x72
V  [libjvm.so+0x687fb1]  os::Linux::commit_memory_impl(char*, unsigned int, bool)+0xe1
V  [libjvm.so+0x688478]  os::pd_commit_memory(char*, unsigned int, unsigned int, bool)+0x28
V  [libjvm.so+0x681b2c]  os::commit_memory(char*, unsigned int, unsigned int, bool)+0x2c
V  [libjvm.so+0x7e626c]  VirtualSpace::expand_by(unsigned int, bool)+0x20c
V  [libjvm.so+0x433c95]  CodeHeap::expand_by(unsigned int)+0x65
V  [libjvm.so+0x2d9b6c]  CodeCache::allocate(int)+0x5c
V  [libjvm.so+0x2d4fd2]  BufferBlob::create(char const*, int)+0x92
V  [libjvm.so+0x2d887c]  CodeBuffer::initialize(int, int)+0x2c
V  [libjvm.so+0x698d6b]  Compile::init_buffer(unsigned int*)+0x1fb
V  [libjvm.so+0x69e6f8]  Compile::Output()+0x378
V  [libjvm.so+0x2f3757]  Compile::Code_Gen()+0x467
V  [libjvm.so+0x2f7afe]  Compile::Compile(ciEnv*, C2Compiler*, ciMethod*, int, bool, bool)+0x118e
V  [libjvm.so+0x26c13f]  C2Compiler::compile_method(ciEnv*, ciMethod*, int)+0x19f
V  [libjvm.so+0x2ff445]  CompileBroker::invoke_compiler_on_method(CompileTask*)+0x345
V  [libjvm.so+0x300274]  CompileBroker::compiler_thread_loop()+0x3e4
V  [libjvm.so+0x79e0b8]  compiler_thread_entry(JavaThread*, Thread*)+0x18
V  [libjvm.so+0x7a5be9]  JavaThread::thread_main_inner()+0x109
V  [libjvm.so+0x7a5d43]  JavaThread::run()+0x123
V  [libjvm.so+0x68a249]  java_start(Thread*)+0x119
C  [libpthread.so.0+0x6d4c]  start_thread+0xcc


Current CompileTask:
C2:  28633  517             com.android.dx.rop.code.Rops::ropFor (771 bytes)


---------------  P R O C E S S  ---------------

Java Threads: ( => current thread )
  0x6c19ac00 JavaThread "Service Thread" daemon [_thread_blocked, id=6093, stack(0x6bb0b000,0x6bb5c000)]
=>0x6c198c00 JavaThread "C2 CompilerThread1" daemon [_thread_in_vm, id=6091, stack(0x6bb5c000,0x6bbdd000)]
  0x6c196c00 JavaThread "C2 CompilerThread0" daemon [_thread_in_vm, id=6089, stack(0x6bbdd000,0x6bc5e000)]
  0x6c195400 JavaThread "Signal Dispatcher" daemon [_thread_blocked, id=6079, stack(0x6bc5e000,0x6bcaf000)]
  0x6c184800 JavaThread "Finalizer" daemon [_thread_blocked, id=6078, stack(0x6beaf000,0x6bf00000)]
  0x6c183000 JavaThread "Reference Handler" daemon [_thread_blocked, id=6077, stack(0x6ec2e000,0x6ec7f000)]
  0xb6707800 JavaThread "main" [_thread_blocked, id=6048, stack(0xb6806000,0xb6857000)]

Other Threads:
  0x6c180800 VMThread [stack: 0x6c234000,0x6c2b5000] [id=6069]
  0x6c19cc00 WatcherThread [stack: 0x6ba8a000,0x6bb0b000] [id=6098]

VM state:synchronizing (normal execution)

VM Mutex/Monitor currently owned by a thread:  ([mutex/lock_event])
[0xb67046a8] CodeCache_lock - owner thread: 0x6c198c00
[0xb67050d0] Threads_lock - owner thread: 0x6c180800

Heap
 PSYoungGen      total 33280K, used 4329K [0x9e000000, 0xa2880000, 0xb3580000)
  eden space 30720K, 5% used [0x9e000000,0x9e1bace8,0x9fe00000)
  from space 2560K, 99% used [0x9fe00000,0xa007f9b0,0xa0080000)
  to   space 6400K, 0% used [0xa2240000,0xa2240000,0xa2880000)
 ParOldGen       total 40704K, used 11723K [0x73580000, 0x75d40000, 0x9e000000)
  object space 40704K, 28% used [0x73580000,0x740f2d58,0x75d40000)
 PSPermGen       total 16384K, used 4195K [0x6f580000, 0x70580000, 0x73580000)
  object space 16384K, 25% used [0x6f580000,0x6f998df8,0x70580000)

Card table byte_map: [0x6f35f000,0x6f580000] byte_map_base: 0x6efe4400

Polling page: 0xb7780000

Code Cache  [0xb366c000, 0xb38ac000, 0xb666c000)
 total_blobs=695 nmethods=570 adapters=77 free_code_cache=46872Kb largest_free_block=47973824

Compilation events (10 events):
Event: 24.932 Thread 0x6c196c00 nmethod 576 0xb389f748 code [0xb389f820, 0xb389f870]
Event: 24.932 Thread 0x6c196c00  577             com.android.dx.dex.code.LocalSnapshot::getLocals (5 bytes)
Event: 24.932 Thread 0x6c196c00 nmethod 577 0xb389f5c8 code [0xb389f6a0, 0xb389f6f0]
Event: 24.932 Thread 0x6c196c00  578             java.util.HashMap$HashIterator::hasNext (13 bytes)
Event: 24.933 Thread 0x6c196c00 nmethod 578 0xb389f448 code [0xb389f520, 0xb389f570]
Event: 24.933 Thread 0x6c196c00  579             java.util.HashMap$HashIterator::<init> (63 bytes)
Event: 24.938 Thread 0x6c196c00 nmethod 579 0xb38a7748 code [0xb38a7840, 0xb38a7a30]
Event: 24.938 Thread 0x6c196c00  580             com.android.dx.dex.code.StdCatchBuilder::hasAnyCatches (57 bytes)
Event: 24.944 Thread 0x6c196c00 nmethod 580 0xb38a8c48 code [0xb38a8d80, 0xb38a8fd0]
Event: 24.944 Thread 0x6c196c00  581             com.android.dx.dex.file.CodeItem::addContents (174 bytes)

GC Heap History (10 events):
Event: 2.903 GC heap before
{Heap before GC invocations=1 (full 0):
 PSYoungGen      total 17920K, used 15360K [0x9e000000, 0x9f400000, 0xb3580000)
  eden space 15360K, 100% used [0x9e000000,0x9ef00000,0x9ef00000)
  from space 2560K, 0% used [0x9f180000,0x9f180000,0x9f400000)
  to   space 2560K, 0% used [0x9ef00000,0x9ef00000,0x9f180000)
 ParOldGen       total 40704K, used 0K [0x73580000, 0x75d40000, 0x9e000000)
  object space 40704K, 0% used [0x73580000,0x73580000,0x75d40000)
 PSPermGen       total 16384K, used 3693K [0x6f580000, 0x70580000, 0x73580000)
  object space 16384K, 22% used [0x6f580000,0x6f91b478,0x70580000)
Event: 2.923 GC heap after
Heap after GC invocations=1 (full 0):
 PSYoungGen      total 17920K, used 2544K [0x9e000000, 0x9f400000, 0xb3580000)
  eden space 15360K, 0% used [0x9e000000,0x9e000000,0x9ef00000)
  from space 2560K, 99% used [0x9ef00000,0x9f17c128,0x9f180000)
  to   space 2560K, 0% used [0x9f180000,0x9f180000,0x9f400000)
 ParOldGen       total 40704K, used 1282K [0x73580000, 0x75d40000, 0x9e000000)
  object space 40704K, 3% used [0x73580000,0x736c0b58,0x75d40000)
 PSPermGen       total 16384K, used 3693K [0x6f580000, 0x70580000, 0x73580000)
  object space 16384K, 22% used [0x6f580000,0x6f91b478,0x70580000)
}
Event: 3.984 GC heap before
{Heap before GC invocations=2 (full 0):
 PSYoungGen      total 17920K, used 17904K [0x9e000000, 0x9f400000, 0xb3580000)
  eden space 15360K, 100% used [0x9e000000,0x9ef00000,0x9ef00000)
  from space 2560K, 99% used [0x9ef00000,0x9f17c128,0x9f180000)
  to   space 2560K, 0% used [0x9f180000,0x9f180000,0x9f400000)
 ParOldGen       total 40704K, used 1282K [0x73580000, 0x75d40000, 0x9e000000)
  object space 40704K, 3% used [0x73580000,0x736c0b58,0x75d40000)
 PSPermGen       total 16384K, used 3793K [0x6f580000, 0x70580000, 0x73580000)
  object space 16384K, 23% used [0x6f580000,0x6f934780,0x70580000)
Event: 4.014 GC heap after
Heap after GC invocations=2 (full 0):
 PSYoungGen      total 17920K, used 2546K [0x9e000000, 0xa0300000, 0xb3580000)
  eden space 15360K, 0% used [0x9e000000,0x9e000000,0x9ef00000)
  from space 2560K, 99% used [0x9f180000,0x9f3fcb00,0x9f400000)
  to   space 2560K, 0% used [0x9ef00000,0x9ef00000,0x9f180000)
 ParOldGen       total 40704K, used 3333K [0x73580000, 0x75d40000, 0x9e000000)
  object space 40704K, 8% used [0x73580000,0x738c1720,0x75d40000)
 PSPermGen       total 16384K, used 3793K [0x6f580000, 0x70580000, 0x73580000)
  object space 16384K, 23% used [0x6f580000,0x6f934780,0x70580000)
}
Event: 5.241 GC heap before
{Heap before GC invocations=3 (full 0):
 PSYoungGen      total 17920K, used 17906K [0x9e000000, 0xa0300000, 0xb3580000)
  eden space 15360K, 100% used [0x9e000000,0x9ef00000,0x9ef00000)
  from space 2560K, 99% used [0x9f180000,0x9f3fcb00,0x9f400000)
  to   space 2560K, 0% used [0x9ef00000,0x9ef00000,0x9f180000)
 ParOldGen       total 40704K, used 3333K [0x73580000, 0x75d40000, 0x9e000000)
  object space 40704K, 8% used [0x73580000,0x738c1720,0x75d40000)
 PSPermGen       total 16384K, used 3812K [0x6f580000, 0x70580000, 0x73580000)
  object space 16384K, 23% used [0x6f580000,0x6f939220,0x70580000)
Event: 5.269 GC heap after
Heap after GC invocations=3 (full 0):
 PSYoungGen      total 17920K, used 2560K [0x9e000000, 0xa0300000, 0xb3580000)
  eden space 15360K, 0% used [0x9e000000,0x9e000000,0x9ef00000)
  from space 2560K, 100% used [0x9ef00000,0x9f180000,0x9f180000)
  to   space 2560K, 0% used [0xa0080000,0xa0080000,0xa0300000)
 ParOldGen       total 40704K, used 5955K [0x73580000, 0x75d40000, 0x9e000000)
  object space 40704K, 14% used [0x73580000,0x73b50cf8,0x75d40000)
 PSPermGen       total 16384K, used 3812K [0x6f580000, 0x70580000, 0x73580000)
  object space 16384K, 23% used [0x6f580000,0x6f939220,0x70580000)
}
Event: 6.385 GC heap before
{Heap before GC invocations=4 (full 0):
 PSYoungGen      total 17920K, used 17920K [0x9e000000, 0xa0300000, 0xb3580000)
  eden space 15360K, 100% used [0x9e000000,0x9ef00000,0x9ef00000)
  from space 2560K, 100% used [0x9ef00000,0x9f180000,0x9f180000)
  to   space 2560K, 0% used [0xa0080000,0xa0080000,0xa0300000)
 ParOldGen       total 40704K, used 5955K [0x73580000, 0x75d40000, 0x9e000000)
  object space 40704K, 14% used [0x73580000,0x73b50cf8,0x75d40000)
 PSPermGen       total 16384K, used 3836K [0x6f580000, 0x70580000, 0x73580000)
  object space 16384K, 23% used [0x6f580000,0x6f93f330,0x70580000)
Event: 6.445 GC heap after
Heap after GC invocations=4 (full 0):
 PSYoungGen      total 33280K, used 2558K [0x9e000000, 0xa0300000, 0xb3580000)
  eden space 30720K, 0% used [0x9e000000,0x9e000000,0x9fe00000)
  from space 2560K, 99% used [0xa0080000,0xa02ff9c0,0xa0300000)
  to   space 2560K, 0% used [0x9fe00000,0x9fe00000,0xa0080000)
 ParOldGen       total 40704K, used 8771K [0x73580000, 0x75d40000, 0x9e000000)
  object space 40704K, 21% used [0x73580000,0x73e10d40,0x75d40000)
 PSPermGen       total 16384K, used 3836K [0x6f580000, 0x70580000, 0x73580000)
  object space 16384K, 23% used [0x6f580000,0x6f93f330,0x70580000)
}
Event: 20.670 GC heap before
{Heap before GC invocations=5 (full 0):
 PSYoungGen      total 33280K, used 33278K [0x9e000000, 0xa0300000, 0xb3580000)
  eden space 30720K, 100% used [0x9e000000,0x9fe00000,0x9fe00000)
  from space 2560K, 99% used [0xa0080000,0xa02ff9c0,0xa0300000)
  to   space 2560K, 0% used [0x9fe00000,0x9fe00000,0xa0080000)
 ParOldGen       total 40704K, used 8771K [0x73580000, 0x75d40000, 0x9e000000)
  object space 40704K, 21% used [0x73580000,0x73e10d40,0x75d40000)
 PSPermGen       total 16384K, used 4004K [0x6f580000, 0x70580000, 0x73580000)
  object space 16384K, 24% used [0x6f580000,0x6f969278,0x70580000)
Event: 20.710 GC heap after
Heap after GC invocations=5 (full 0):
 PSYoungGen      total 33280K, used 2558K [0x9e000000, 0xa2880000, 0xb3580000)
  eden space 30720K, 0% used [0x9e000000,0x9e000000,0x9fe00000)
  from space 2560K, 99% used [0x9fe00000,0xa007f9b0,0xa0080000)
  to   space 6400K, 0% used [0xa2240000,0xa2240000,0xa2880000)
 ParOldGen       total 40704K, used 11723K [0x73580000, 0x75d40000, 0x9e000000)
  object space 40704K, 28% used [0x73580000,0x740f2d58,0x75d40000)
 PSPermGen       total 16384K, used 4004K [0x6f580000, 0x70580000, 0x73580000)
  object space 16384K, 24% used [0x6f580000,0x6f969278,0x70580000)
}

Deoptimization events (10 events):
Event: 13.001 Thread 0xb6707800 Uncommon trap: reason=class_check action=maybe_recompile pc=0xb36e2e20 method=java.util.Arrays.equals([Ljava/lang/Object;[Ljava/lang/Object;)Z @ 62
Event: 16.356 Thread 0xb6707800 Uncommon trap: reason=unstable_if action=reinterpret pc=0xb3724340 method=java.util.TreeMap.put(Ljava/lang/Object;Ljava/lang/Object;)Ljava/lang/Object; @ 163
Event: 23.802 Thread 0xb6707800 Uncommon trap: reason=unstable_if action=reinterpret pc=0xb36b949c method=java.lang.String.indexOf([CII[CIII)I @ 3
Event: 23.802 Thread 0xb6707800 Uncommon trap: reason=unstable_if action=reinterpret pc=0xb36debec method=java.util.Arrays.copyOf([Ljava/lang/Object;ILjava/lang/Class;)[Ljava/lang/Object; @ 4
Event: 24.462 Thread 0xb6707800 Uncommon trap: reason=class_check action=maybe_recompile pc=0xb3713a7c method=java.util.HashMap.<init>(IF)V @ 115
Event: 24.462 Thread 0xb6707800 Uncommon trap: reason=class_check action=maybe_recompile pc=0xb37a6840 method=java.util.HashMap.addEntry(ILjava/lang/Object;Ljava/lang/Object;I)V @ 65
Event: 24.462 Thread 0xb6707800 Uncommon trap: reason=class_check action=maybe_recompile pc=0xb37a6840 method=java.util.HashMap.addEntry(ILjava/lang/Object;Ljava/lang/Object;I)V @ 65
Event: 24.462 Thread 0xb6707800 Uncommon trap: reason=class_check action=maybe_recompile pc=0xb37a6840 method=java.util.HashMap.addEntry(ILjava/lang/Object;Ljava/lang/Object;I)V @ 65
Event: 24.462 Thread 0xb6707800 Uncommon trap: reason=class_check action=maybe_recompile pc=0xb37a6840 method=java.util.HashMap.addEntry(ILjava/lang/Object;Ljava/lang/Object;I)V @ 65
Event: 24.464 Thread 0xb6707800 Uncommon trap: reason=class_check action=maybe_recompile pc=0xb3713a7c method=java.util.HashMap.<init>(IF)V @ 115

Internal exceptions (10 events):
Event: 13.001 Thread 0xb6707800 Threw 0x9fa57940 at /HUDSON/workspace/7u-2-build-linux-i586/jdk7u80/2329/hotspot/src/share/vm/prims/jvm.cpp:1319
Event: 13.009 Thread 0xb6707800 Threw 0x9fa5abc8 at /HUDSON/workspace/7u-2-build-linux-i586/jdk7u80/2329/hotspot/src/share/vm/prims/jvm.cpp:1319
Event: 13.119 Thread 0xb6707800 Threw 0x9fa793d8 at /HUDSON/workspace/7u-2-build-linux-i586/jdk7u80/2329/hotspot/src/share/vm/prims/jvm.cpp:1319
Event: 16.945 Thread 0xb6707800 Threw 0x9fc9e7d8 at /HUDSON/workspace/7u-2-build-linux-i586/jdk7u80/2329/hotspot/src/share/vm/prims/jvm.cpp:1319
Event: 17.255 Thread 0xb6707800 Threw 0x9fcaa588 at /HUDSON/workspace/7u-2-build-linux-i586/jdk7u80/2329/hotspot/src/share/vm/prims/jvm.cpp:1319
Event: 20.617 Thread 0xb6707800 Threw 0x9fcad360 at /HUDSON/workspace/7u-2-build-linux-i586/jdk7u80/2329/hotspot/src/share/vm/prims/jvm.cpp:1319
Event: 20.744 Thread 0xb6707800 Threw 0x9e0b1238 at /HUDSON/workspace/7u-2-build-linux-i586/jdk7u80/2329/hotspot/src/share/vm/prims/jvm.cpp:1319
Event: 20.887 Thread 0xb6707800 Threw 0x9e141c98 at /HUDSON/workspace/7u-2-build-linux-i586/jdk7u80/2329/hotspot/src/share/vm/prims/jvm.cpp:1319
Event: 21.544 Thread 0xb6707800 Threw 0x9e147f28 at /HUDSON/workspace/7u-2-build-linux-i586/jdk7u80/2329/hotspot/src/share/vm/prims/jvm.cpp:1319
Event: 22.750 Thread 0xb6707800 Threw 0x9e184528 at /HUDSON/workspace/7u-2-build-linux-i586/jdk7u80/2329/hotspot/src/share/vm/prims/jvm.cpp:1319

Events (10 events):
Event: 24.592 loading class 0x6a61a960
Event: 24.592 loading class 0x6a61a960 done
Event: 24.703 loading class 0x6ef40598
Event: 24.718 loading class 0x6a61ad68
Event: 24.737 loading class 0x6a61ad68 done
Event: 24.737 loading class 0x6ef40598 done
Event: 24.737 loading class 0x6a61ad40
Event: 24.737 loading class 0x6a61ae38
Event: 24.737 loading class 0x6a61ae38 done
Event: 24.737 loading class 0x6a61ad40 done


Dynamic libraries:
08048000-08049000 r-xp 00000000 08:01 17053460   /usr/lib/jvm/java-7-oracle/bin/java
08049000-0804a000 rw-p 00000000 08:01 17053460   /usr/lib/jvm/java-7-oracle/bin/java
08ae5000-08b88000 rw-p 00000000 00:00 0          [heap]
69f00000-69ff4000 rw-p 00000000 00:00 0 
69ff4000-6a000000 ---p 00000000 00:00 0 
6a100000-6a1f1000 rw-p 00000000 00:00 0 
6a1f1000-6a200000 ---p 00000000 00:00 0 
6a200000-6a2f9000 rw-p 00000000 00:00 0 
6a2f9000-6a300000 ---p 00000000 00:00 0 
6a300000-6a3ff000 rw-p 00000000 00:00 0 
6a3ff000-6a400000 ---p 00000000 00:00 0 
6a400000-6a4fc000 rw-p 00000000 00:00 0 
6a4fc000-6a500000 ---p 00000000 00:00 0 
6a500000-6a5fb000 rw-p 00000000 00:00 0 
6a5fb000-6a600000 ---p 00000000 00:00 0 
6a600000-6a6fd000 rw-p 00000000 00:00 0 
6a6fd000-6a700000 ---p 00000000 00:00 0 
6a700000-6a7f1000 rw-p 00000000 00:00 0 
6a7f1000-6a800000 ---p 00000000 00:00 0 
6a800000-6a8fc000 rw-p 00000000 00:00 0 
6a8fc000-6a900000 ---p 00000000 00:00 0 
6aa00000-6aaeb000 rw-p 00000000 00:00 0 
6aaeb000-6ab00000 ---p 00000000 00:00 0 
6ab00000-6abff000 rw-p 00000000 00:00 0 
6abff000-6ac00000 ---p 00000000 00:00 0 
6ac00000-6ad00000 rw-p 00000000 00:00 0 
6ad00000-6adcc000 rw-p 00000000 00:00 0 
6adcc000-6ae00000 ---p 00000000 00:00 0 
6ae00000-6aefb000 rw-p 00000000 00:00 0 
6aefb000-6af00000 ---p 00000000 00:00 0 
6af00000-6affe000 rw-p 00000000 00:00 0 
6affe000-6b000000 ---p 00000000 00:00 0 
6b000000-6b0f9000 rw-p 00000000 00:00 0 
6b0f9000-6b100000 ---p 00000000 00:00 0 
6b100000-6b1fe000 rw-p 00000000 00:00 0 
6b1fe000-6b200000 ---p 00000000 00:00 0 
6b200000-6b2fb000 rw-p 00000000 00:00 0 
6b2fb000-6b300000 ---p 00000000 00:00 0 
6b300000-6b3f9000 rw-p 00000000 00:00 0 
6b3f9000-6b400000 ---p 00000000 00:00 0 
6b400000-6b4fe000 rw-p 00000000 00:00 0 
6b4fe000-6b500000 ---p 00000000 00:00 0 
6b500000-6b5fe000 rw-p 00000000 00:00 0 
6b5fe000-6b600000 ---p 00000000 00:00 0 
6b600000-6b6d0000 rw-p 00000000 00:00 0 
6b6d0000-6b700000 ---p 00000000 00:00 0 
6b7bc000-6b7bf000 ---p 00000000 00:00 0 
6b7bf000-6b80d000 rw-p 00000000 00:00 0 
6b80d000-6b810000 ---p 00000000 00:00 0 
6b810000-6b85e000 rw-p 00000000 00:00 0 
6b85e000-6b861000 ---p 00000000 00:00 0 
6b861000-6b8af000 rw-p 00000000 00:00 0 
6b8af000-6b8b2000 ---p 00000000 00:00 0 
6b8b2000-6b900000 rw-p 00000000 00:00 0 
6b900000-6b971000 rw-p 00000000 00:00 0 
6b971000-6ba00000 ---p 00000000 00:00 0 
6ba39000-6ba3c000 ---p 00000000 00:00 0 
6ba3c000-6ba8a000 rw-p 00000000 00:00 0 
6ba8a000-6ba8b000 ---p 00000000 00:00 0 
6ba8b000-6bb0b000 rw-p 00000000 00:00 0 
6bb0b000-6bb0e000 ---p 00000000 00:00 0 
6bb0e000-6bb5c000 rw-p 00000000 00:00 0 
6bb5c000-6bb5f000 ---p 00000000 00:00 0 
6bb5f000-6bbdd000 rw-p 00000000 00:00 0 
6bbdd000-6bbe0000 ---p 00000000 00:00 0 
6bbe0000-6bc5e000 rw-p 00000000 00:00 0 
6bc5e000-6bc61000 ---p 00000000 00:00 0 
6bc61000-6bcaf000 rw-p 00000000 00:00 0 
6bcaf000-6beaf000 r--p 00000000 08:01 16778780   /usr/lib/locale/locale-archive
6beaf000-6beb2000 ---p 00000000 00:00 0 
6beb2000-6bf00000 rw-p 00000000 00:00 0 
6bf00000-6c000000 rw-p 00000000 00:00 0 
6c000000-6c026000 rw-p 00000000 00:00 0 
6c026000-6c100000 ---p 00000000 00:00 0 
6c100000-6c1f4000 rw-p 00000000 00:00 0 
6c1f4000-6c200000 ---p 00000000 00:00 0 
6c234000-6c235000 ---p 00000000 00:00 0 
6c235000-6c300000 rw-p 00000000 00:00 0 
6c300000-6c4c0000 r--s 039fb000 08:01 16924997   /usr/lib/jvm/java-7-oracle/jre/lib/rt.jar
6c4c0000-6eb00000 rw-p 00000000 00:00 0 
6eb00000-6ebea000 rw-p 00000000 00:00 0 
6ebea000-6ec00000 ---p 00000000 00:00 0 
6ec09000-6ec1e000 r-xp 00000000 08:01 17040274   /usr/lib/jvm/java-7-oracle/jre/lib/i386/libnet.so
6ec1e000-6ec1f000 rw-p 00015000 08:01 17040274   /usr/lib/jvm/java-7-oracle/jre/lib/i386/libnet.so
6ec1f000-6ec2d000 r-xp 00000000 08:01 17040275   /usr/lib/jvm/java-7-oracle/jre/lib/i386/libnio.so
6ec2d000-6ec2e000 rw-p 0000e000 08:01 17040275   /usr/lib/jvm/java-7-oracle/jre/lib/i386/libnio.so
6ec2e000-6ec31000 ---p 00000000 00:00 0 
6ec31000-6ec7f000 rw-p 00000000 00:00 0 
6ec7f000-6ec80000 ---p 00000000 00:00 0 
6ec80000-6ed00000 rw-p 00000000 00:00 0 
6ed00000-6ed21000 rw-p 00000000 00:00 0 
6ed21000-6ee00000 ---p 00000000 00:00 0 
6ee00000-6ee21000 rw-p 00000000 00:00 0 
6ee21000-6ef00000 ---p 00000000 00:00 0 
6ef0a000-6ef7f000 rw-p 00000000 00:00 0 
6ef7f000-6ef80000 ---p 00000000 00:00 0 
6ef80000-6f000000 rw-p 00000000 00:00 0 
6f000000-6f021000 rw-p 00000000 00:00 0 
6f021000-6f100000 ---p 00000000 00:00 0 
6f107000-6f108000 ---p 00000000 00:00 0 
6f108000-6f188000 rw-p 00000000 00:00 0 
6f188000-6f189000 ---p 00000000 00:00 0 
6f189000-6f21d000 rw-p 00000000 00:00 0 
6f21d000-6f35f000 rw-p 00000000 00:00 0 
6f35f000-6f367000 rw-p 00000000 00:00 0 
6f367000-6f37f000 rw-p 00000000 00:00 0 
6f37f000-6f393000 rw-p 00000000 00:00 0 
6f393000-6f4d4000 rw-p 00000000 00:00 0 
6f4d4000-6f4f9000 rw-p 00000000 00:00 0 
6f4f9000-6f57f000 rw-p 00000000 00:00 0 
6f57f000-70580000 rw-p 00000000 00:00 0 
70580000-73580000 rw-p 00000000 00:00 0 
73580000-75d40000 rw-p 00000000 00:00 0 
75d40000-9e000000 rw-p 00000000 00:00 0 
9e000000-a2880000 rw-p 00000000 00:00 0 
a2880000-b3580000 rw-p 00000000 00:00 0 
b358c000-b3594000 rw-p 00000000 00:00 0 
b3594000-b35ac000 rw-p 00000000 00:00 0 
b35ac000-b35b5000 rw-p 00000000 00:00 0 
b35b5000-b366c000 rw-p 00000000 00:00 0 
b366c000-b38ac000 rwxp 00000000 00:00 0 
b38b4000-b666c000 rw-p 00000000 00:00 0 
b666c000-b6683000 r-xp 00000000 08:01 17040235   /usr/lib/jvm/java-7-oracle/jre/lib/i386/libzip.so
b6683000-b6684000 rw-p 00016000 08:01 17040235   /usr/lib/jvm/java-7-oracle/jre/lib/i386/libzip.so
b6684000-b668f000 r-xp 00000000 08:01 16398736   /lib/i386-linux-gnu/libnss_files-2.15.so
b668f000-b6690000 r--p 0000a000 08:01 16398736   /lib/i386-linux-gnu/libnss_files-2.15.so
b6690000-b6691000 rw-p 0000b000 08:01 16398736   /lib/i386-linux-gnu/libnss_files-2.15.so
b6691000-b669b000 r-xp 00000000 08:01 16398723   /lib/i386-linux-gnu/libnss_nis-2.15.so
b669b000-b669c000 r--p 00009000 08:01 16398723   /lib/i386-linux-gnu/libnss_nis-2.15.so
b669c000-b669d000 rw-p 0000a000 08:01 16398723   /lib/i386-linux-gnu/libnss_nis-2.15.so
b669d000-b66b3000 r-xp 00000000 08:01 16398746   /lib/i386-linux-gnu/libnsl-2.15.so
b66b3000-b66b4000 r--p 00015000 08:01 16398746   /lib/i386-linux-gnu/libnsl-2.15.so
b66b4000-b66b5000 rw-p 00016000 08:01 16398746   /lib/i386-linux-gnu/libnsl-2.15.so
b66b5000-b66b7000 rw-p 00000000 00:00 0 
b66bc000-b66cb000 r--s 000df000 08:01 28574710   /home/aniruddha/Android/EclipseAndSDK/android-all-linux/android-sdk-linux_x86/build-tools/23.0.0_rc2/lib/dx.jar
b66cb000-b66d3000 rw-s 00000000 08:01 28575826   /tmp/hsperfdata_root/6032
b66d3000-b66f6000 r-xp 00000000 08:01 17040135   /usr/lib/jvm/java-7-oracle/jre/lib/i386/libjava.so
b66f6000-b66f7000 rw-p 00023000 08:01 17040135   /usr/lib/jvm/java-7-oracle/jre/lib/i386/libjava.so
b66f7000-b66fe000 r-xp 00000000 08:01 16398738   /lib/i386-linux-gnu/librt-2.15.so
b66fe000-b66ff000 r--p 00006000 08:01 16398738   /lib/i386-linux-gnu/librt-2.15.so
b66ff000-b6700000 rw-p 00007000 08:01 16398738   /lib/i386-linux-gnu/librt-2.15.so
b6700000-b67f6000 rw-p 00000000 00:00 0 
b67f6000-b6800000 ---p 00000000 00:00 0 
b6805000-b6806000 rw-p 00000000 00:00 0 
b6806000-b6809000 ---p 00000000 00:00 0 
b6809000-b6857000 rw-p 00000000 00:00 0 
b6857000-b6881000 r-xp 00000000 08:01 16398747   /lib/i386-linux-gnu/libm-2.15.so
b6881000-b6882000 r--p 00029000 08:01 16398747   /lib/i386-linux-gnu/libm-2.15.so
b6882000-b6883000 rw-p 0002a000 08:01 16398747   /lib/i386-linux-gnu/libm-2.15.so
b6883000-b710a000 r-xp 00000000 08:01 17040223   /usr/lib/jvm/java-7-oracle/jre/lib/i386/server/libjvm.so
b710a000-b716e000 rw-p 00886000 08:01 17040223   /usr/lib/jvm/java-7-oracle/jre/lib/i386/server/libjvm.so
b716e000-b7592000 rw-p 00000000 00:00 0 
b7592000-b7735000 r-xp 00000000 08:01 16398751   /lib/i386-linux-gnu/libc-2.15.so
b7735000-b7737000 r--p 001a3000 08:01 16398751   /lib/i386-linux-gnu/libc-2.15.so
b7737000-b7738000 rw-p 001a5000 08:01 16398751   /lib/i386-linux-gnu/libc-2.15.so
b7738000-b773b000 rw-p 00000000 00:00 0 
b773b000-b773e000 r-xp 00000000 08:01 16398749   /lib/i386-linux-gnu/libdl-2.15.so
b773e000-b773f000 r--p 00002000 08:01 16398749   /lib/i386-linux-gnu/libdl-2.15.so
b773f000-b7740000 rw-p 00003000 08:01 16398749   /lib/i386-linux-gnu/libdl-2.15.so
b7740000-b7741000 rw-p 00000000 00:00 0 
b7741000-b7755000 r-xp 00000000 08:01 17059199   /usr/lib/jvm/java-7-oracle/lib/i386/jli/libjli.so
b7755000-b7756000 rw-p 00013000 08:01 17059199   /usr/lib/jvm/java-7-oracle/lib/i386/jli/libjli.so
b7756000-b776d000 r-xp 00000000 08:01 16398734   /lib/i386-linux-gnu/libpthread-2.15.so
b776d000-b776e000 r--p 00016000 08:01 16398734   /lib/i386-linux-gnu/libpthread-2.15.so
b776e000-b776f000 rw-p 00017000 08:01 16398734   /lib/i386-linux-gnu/libpthread-2.15.so
b776f000-b7771000 rw-p 00000000 00:00 0 
b7771000-b7775000 r--s 0008b000 08:01 16924992   /usr/lib/jvm/java-7-oracle/jre/lib/jsse.jar
b7775000-b7776000 r--p 002c5000 08:01 16778780   /usr/lib/locale/locale-archive
b7776000-b777d000 r-xp 00000000 08:01 16398750   /lib/i386-linux-gnu/libnss_compat-2.15.so
b777d000-b777e000 r--p 00006000 08:01 16398750   /lib/i386-linux-gnu/libnss_compat-2.15.so
b777e000-b777f000 rw-p 00007000 08:01 16398750   /lib/i386-linux-gnu/libnss_compat-2.15.so
b777f000-b7780000 rw-p 00000000 00:00 0 
b7780000-b7781000 ---p 00000000 00:00 0 
b7781000-b778c000 r-xp 00000000 08:01 17040207   /usr/lib/jvm/java-7-oracle/jre/lib/i386/libverify.so
b778c000-b778d000 rw-p 0000b000 08:01 17040207   /usr/lib/jvm/java-7-oracle/jre/lib/i386/libverify.so
b778d000-b778f000 rw-p 00000000 00:00 0 
b778f000-b7790000 r-xp 00000000 00:00 0          [vdso]
b7790000-b77b0000 r-xp 00000000 08:01 16398739   /lib/i386-linux-gnu/ld-2.15.so
b77b0000-b77b1000 r--p 0001f000 08:01 16398739   /lib/i386-linux-gnu/ld-2.15.so
b77b1000-b77b2000 rw-p 00020000 08:01 16398739   /lib/i386-linux-gnu/ld-2.15.so
bfa99000-bfa9a000 rwxp 00000000 00:00 0 
bfacc000-bfaed000 rw-p 00000000 00:00 0          [stack]

VM Arguments:
jvm_args: -Xmx1024M -Dfile.encoding=UTF-8 -Duser.country=US -Duser.language=en -Duser.variant 
java_command: com.android.dx.command.Main --dex --num-threads=4 --output /home/aniruddha/Android/studio/workspaces/2015/June/InterActivityCom/app/build/intermediates/pre-dexed/debug/internal_impl-22.2.0-7ff0d4135c7b945cc9584decd9ed46d621f0c177.jar /home/aniruddha/Android/studio/workspaces/2015/June/InterActivityCom/app/build/intermediates/exploded-aar/com.android.support/support-v4/22.2.0/jars/libs/internal_impl-22.2.0.jar
Launcher Type: SUN_STANDARD

Environment Variables:
JAVA_HOME=/usr/lib/jvm/java-8-oracle
CLASSPATH=./../lib/bootstrap.jar:./../lib/extensions.jar:./../lib/util.jar:./../lib/jdom.jar:./../lib/log4j.jar:./../lib/trove4j.jar:./../lib/jna.jar:/usr/lib/jvm/java-8-oracle/lib/tools.jar
PATH=/usr/local/sbin:/usr/local/bin:/usr/sbin:/usr/bin:/sbin:/bin:/usr/games:/usr/local/apache-maven/apache-maven-3.1.1/bin
USERNAME=root
LD_LIBRARY_PATH=.:
SHELL=/bin/bash
DISPLAY=:0.0

Signal Handlers:
SIGSEGV: [libjvm.so+0x7eb160], sa_mask[0]=0x7ffbfeff, sa_flags=0x10000004
SIGBUS: [libjvm.so+0x7eb160], sa_mask[0]=0x7ffbfeff, sa_flags=0x10000004
SIGFPE: [libjvm.so+0x684ac0], sa_mask[0]=0x7ffbfeff, sa_flags=0x10000004
SIGPIPE: [libjvm.so+0x684ac0], sa_mask[0]=0x7ffbfeff, sa_flags=0x10000004
SIGXFSZ: [libjvm.so+0x684ac0], sa_mask[0]=0x7ffbfeff, sa_flags=0x10000004
SIGILL: [libjvm.so+0x684ac0], sa_mask[0]=0x7ffbfeff, sa_flags=0x10000004
SIGUSR1: SIG_DFL, sa_mask[0]=0x00000000, sa_flags=0x00000000
SIGUSR2: [libjvm.so+0x686330], sa_mask[0]=0x00000004, sa_flags=0x10000004
SIGHUP: [libjvm.so+0x687660], sa_mask[0]=0x7ffbfeff, sa_flags=0x10000004
SIGINT: [libjvm.so+0x687660], sa_mask[0]=0x7ffbfeff, sa_flags=0x10000004
SIGTERM: [libjvm.so+0x687660], sa_mask[0]=0x7ffbfeff, sa_flags=0x10000004
SIGQUIT: [libjvm.so+0x687660], sa_mask[0]=0x7ffbfeff, sa_flags=0x10000004


---------------  S Y S T E M  ---------------

OS:wheezy/sid

uname:Linux 3.2.0-86-generic-pae #123-Ubuntu SMP Sun Jun 14 18:30:54 UTC 2015 i686
libc:glibc 2.15 NPTL 2.15 
rlimit: STACK 8192k, CORE 0k, NPROC 30490, NOFILE 4096, AS infinity
load average:10.54 3.51 2.36

/proc/meminfo:
MemTotal:        3917404 kB
MemFree:          287960 kB
Buffers:            1776 kB
Cached:           338740 kB
SwapCached:            0 kB
Active:          3214472 kB
Inactive:         319912 kB
Active(anon):    3202096 kB
Inactive(anon):   303964 kB
Active(file):      12376 kB
Inactive(file):    15948 kB
Unevictable:           0 kB
Mlocked:               0 kB
HighTotal:       3075160 kB
HighFree:          84352 kB
LowTotal:         842244 kB
LowFree:          203608 kB
SwapTotal:             0 kB
SwapFree:              0 kB
Dirty:                76 kB
Writeback:           592 kB
AnonPages:       3194136 kB
Mapped:            43152 kB
Shmem:            311948 kB
Slab:              45184 kB
SReclaimable:      21368 kB
SUnreclaim:        23816 kB
KernelStack:        5656 kB
PageTables:        16632 kB
NFS_Unstable:          0 kB
Bounce:                0 kB
WritebackTmp:          0 kB
CommitLimit:     1958700 kB
Committed_AS:    8616180 kB
VmallocTotal:     122880 kB
VmallocUsed:       23400 kB
VmallocChunk:      98204 kB
HardwareCorrupted:     0 kB
AnonHugePages:         0 kB
HugePages_Total:       0
HugePages_Free:        0
HugePages_Rsvd:        0
HugePages_Surp:        0
Hugepagesize:       2048 kB
DirectMap4k:       10232 kB
DirectMap2M:      903168 kB


CPU:total 4 (2 cores per cpu, 2 threads per core) family 6 model 37 stepping 5, cmov, cx8, fxsr, mmx, sse, sse2, sse3, ssse3, sse4.1, sse4.2, popcnt, ht, tsc, tscinvbit

/proc/cpuinfo:
processor	: 0
vendor_id	: GenuineIntel
cpu family	: 6
model		: 37
model name	: Intel(R) Core(TM) i3 CPU       M 370  @ 2.40GHz
stepping	: 5
microcode	: 0x2
cpu MHz		: 1596.000
cache size	: 3072 KB
physical id	: 0
siblings	: 4
core id		: 0
cpu cores	: 2
apicid		: 0
initial apicid	: 0
fdiv_bug	: no
hlt_bug		: no
f00f_bug	: no
coma_bug	: no
fpu		: yes
fpu_exception	: yes
cpuid level	: 11
wp		: yes
flags		: fpu vme de pse tsc msr pae mce cx8 apic sep mtrr pge mca cmov pat pse36 clflush dts acpi mmx fxsr sse sse2 ss ht tm pbe nx rdtscp lm constant_tsc arch_perfmon pebs bts xtopology nonstop_tsc aperfmperf pni dtes64 monitor ds_cpl vmx est tm2 ssse3 cx16 xtpr pdcm pcid sse4_1 sse4_2 popcnt lahf_lm arat dtherm tpr_shadow vnmi flexpriority ept vpid
bogomips	: 4787.62
clflush size	: 64
cache_alignment	: 64
address sizes	: 36 bits physical, 48 bits virtual
power management:

processor	: 1
vendor_id	: GenuineIntel
cpu family	: 6
model		: 37
model name	: Intel(R) Core(TM) i3 CPU       M 370  @ 2.40GHz
stepping	: 5
microcode	: 0x2
cpu MHz		: 1330.000
cache size	: 3072 KB
physical id	: 0
siblings	: 4
core id		: 2
cpu cores	: 2
apicid		: 4
initial apicid	: 4
fdiv_bug	: no
hlt_bug		: no
f00f_bug	: no
coma_bug	: no
fpu		: yes
fpu_exception	: yes
cpuid level	: 11
wp		: yes
flags		: fpu vme de pse tsc msr pae mce cx8 apic sep mtrr pge mca cmov pat pse36 clflush dts acpi mmx fxsr sse sse2 ss ht tm pbe nx rdtscp lm constant_tsc arch_perfmon pebs bts xtopology nonstop_tsc aperfmperf pni dtes64 monitor ds_cpl vmx est tm2 ssse3 cx16 xtpr pdcm pcid sse4_1 sse4_2 popcnt lahf_lm arat dtherm tpr_shadow vnmi flexpriority ept vpid
bogomips	: 4787.74
clflush size	: 64
cache_alignment	: 64
address sizes	: 36 bits physical, 48 bits virtual
power management:

processor	: 2
vendor_id	: GenuineIntel
cpu family	: 6
model		: 37
model name	: Intel(R) Core(TM) i3 CPU       M 370  @ 2.40GHz
stepping	: 5
microcode	: 0x2
cpu MHz		: 1330.000
cache size	: 3072 KB
physical id	: 0
siblings	: 4
core id		: 0
cpu cores	: 2
apicid		: 1
initial apicid	: 1
fdiv_bug	: no
hlt_bug		: no
f00f_bug	: no
coma_bug	: no
fpu		: yes
fpu_exception	: yes
cpuid level	: 11
wp		: yes
flags		: fpu vme de pse tsc msr pae mce cx8 apic sep mtrr pge mca cmov pat pse36 clflush dts acpi mmx fxsr sse sse2 ss ht tm pbe nx rdtscp lm constant_tsc arch_perfmon pebs bts xtopology nonstop_tsc aperfmperf pni dtes64 monitor ds_cpl vmx est tm2 ssse3 cx16 xtpr pdcm pcid sse4_1 sse4_2 popcnt lahf_lm arat dtherm tpr_shadow vnmi flexpriority ept vpid
bogomips	: 4787.74
clflush size	: 64
cache_alignment	: 64
address sizes	: 36 bits physical, 48 bits virtual
power management:

processor	: 3
vendor_id	: GenuineIntel
cpu family	: 6
model		: 37
model name	: Intel(R) Core(TM) i3 CPU       M 370  @ 2.40GHz
stepping	: 5
microcode	: 0x2
cpu MHz		: 2128.000
cache size	: 3072 KB
physical id	: 0
siblings	: 4
core id		: 2
cpu cores	: 2
apicid		: 5
initial apicid	: 5
fdiv_bug	: no
hlt_bug		: no
f00f_bug	: no
coma_bug	: no
fpu		: yes
fpu_exception	: yes
cpuid level	: 11
wp		: yes
flags		: fpu vme de pse tsc msr pae mce cx8 apic sep mtrr pge mca cmov pat pse36 clflush dts acpi mmx fxsr sse sse2 ss ht tm pbe nx rdtscp lm constant_tsc arch_perfmon pebs bts xtopology nonstop_tsc aperfmperf pni dtes64 monitor ds_cpl vmx est tm2 ssse3 cx16 xtpr pdcm pcid sse4_1 sse4_2 popcnt lahf_lm arat dtherm tpr_shadow vnmi flexpriority ept vpid
bogomips	: 4787.74
clflush size	: 64
cache_alignment	: 64
address sizes	: 36 bits physical, 48 bits virtual
power management:



Memory: 4k page, physical 3917404k(287960k free), swap 0k(0k free)

vm_info: Java HotSpot(TM) Server VM (24.80-b11) for linux-x86 JRE (1.7.0_80-b15), built on Apr 10 2015 12:29:10 by "java_re" with gcc 4.3.0 20080428 (Red Hat 4.3.0-8)

time: Thu Jun 18 09:21:19 2015
elapsed time: 28 seconds

